<?xml version="1.0" encoding="UTF-8"?>
<!-- Generated by org.testng.reporters.JUnitXMLReporter -->
<testsuite ignored="14" hostname="LTB0216523-MAC-2.local" failures="1" tests="138" name="Surefire test" time="24.36" errors="0" timestamp="18 May 2022 07:45:41 GMT">
  <testcase classname="com.airtel.RestAssured.Adtech.Tests.sms.AudienceTest" name="@BeforeMethod createUserCompany" time="1.917">
    <failure type="java.lang.AssertionError" message="expected [true] but found [false]">
      <![CDATA[java.lang.AssertionError: expected [true] but found [false]
	at com.airtel.helper.common.ApiHelper.fetchApiResponse(ApiHelper.java:653)
	at com.airtel.helper.common.ApiHelper.postResponseWithHeaders(ApiHelper.java:577)
	at com.airtel.teams.common.CommonApi.getPostResponseWithStatusCode(CommonApi.java:344)
	at com.airtel.adtech.adaptor.userOnboard.OnboardUserIAdaptormpl.signUpUser(OnboardUserIAdaptormpl.java:50)
	at com.airtel.adtech.manager.OnboardApiManager.createUser(OnboardApiManager.java:84)
	at com.airtel.adtech.manager.OnboardApiManager.createUserCompanyAdtech(OnboardApiManager.java:43)
	at com.airtel.RestAssured.Adtech.Tests.sms.AudienceTest.createUserCompany(AudienceTest.java:124)
... Removed 35 stack frames]]>
    </failure>
  </testcase> <!-- @BeforeMethod createUserCompany -->
  <testcase classname="com.airtel.RestAssured.Adtech.Tests.sms.AudienceTest" name="@BeforeMethod createUserCompany" time="0.0">
    <skipped/>
  </testcase> <!-- @BeforeMethod createUserCompany -->
  <testcase classname="com.airtel.RestAssured.Adtech.Tests.sms.AudienceTest" name="@BeforeMethod createUserCompany" time="0.0">
    <skipped/>
  </testcase> <!-- @BeforeMethod createUserCompany -->
  <testcase classname="com.airtel.RestAssured.Adtech.Tests.sms.AudienceTest" name="@BeforeMethod createUserCompany" time="0.0">
    <skipped/>
  </testcase> <!-- @BeforeMethod createUserCompany -->
  <testcase classname="com.airtel.RestAssured.Adtech.Tests.sms.AudienceTest" name="@BeforeMethod createUserCompany" time="0.0">
    <skipped/>
  </testcase> <!-- @BeforeMethod createUserCompany -->
  <testcase classname="com.airtel.RestAssured.Adtech.Tests.sms.CampaignTest" name="@BeforeMethod createUserCompany" time="1.72">
    <failure type="java.lang.AssertionError" message="expected [true] but found [false]">
      <![CDATA[java.lang.AssertionError: expected [true] but found [false]
	at com.airtel.helper.common.ApiHelper.fetchApiResponse(ApiHelper.java:653)
	at com.airtel.helper.common.ApiHelper.postResponseWithHeaders(ApiHelper.java:577)
	at com.airtel.teams.common.CommonApi.getPostResponseWithStatusCode(CommonApi.java:344)
	at com.airtel.adtech.adaptor.userOnboard.OnboardUserIAdaptormpl.signUpUser(OnboardUserIAdaptormpl.java:50)
	at com.airtel.adtech.manager.OnboardApiManager.createUser(OnboardApiManager.java:84)
	at com.airtel.adtech.manager.OnboardApiManager.createUserCompanyAdtech(OnboardApiManager.java:43)
	at com.airtel.RestAssured.Adtech.Tests.sms.CampaignTest.createUserCompany(CampaignTest.java:142)
... Removed 35 stack frames]]>
    </failure>
  </testcase> <!-- @BeforeMethod createUserCompany -->
  <testcase classname="com.airtel.RestAssured.Adtech.Tests.sms.SmsDLTTest" name="@BeforeMethod createUserCompany" time="1.586">
    <failure type="java.lang.AssertionError" message="expected [true] but found [false]">
      <![CDATA[java.lang.AssertionError: expected [true] but found [false]
	at com.airtel.helper.common.ApiHelper.fetchApiResponse(ApiHelper.java:653)
	at com.airtel.helper.common.ApiHelper.postResponseWithHeaders(ApiHelper.java:577)
	at com.airtel.teams.common.CommonApi.getPostResponseWithStatusCode(CommonApi.java:344)
	at com.airtel.adtech.adaptor.userOnboard.OnboardUserIAdaptormpl.signUpUser(OnboardUserIAdaptormpl.java:50)
	at com.airtel.adtech.manager.OnboardApiManager.createUser(OnboardApiManager.java:84)
	at com.airtel.adtech.manager.OnboardApiManager.createUserCompanyAdtech(OnboardApiManager.java:43)
	at com.airtel.RestAssured.Adtech.Tests.sms.SmsDLTTest.createUserCompany(SmsDLTTest.java:124)
... Removed 35 stack frames]]>
    </failure>
  </testcase> <!-- @BeforeMethod createUserCompany -->
  <testcase classname="com.airtel.RestAssured.Adtech.Tests.sms.AdminTest" name="@BeforeMethod createUserCompany" time="1.551">
    <failure type="java.lang.AssertionError" message="expected [true] but found [false]">
      <![CDATA[java.lang.AssertionError: expected [true] but found [false]
	at com.airtel.helper.common.ApiHelper.fetchApiResponse(ApiHelper.java:653)
	at com.airtel.helper.common.ApiHelper.postResponseWithHeaders(ApiHelper.java:577)
	at com.airtel.teams.common.CommonApi.getPostResponseWithStatusCode(CommonApi.java:344)
	at com.airtel.adtech.adaptor.userOnboard.OnboardUserIAdaptormpl.signUpUser(OnboardUserIAdaptormpl.java:50)
	at com.airtel.adtech.manager.OnboardApiManager.createUser(OnboardApiManager.java:84)
	at com.airtel.adtech.manager.OnboardApiManager.createUserCompanyAdtech(OnboardApiManager.java:43)
	at com.airtel.RestAssured.Adtech.Tests.sms.AdminTest.createUserCompany(AdminTest.java:156)
... Removed 35 stack frames]]>
    </failure>
  </testcase> <!-- @BeforeMethod createUserCompany -->
  <testcase classname="com.airtel.RestAssured.Adtech.Tests.sms.AnalyticsTimeSlotTest" name="@BeforeMethod createUserCompany" time="1.635">
    <failure type="java.lang.AssertionError" message="expected [true] but found [false]">
      <![CDATA[java.lang.AssertionError: expected [true] but found [false]
	at com.airtel.helper.common.ApiHelper.fetchApiResponse(ApiHelper.java:653)
	at com.airtel.helper.common.ApiHelper.postResponseWithHeaders(ApiHelper.java:577)
	at com.airtel.teams.common.CommonApi.getPostResponseWithStatusCode(CommonApi.java:344)
	at com.airtel.adtech.adaptor.userOnboard.OnboardUserIAdaptormpl.signUpUser(OnboardUserIAdaptormpl.java:50)
	at com.airtel.adtech.manager.OnboardApiManager.createUser(OnboardApiManager.java:84)
	at com.airtel.adtech.manager.OnboardApiManager.createUserCompanyAdtech(OnboardApiManager.java:43)
	at com.airtel.RestAssured.Adtech.Tests.sms.AnalyticsTimeSlotTest.createUserCompany(AnalyticsTimeSlotTest.java:145)
... Removed 35 stack frames]]>
    </failure>
  </testcase> <!-- @BeforeMethod createUserCompany -->
  <testcase classname="com.airtel.RestAssured.Adtech.Tests.billing.InvoiceTest" name="@BeforeMethod createUserCompany" time="1.759">
    <failure type="java.lang.AssertionError" message="expected [true] but found [false]">
      <![CDATA[java.lang.AssertionError: expected [true] but found [false]
	at com.airtel.helper.common.ApiHelper.fetchApiResponse(ApiHelper.java:653)
	at com.airtel.helper.common.ApiHelper.postResponseWithHeaders(ApiHelper.java:577)
	at com.airtel.teams.common.CommonApi.getPostResponseWithStatusCode(CommonApi.java:344)
	at com.airtel.adtech.adaptor.userOnboard.OnboardUserIAdaptormpl.signUpUser(OnboardUserIAdaptormpl.java:50)
	at com.airtel.adtech.manager.OnboardApiManager.createUser(OnboardApiManager.java:84)
	at com.airtel.adtech.manager.OnboardApiManager.createUserCompanyAdtech(OnboardApiManager.java:43)
	at com.airtel.RestAssured.Adtech.Tests.billing.InvoiceTest.createUserCompany(InvoiceTest.java:131)
... Removed 35 stack frames]]>
    </failure>
  </testcase> <!-- @BeforeMethod createUserCompany -->
  <testcase classname="com.airtel.RestAssured.Adtech.Tests.billing.ReceiptTest" name="@BeforeClass setEnvironment" time="4.419">
    <failure type="java.lang.NullPointerException" message="Cannot invoke &amp;quot;String.toCharArray()&amp;quot; because &amp;quot;val&amp;quot; is null">
      <![CDATA[java.lang.NullPointerException: Cannot invoke "String.toCharArray()" because "val" is null
	at java.base/java.math.BigDecimal.<init>(BigDecimal.java:896)
	at com.airtel.adtech.manager.BillingAdtechApiManager.<init>(BillingAdtechApiManager.java:72)
	at com.airtel.RestAssured.Adtech.Tests.billing.ReceiptTest.setEnvironment(ReceiptTest.java:99)
... Removed 29 stack frames]]>
    </failure>
  </testcase> <!-- @BeforeClass setEnvironment -->
  <testcase classname="com.airtel.RestAssured.Adtech.Tests.billing.ReceiptTest" name="@BeforeMethod createUserCompany" time="0.0">
    <skipped/>
  </testcase> <!-- @BeforeMethod createUserCompany -->
  <testcase classname="com.airtel.RestAssured.Adtech.Tests.sms.TestSMSApiTest" name="@BeforeMethod createUserCompany" time="1.632">
    <failure type="java.lang.AssertionError" message="expected [true] but found [false]">
      <![CDATA[java.lang.AssertionError: expected [true] but found [false]
	at com.airtel.helper.common.ApiHelper.fetchApiResponse(ApiHelper.java:653)
	at com.airtel.helper.common.ApiHelper.postResponseWithHeaders(ApiHelper.java:577)
	at com.airtel.teams.common.CommonApi.getPostResponseWithStatusCode(CommonApi.java:344)
	at com.airtel.adtech.adaptor.userOnboard.OnboardUserIAdaptormpl.signUpUser(OnboardUserIAdaptormpl.java:50)
	at com.airtel.adtech.manager.OnboardApiManager.createUser(OnboardApiManager.java:84)
	at com.airtel.adtech.manager.OnboardApiManager.createUserCompanyAdtech(OnboardApiManager.java:43)
	at com.airtel.RestAssured.Adtech.Tests.sms.TestSMSApiTest.createUserCompany(TestSMSApiTest.java:91)
... Removed 35 stack frames]]>
    </failure>
  </testcase> <!-- @BeforeMethod createUserCompany -->
  <testcase classname="com.airtel.RestAssured.Adtech.Tests.sms.CampaignTest" name="@BeforeMethod createUserCompany" time="0.0">
    <skipped/>
  </testcase> <!-- @BeforeMethod createUserCompany -->
  <testcase classname="com.airtel.RestAssured.Adtech.Tests.sms.SmsDLTTest" name="@BeforeMethod createUserCompany" time="0.0">
    <skipped/>
  </testcase> <!-- @BeforeMethod createUserCompany -->
  <testcase classname="com.airtel.RestAssured.Adtech.Tests.sms.AdminTest" name="@BeforeMethod createUserCompany" time="0.0">
    <skipped/>
  </testcase> <!-- @BeforeMethod createUserCompany -->
  <testcase classname="com.airtel.RestAssured.Adtech.Tests.billing.InvoiceTest" name="@BeforeMethod createUserCompany" time="0.0">
    <skipped/>
  </testcase> <!-- @BeforeMethod createUserCompany -->
  <testcase classname="com.airtel.RestAssured.Adtech.Tests.billing.ReceiptTest" name="@BeforeMethod createUserCompany" time="0.0">
    <skipped/>
  </testcase> <!-- @BeforeMethod createUserCompany -->
  <testcase classname="com.airtel.RestAssured.Adtech.Tests.sms.TestSMSApiTest" name="@BeforeMethod createUserCompany" time="0.0">
    <skipped/>
  </testcase> <!-- @BeforeMethod createUserCompany -->
  <testcase classname="com.airtel.RestAssured.Adtech.Tests.sms.CampaignTest" name="@BeforeMethod createUserCompany" time="0.0">
    <skipped/>
  </testcase> <!-- @BeforeMethod createUserCompany -->
  <testcase classname="com.airtel.RestAssured.Adtech.Tests.sms.SmsDLTTest" name="@BeforeMethod createUserCompany" time="0.0">
    <skipped/>
  </testcase> <!-- @BeforeMethod createUserCompany -->
  <testcase classname="com.airtel.RestAssured.Adtech.Tests.sms.AdminTest" name="@BeforeMethod createUserCompany" time="0.0">
    <skipped/>
  </testcase> <!-- @BeforeMethod createUserCompany -->
  <testcase classname="com.airtel.RestAssured.Adtech.Tests.billing.InvoiceTest" name="@BeforeMethod createUserCompany" time="0.0">
    <skipped/>
  </testcase> <!-- @BeforeMethod createUserCompany -->
  <testcase classname="com.airtel.RestAssured.Adtech.Tests.billing.ReceiptTest" name="@BeforeMethod createUserCompany" time="0.0">
    <skipped/>
  </testcase> <!-- @BeforeMethod createUserCompany -->
  <testcase classname="com.airtel.RestAssured.Adtech.Tests.sms.TestSMSApiTest" name="@BeforeMethod createUserCompany" time="0.0">
    <skipped/>
  </testcase> <!-- @BeforeMethod createUserCompany -->
  <testcase classname="com.airtel.RestAssured.Adtech.Tests.sms.AnalyticsTimeSlotTest" name="@BeforeMethod createUserCompany" time="0.0">
    <skipped/>
  </testcase> <!-- @BeforeMethod createUserCompany -->
  <testcase classname="com.airtel.RestAssured.Adtech.Tests.sms.CampaignTest" name="@BeforeMethod createUserCompany" time="0.0">
    <skipped/>
  </testcase> <!-- @BeforeMethod createUserCompany -->
  <testcase classname="com.airtel.RestAssured.Adtech.Tests.sms.SmsDLTTest" name="@BeforeMethod createUserCompany" time="0.0">
    <skipped/>
  </testcase> <!-- @BeforeMethod createUserCompany -->
  <testcase classname="com.airtel.RestAssured.Adtech.Tests.sms.AdminTest" name="@BeforeMethod createUserCompany" time="0.0">
    <skipped/>
  </testcase> <!-- @BeforeMethod createUserCompany -->
  <testcase classname="com.airtel.RestAssured.Adtech.Tests.sms.AnalyticsTimeSlotTest" name="@BeforeMethod createUserCompany" time="0.0">
    <skipped/>
  </testcase> <!-- @BeforeMethod createUserCompany -->
  <testcase classname="com.airtel.RestAssured.Adtech.Tests.billing.InvoiceTest" name="@BeforeMethod createUserCompany" time="0.0">
    <skipped/>
  </testcase> <!-- @BeforeMethod createUserCompany -->
  <testcase classname="com.airtel.RestAssured.Adtech.Tests.billing.ReceiptTest" name="@BeforeMethod createUserCompany" time="0.0">
    <skipped/>
  </testcase> <!-- @BeforeMethod createUserCompany -->
  <testcase classname="com.airtel.RestAssured.Adtech.Tests.sms.TestSMSApiTest" name="@BeforeMethod createUserCompany" time="0.0">
    <skipped/>
  </testcase> <!-- @BeforeMethod createUserCompany -->
  <testcase classname="com.airtel.RestAssured.Adtech.Tests.sms.CampaignTest" name="@BeforeMethod createUserCompany" time="0.0">
    <skipped/>
  </testcase> <!-- @BeforeMethod createUserCompany -->
  <testcase classname="com.airtel.RestAssured.Adtech.Tests.sms.SmsDLTTest" name="@BeforeMethod createUserCompany" time="0.0">
    <skipped/>
  </testcase> <!-- @BeforeMethod createUserCompany -->
  <testcase classname="com.airtel.RestAssured.Adtech.Tests.sms.AdminTest" name="@BeforeMethod createUserCompany" time="0.0">
    <skipped/>
  </testcase> <!-- @BeforeMethod createUserCompany -->
  <testcase classname="com.airtel.RestAssured.Adtech.Tests.billing.ReceiptTest" name="@BeforeMethod createUserCompany" time="0.0">
    <skipped/>
  </testcase> <!-- @BeforeMethod createUserCompany -->
  <testcase classname="com.airtel.RestAssured.Adtech.Tests.sms.TestSMSApiTest" name="@BeforeMethod createUserCompany" time="0.0">
    <skipped/>
  </testcase> <!-- @BeforeMethod createUserCompany -->
  <testcase classname="com.airtel.RestAssured.Adtech.Tests.sms.AnalyticsTimeSlotTest" name="@BeforeMethod createUserCompany" time="0.0">
    <skipped/>
  </testcase> <!-- @BeforeMethod createUserCompany -->
  <testcase classname="com.airtel.RestAssured.Adtech.Tests.sms.CampaignTest" name="@BeforeMethod createUserCompany" time="0.0">
    <skipped/>
  </testcase> <!-- @BeforeMethod createUserCompany -->
  <testcase classname="com.airtel.RestAssured.Adtech.Tests.sms.SmsDLTTest" name="@BeforeMethod createUserCompany" time="0.0">
    <skipped/>
  </testcase> <!-- @BeforeMethod createUserCompany -->
  <testcase classname="com.airtel.RestAssured.Adtech.Tests.sms.AdminTest" name="@BeforeMethod createUserCompany" time="0.0">
    <skipped/>
  </testcase> <!-- @BeforeMethod createUserCompany -->
  <testcase classname="com.airtel.RestAssured.Adtech.Tests.billing.InvoiceTest" name="@BeforeMethod createUserCompany" time="0.0">
    <skipped/>
  </testcase> <!-- @BeforeMethod createUserCompany -->
  <testcase classname="com.airtel.RestAssured.Adtech.Tests.billing.ReceiptTest" name="@BeforeMethod createUserCompany" time="0.0">
    <skipped/>
  </testcase> <!-- @BeforeMethod createUserCompany -->
  <testcase classname="com.airtel.RestAssured.Adtech.Tests.sms.TestSMSApiTest" name="@BeforeMethod createUserCompany" time="0.0">
    <skipped/>
  </testcase> <!-- @BeforeMethod createUserCompany -->
  <testcase classname="com.airtel.RestAssured.Adtech.Tests.sms.AnalyticsTimeSlotTest" name="@BeforeMethod createUserCompany" time="0.0">
    <skipped/>
  </testcase> <!-- @BeforeMethod createUserCompany -->
  <testcase classname="com.airtel.RestAssured.Adtech.Tests.sms.CampaignTest" name="@BeforeMethod createUserCompany" time="0.0">
    <skipped/>
  </testcase> <!-- @BeforeMethod createUserCompany -->
  <testcase classname="com.airtel.RestAssured.Adtech.Tests.sms.SmsDLTTest" name="@BeforeMethod createUserCompany" time="0.0">
    <skipped/>
  </testcase> <!-- @BeforeMethod createUserCompany -->
  <testcase classname="com.airtel.RestAssured.Adtech.Tests.sms.AdminTest" name="@BeforeMethod createUserCompany" time="0.0">
    <skipped/>
  </testcase> <!-- @BeforeMethod createUserCompany -->
  <testcase classname="com.airtel.RestAssured.Adtech.Tests.billing.InvoiceTest" name="@BeforeMethod createUserCompany" time="0.0">
    <skipped/>
  </testcase> <!-- @BeforeMethod createUserCompany -->
  <testcase classname="com.airtel.RestAssured.Adtech.Tests.sms.TestSMSApiTest" name="@BeforeMethod createUserCompany" time="0.0">
    <skipped/>
  </testcase> <!-- @BeforeMethod createUserCompany -->
  <testcase classname="com.airtel.RestAssured.Adtech.Tests.sms.AnalyticsTimeSlotTest" name="@BeforeMethod createUserCompany" time="0.0">
    <skipped/>
  </testcase> <!-- @BeforeMethod createUserCompany -->
  <testcase classname="com.airtel.RestAssured.Adtech.Tests.sms.CampaignTest" name="@BeforeMethod createUserCompany" time="0.0">
    <skipped/>
  </testcase> <!-- @BeforeMethod createUserCompany -->
  <testcase classname="com.airtel.RestAssured.Adtech.Tests.sms.SmsDLTTest" name="@BeforeMethod createUserCompany" time="0.0">
    <skipped/>
  </testcase> <!-- @BeforeMethod createUserCompany -->
  <testcase classname="com.airtel.RestAssured.Adtech.Tests.sms.AdminTest" name="@BeforeMethod createUserCompany" time="0.0">
    <skipped/>
  </testcase> <!-- @BeforeMethod createUserCompany -->
  <testcase classname="com.airtel.RestAssured.Adtech.Tests.billing.InvoiceTest" name="@BeforeMethod createUserCompany" time="0.0">
    <skipped/>
  </testcase> <!-- @BeforeMethod createUserCompany -->
  <testcase classname="com.airtel.RestAssured.Adtech.Tests.billing.ReceiptTest" name="@BeforeMethod createUserCompany" time="0.0">
    <skipped/>
  </testcase> <!-- @BeforeMethod createUserCompany -->
  <testcase classname="com.airtel.RestAssured.Adtech.Tests.sms.TestSMSApiTest" name="@BeforeMethod createUserCompany" time="0.0">
    <skipped/>
  </testcase> <!-- @BeforeMethod createUserCompany -->
  <testcase classname="com.airtel.RestAssured.Adtech.Tests.sms.AnalyticsTimeSlotTest" name="@BeforeMethod createUserCompany" time="0.0">
    <skipped/>
  </testcase> <!-- @BeforeMethod createUserCompany -->
  <testcase classname="com.airtel.RestAssured.Adtech.Tests.sms.CampaignTest" name="@BeforeMethod createUserCompany" time="0.0">
    <skipped/>
  </testcase> <!-- @BeforeMethod createUserCompany -->
  <testcase classname="com.airtel.RestAssured.Adtech.Tests.sms.SmsDLTTest" name="@BeforeMethod createUserCompany" time="0.0">
    <skipped/>
  </testcase> <!-- @BeforeMethod createUserCompany -->
  <testcase classname="com.airtel.RestAssured.Adtech.Tests.sms.AdminTest" name="@BeforeMethod createUserCompany" time="0.0">
    <skipped/>
  </testcase> <!-- @BeforeMethod createUserCompany -->
  <testcase classname="com.airtel.RestAssured.Adtech.Tests.billing.InvoiceTest" name="@BeforeMethod createUserCompany" time="0.0">
    <skipped/>
  </testcase> <!-- @BeforeMethod createUserCompany -->
  <testcase classname="com.airtel.RestAssured.Adtech.Tests.billing.ReceiptTest" name="@BeforeMethod createUserCompany" time="0.0">
    <skipped/>
  </testcase> <!-- @BeforeMethod createUserCompany -->
  <testcase classname="com.airtel.RestAssured.Adtech.Tests.sms.TestSMSApiTest" name="@BeforeMethod createUserCompany" time="0.0">
    <skipped/>
  </testcase> <!-- @BeforeMethod createUserCompany -->
  <testcase classname="com.airtel.RestAssured.Adtech.Tests.sms.AnalyticsTimeSlotTest" name="@BeforeMethod createUserCompany" time="0.0">
    <skipped/>
  </testcase> <!-- @BeforeMethod createUserCompany -->
  <testcase classname="com.airtel.RestAssured.Adtech.Tests.sms.CampaignTest" name="@BeforeMethod createUserCompany" time="0.0">
    <skipped/>
  </testcase> <!-- @BeforeMethod createUserCompany -->
  <testcase classname="com.airtel.RestAssured.Adtech.Tests.sms.SmsDLTTest" name="@BeforeMethod createUserCompany" time="0.0">
    <skipped/>
  </testcase> <!-- @BeforeMethod createUserCompany -->
  <testcase classname="com.airtel.RestAssured.Adtech.Tests.sms.AdminTest" name="@BeforeMethod createUserCompany" time="0.0">
    <skipped/>
  </testcase> <!-- @BeforeMethod createUserCompany -->
  <testcase classname="com.airtel.RestAssured.Adtech.Tests.billing.InvoiceTest" name="@BeforeMethod createUserCompany" time="0.0">
    <skipped/>
  </testcase> <!-- @BeforeMethod createUserCompany -->
  <testcase classname="com.airtel.RestAssured.Adtech.Tests.billing.ReceiptTest" name="@BeforeMethod createUserCompany" time="0.0">
    <skipped/>
  </testcase> <!-- @BeforeMethod createUserCompany -->
  <testcase classname="com.airtel.RestAssured.Adtech.Tests.sms.TestSMSApiTest" name="@BeforeMethod createUserCompany" time="0.0">
    <skipped/>
  </testcase> <!-- @BeforeMethod createUserCompany -->
  <testcase classname="com.airtel.RestAssured.Adtech.Tests.sms.AnalyticsTimeSlotTest" name="@BeforeMethod createUserCompany" time="0.0">
    <skipped/>
  </testcase> <!-- @BeforeMethod createUserCompany -->
  <testcase classname="com.airtel.RestAssured.Adtech.Tests.sms.CampaignTest" name="@BeforeMethod createUserCompany" time="0.0">
    <skipped/>
  </testcase> <!-- @BeforeMethod createUserCompany -->
  <testcase classname="com.airtel.RestAssured.Adtech.Tests.sms.SmsDLTTest" name="@BeforeMethod createUserCompany" time="0.0">
    <skipped/>
  </testcase> <!-- @BeforeMethod createUserCompany -->
  <testcase classname="com.airtel.RestAssured.Adtech.Tests.sms.AdminTest" name="@BeforeMethod createUserCompany" time="0.0">
    <skipped/>
  </testcase> <!-- @BeforeMethod createUserCompany -->
  <testcase classname="com.airtel.RestAssured.Adtech.Tests.sms.AnalyticsTimeSlotTest" name="@BeforeMethod createUserCompany" time="0.0">
    <skipped/>
  </testcase> <!-- @BeforeMethod createUserCompany -->
  <testcase classname="com.airtel.RestAssured.Adtech.Tests.billing.InvoiceTest" name="@BeforeMethod createUserCompany" time="0.0">
    <skipped/>
  </testcase> <!-- @BeforeMethod createUserCompany -->
  <testcase classname="com.airtel.RestAssured.Adtech.Tests.billing.ReceiptTest" name="@BeforeMethod createUserCompany" time="0.0">
    <skipped/>
  </testcase> <!-- @BeforeMethod createUserCompany -->
  <testcase classname="com.airtel.RestAssured.Adtech.Tests.sms.TestSMSApiTest" name="@BeforeMethod createUserCompany" time="0.0">
    <skipped/>
  </testcase> <!-- @BeforeMethod createUserCompany -->
  <testcase classname="com.airtel.RestAssured.Adtech.Tests.sms.CampaignTest" name="@BeforeMethod createUserCompany" time="0.0">
    <skipped/>
  </testcase> <!-- @BeforeMethod createUserCompany -->
  <testcase classname="com.airtel.RestAssured.Adtech.Tests.billing.InvoiceTest" name="@BeforeMethod createUserCompany" time="0.0">
    <skipped/>
  </testcase> <!-- @BeforeMethod createUserCompany -->
  <testcase classname="com.airtel.RestAssured.Adtech.Tests.sms.SmsDLTTest" name="@BeforeMethod createUserCompany" time="0.0">
    <skipped/>
  </testcase> <!-- @BeforeMethod createUserCompany -->
  <testcase classname="com.airtel.RestAssured.Adtech.Tests.sms.AdminTest" name="@BeforeMethod createUserCompany" time="0.0">
    <skipped/>
  </testcase> <!-- @BeforeMethod createUserCompany -->
  <testcase classname="com.airtel.RestAssured.Adtech.Tests.billing.ReceiptTest" name="@BeforeMethod createUserCompany" time="0.0">
    <skipped/>
  </testcase> <!-- @BeforeMethod createUserCompany -->
  <testcase classname="com.airtel.RestAssured.Adtech.Tests.sms.AnalyticsTimeSlotTest" name="@BeforeMethod createUserCompany" time="0.0">
    <skipped/>
  </testcase> <!-- @BeforeMethod createUserCompany -->
  <testcase classname="com.airtel.RestAssured.Adtech.Tests.sms.CampaignTest" name="@BeforeMethod createUserCompany" time="0.0">
    <skipped/>
  </testcase> <!-- @BeforeMethod createUserCompany -->
  <testcase classname="com.airtel.RestAssured.Adtech.Tests.billing.InvoiceTest" name="@BeforeMethod createUserCompany" time="0.0">
    <skipped/>
  </testcase> <!-- @BeforeMethod createUserCompany -->
  <testcase classname="com.airtel.RestAssured.Adtech.Tests.sms.SmsDLTTest" name="@BeforeMethod createUserCompany" time="0.0">
    <skipped/>
  </testcase> <!-- @BeforeMethod createUserCompany -->
  <testcase classname="com.airtel.RestAssured.Adtech.Tests.sms.AdminTest" name="@BeforeMethod createUserCompany" time="0.0">
    <skipped/>
  </testcase> <!-- @BeforeMethod createUserCompany -->
  <testcase classname="com.airtel.RestAssured.Adtech.Tests.billing.ReceiptTest" name="@BeforeMethod createUserCompany" time="0.0">
    <skipped/>
  </testcase> <!-- @BeforeMethod createUserCompany -->
  <testcase classname="com.airtel.RestAssured.Adtech.Tests.sms.AnalyticsTimeSlotTest" name="@BeforeMethod createUserCompany" time="0.0">
    <skipped/>
  </testcase> <!-- @BeforeMethod createUserCompany -->
  <testcase classname="com.airtel.RestAssured.Adtech.Tests.sms.CampaignTest" name="@BeforeMethod createUserCompany" time="0.0">
    <skipped/>
  </testcase> <!-- @BeforeMethod createUserCompany -->
  <testcase classname="com.airtel.RestAssured.Adtech.Tests.billing.InvoiceTest" name="@BeforeMethod createUserCompany" time="0.0">
    <skipped/>
  </testcase> <!-- @BeforeMethod createUserCompany -->
  <testcase classname="com.airtel.RestAssured.Adtech.Tests.sms.AdminTest" name="@BeforeMethod createUserCompany" time="0.0">
    <skipped/>
  </testcase> <!-- @BeforeMethod createUserCompany -->
  <testcase classname="com.airtel.RestAssured.Adtech.Tests.billing.ReceiptTest" name="@BeforeMethod createUserCompany" time="0.0">
    <skipped/>
  </testcase> <!-- @BeforeMethod createUserCompany -->
  <testcase classname="com.airtel.RestAssured.Adtech.Tests.sms.AnalyticsTimeSlotTest" name="@BeforeMethod createUserCompany" time="0.0">
    <skipped/>
  </testcase> <!-- @BeforeMethod createUserCompany -->
  <testcase classname="com.airtel.RestAssured.Adtech.Tests.sms.CampaignTest" name="@BeforeMethod createUserCompany" time="0.0">
    <skipped/>
  </testcase> <!-- @BeforeMethod createUserCompany -->
  <testcase classname="com.airtel.RestAssured.Adtech.Tests.billing.InvoiceTest" name="@BeforeMethod createUserCompany" time="0.0">
    <skipped/>
  </testcase> <!-- @BeforeMethod createUserCompany -->
  <testcase classname="com.airtel.RestAssured.Adtech.Tests.sms.AdminTest" name="@BeforeMethod createUserCompany" time="0.0">
    <skipped/>
  </testcase> <!-- @BeforeMethod createUserCompany -->
  <testcase classname="com.airtel.RestAssured.Adtech.Tests.billing.ReceiptTest" name="@BeforeMethod createUserCompany" time="0.0">
    <skipped/>
  </testcase> <!-- @BeforeMethod createUserCompany -->
  <testcase classname="com.airtel.RestAssured.Adtech.Tests.sms.CampaignTest" name="@BeforeMethod createUserCompany" time="0.0">
    <skipped/>
  </testcase> <!-- @BeforeMethod createUserCompany -->
  <testcase classname="com.airtel.RestAssured.Adtech.Tests.billing.InvoiceTest" name="@BeforeMethod createUserCompany" time="0.0">
    <skipped/>
  </testcase> <!-- @BeforeMethod createUserCompany -->
  <testcase classname="com.airtel.RestAssured.Adtech.Tests.sms.AdminTest" name="@BeforeMethod createUserCompany" time="0.0">
    <skipped/>
  </testcase> <!-- @BeforeMethod createUserCompany -->
  <testcase classname="com.airtel.RestAssured.Adtech.Tests.sms.CampaignTest" name="@BeforeMethod createUserCompany" time="0.0">
    <skipped/>
  </testcase> <!-- @BeforeMethod createUserCompany -->
  <testcase classname="com.airtel.RestAssured.Adtech.Tests.billing.InvoiceTest" name="@BeforeMethod createUserCompany" time="0.0">
    <skipped/>
  </testcase> <!-- @BeforeMethod createUserCompany -->
  <testcase classname="com.airtel.RestAssured.Adtech.Tests.sms.AdminTest" name="@BeforeMethod createUserCompany" time="0.0">
    <skipped/>
  </testcase> <!-- @BeforeMethod createUserCompany -->
  <testcase classname="com.airtel.RestAssured.Adtech.Tests.sms.CampaignTest" name="@BeforeMethod createUserCompany" time="0.0">
    <skipped/>
  </testcase> <!-- @BeforeMethod createUserCompany -->
  <testcase classname="com.airtel.RestAssured.Adtech.Tests.billing.InvoiceTest" name="@BeforeMethod createUserCompany" time="0.0">
    <skipped/>
  </testcase> <!-- @BeforeMethod createUserCompany -->
  <testcase classname="com.airtel.RestAssured.Adtech.Tests.sms.AdminTest" name="@BeforeMethod createUserCompany" time="0.0">
    <skipped/>
  </testcase> <!-- @BeforeMethod createUserCompany -->
  <testcase classname="com.airtel.RestAssured.Adtech.Tests.sms.CampaignTest" name="@BeforeMethod createUserCompany" time="0.0">
    <skipped/>
  </testcase> <!-- @BeforeMethod createUserCompany -->
  <testcase classname="com.airtel.RestAssured.Adtech.Tests.sms.AdminTest" name="@BeforeMethod createUserCompany" time="0.0">
    <skipped/>
  </testcase> <!-- @BeforeMethod createUserCompany -->
  <testcase classname="com.airtel.RestAssured.Adtech.Tests.sms.CampaignTest" name="@BeforeMethod createUserCompany" time="0.0">
    <skipped/>
  </testcase> <!-- @BeforeMethod createUserCompany -->
  <testcase classname="com.airtel.RestAssured.Adtech.Tests.sms.AdminTest" name="@BeforeMethod createUserCompany" time="0.0">
    <skipped/>
  </testcase> <!-- @BeforeMethod createUserCompany -->
  <testcase classname="com.airtel.RestAssured.Adtech.Tests.sms.CampaignTest" name="@BeforeMethod createUserCompany" time="0.0">
    <skipped/>
  </testcase> <!-- @BeforeMethod createUserCompany -->
  <testcase classname="com.airtel.RestAssured.Adtech.Tests.sms.AdminTest" name="@BeforeMethod createUserCompany" time="0.0">
    <skipped/>
  </testcase> <!-- @BeforeMethod createUserCompany -->
  <testcase classname="com.airtel.RestAssured.Adtech.Tests.sms.CampaignTest" name="@BeforeMethod createUserCompany" time="0.0">
    <skipped/>
  </testcase> <!-- @BeforeMethod createUserCompany -->
  <testcase classname="com.airtel.RestAssured.Adtech.Tests.sms.AdminTest" name="@BeforeMethod createUserCompany" time="0.0">
    <skipped/>
  </testcase> <!-- @BeforeMethod createUserCompany -->
  <testcase classname="com.airtel.RestAssured.Adtech.Tests.sms.CampaignTest" name="@BeforeMethod createUserCompany" time="0.0">
    <skipped/>
  </testcase> <!-- @BeforeMethod createUserCompany -->
  <testcase classname="com.airtel.RestAssured.Adtech.Tests.sms.AdminTest" name="@BeforeMethod createUserCompany" time="0.0">
    <skipped/>
  </testcase> <!-- @BeforeMethod createUserCompany -->
  <testcase classname="com.airtel.RestAssured.Adtech.Tests.sms.CampaignTest" name="@BeforeMethod createUserCompany" time="0.0">
    <skipped/>
  </testcase> <!-- @BeforeMethod createUserCompany -->
  <testcase classname="com.airtel.RestAssured.Adtech.Tests.sms.AdminTest" name="@BeforeMethod createUserCompany" time="0.0">
    <skipped/>
  </testcase> <!-- @BeforeMethod createUserCompany -->
  <testcase classname="com.airtel.RestAssured.Adtech.Tests.sms.CampaignTest" name="@BeforeMethod createUserCompany" time="0.0">
    <skipped/>
  </testcase> <!-- @BeforeMethod createUserCompany -->
  <testcase classname="com.airtel.RestAssured.Adtech.Tests.sms.AdminTest" name="@BeforeMethod createUserCompany" time="0.0">
    <skipped/>
  </testcase> <!-- @BeforeMethod createUserCompany -->
  <testcase classname="com.airtel.RestAssured.Adtech.Tests.sms.CampaignTest" name="@BeforeMethod createUserCompany" time="0.0">
    <skipped/>
  </testcase> <!-- @BeforeMethod createUserCompany -->
  <testcase classname="com.airtel.RestAssured.Adtech.Tests.sms.AdminTest" name="@BeforeMethod createUserCompany" time="0.0">
    <skipped/>
  </testcase> <!-- @BeforeMethod createUserCompany -->
  <testcase classname="com.airtel.RestAssured.Adtech.Tests.sms.AdminTest" name="@BeforeMethod createUserCompany" time="0.0">
    <skipped/>
  </testcase> <!-- @BeforeMethod createUserCompany -->
  <testcase classname="com.airtel.RestAssured.Adtech.Tests.sms.AdminTest" name="@BeforeMethod createUserCompany" time="0.0">
    <skipped/>
  </testcase> <!-- @BeforeMethod createUserCompany -->
  <testcase classname="com.airtel.RestAssured.Adtech.Tests.sms.AdminTest" name="@BeforeMethod createUserCompany" time="0.0">
    <skipped/>
  </testcase> <!-- @BeforeMethod createUserCompany -->
  <testcase classname="com.airtel.RestAssured.Adtech.Tests.sms.AdminTest" name="@BeforeMethod createUserCompany" time="0.0">
    <skipped/>
  </testcase> <!-- @BeforeMethod createUserCompany -->
  <testcase classname="com.airtel.RestAssured.Adtech.Tests.sms.AdminTest" name="@BeforeMethod createUserCompany" time="0.0">
    <skipped/>
  </testcase> <!-- @BeforeMethod createUserCompany -->
  <testcase classname="com.airtel.RestAssured.Adtech.Tests.sms.AdminTest" name="@BeforeMethod createUserCompany" time="0.0">
    <skipped/>
  </testcase> <!-- @BeforeMethod createUserCompany -->
  <testcase classname="com.airtel.RestAssured.Adtech.Tests.sms.AdminTest" name="@BeforeMethod createUserCompany" time="0.0">
    <skipped/>
  </testcase> <!-- @BeforeMethod createUserCompany -->
  <testcase classname="com.airtel.RestAssured.Adtech.Tests.sms.AdminTest" name="@BeforeMethod createUserCompany" time="0.0">
    <skipped/>
  </testcase> <!-- @BeforeMethod createUserCompany -->
  <testcase classname="com.airtel.RestAssured.Adtech.Tests.sms.AdminTest" name="@BeforeMethod createUserCompany" time="0.0">
    <skipped/>
  </testcase> <!-- @BeforeMethod createUserCompany -->
  <testcase classname="com.airtel.RestAssured.Adtech.Tests.sms.AdminTest" name="@BeforeMethod createUserCompany" time="0.0">
    <skipped/>
  </testcase> <!-- @BeforeMethod createUserCompany -->
  <testcase classname="com.airtel.RestAssured.Adtech.Tests.sms.AdminTest" name="@BeforeMethod createUserCompany" time="0.0">
    <skipped/>
  </testcase> <!-- @BeforeMethod createUserCompany -->
  <testcase classname="com.airtel.RestAssured.Adtech.Tests.sms.AudienceTest" name="createCamapignandVerifyAudienceinMongo" time="0.0">
    <skipped/>
  </testcase> <!-- createCamapignandVerifyAudienceinMongo -->
  <testcase classname="com.airtel.RestAssured.Adtech.Tests.sms.AudienceTest" name="fetchAudience" time="0.0">
    <skipped/>
  </testcase> <!-- fetchAudience -->
  <testcase classname="com.airtel.RestAssured.Adtech.Tests.sms.AudienceTest" name="getAudienceCount" time="0.0">
    <skipped/>
  </testcase> <!-- getAudienceCount -->
  <testcase classname="com.airtel.RestAssured.Adtech.Tests.sms.AudienceTest" name="verifyApproveAudience" time="0.0">
    <skipped/>
  </testcase> <!-- verifyApproveAudience -->
  <testcase classname="com.airtel.RestAssured.Adtech.Tests.sms.AudienceTest" name="verifyAudienceonUpdatedOrder" time="0.0">
    <skipped/>
  </testcase> <!-- verifyAudienceonUpdatedOrder -->
  <testcase classname="com.airtel.RestAssured.Adtech.Tests.sms.DemoTest" name="demo" time="0.153">
    <failure type="java.lang.AssertionError" message="expected [true] but found [false]">
      <![CDATA[java.lang.AssertionError: expected [true] but found [false]
	at com.airtel.helper.common.ApiHelper.fetchApiResponse(ApiHelper.java:156)
	at com.airtel.RestAssured.Adtech.Tests.sms.DemoTest.demo(DemoTest.java:14)
... Removed 33 stack frames]]>
    </failure>
  </testcase> <!-- demo -->
  <testcase classname="com.airtel.RestAssured.Adtech.Tests.sms.CampaignTest" name="submitCampaignandValidatewithPeid" time="0.0">
    <skipped/>
  </testcase> <!-- submitCampaignandValidatewithPeid -->
  <testcase classname="com.airtel.RestAssured.Adtech.Tests.sms.SmsDLTTest" name="registerandvalidateDlt" time="0.0">
    <skipped/>
  </testcase> <!-- registerandvalidateDlt -->
  <testcase classname="com.airtel.RestAssured.Adtech.Tests.sms.AdminTest" name="campaignListByPageLimitAndSort" time="0.0">
    <skipped/>
  </testcase> <!-- campaignListByPageLimitAndSort -->
  <testcase classname="com.airtel.RestAssured.Adtech.Tests.sms.AnalyticsTimeSlotTest" name="fetchAnalytics" time="0.0">
    <skipped/>
  </testcase> <!-- fetchAnalytics -->
  <testcase classname="com.airtel.RestAssured.Adtech.Tests.billing.InvoiceTest" name="fetchInvoices" time="0.0">
    <skipped/>
  </testcase> <!-- fetchInvoices -->
  <testcase classname="com.airtel.RestAssured.Adtech.Tests.billing.ReceiptTest" name="validateInitiatePaymentSuccess" time="0.0">
    <skipped/>
  </testcase> <!-- validateInitiatePaymentSuccess -->
  <testcase classname="com.airtel.RestAssured.Adtech.Tests.sms.TestSMSApiTest" name="testSMSSend" time="0.0">
    <skipped/>
  </testcase> <!-- testSMSSend -->
  <testcase classname="com.airtel.RestAssured.Adtech.Tests.sms.CampaignTest" name="submitCampaignandValidatewithPan" time="0.0">
    <skipped/>
  </testcase> <!-- submitCampaignandValidatewithPan -->
  <testcase classname="com.airtel.RestAssured.Adtech.Tests.sms.SmsDLTTest" name="registerDLTwithPeid" time="0.0">
    <skipped/>
  </testcase> <!-- registerDLTwithPeid -->
  <testcase classname="com.airtel.RestAssured.Adtech.Tests.sms.AdminTest" name="dltListByPageLimitAndSort" time="0.0">
    <skipped/>
  </testcase> <!-- dltListByPageLimitAndSort -->
  <testcase classname="com.airtel.RestAssured.Adtech.Tests.sms.AnalyticsTimeSlotTest" name="fetchAnalyticsAdmin" time="0.0">
    <skipped/>
  </testcase> <!-- fetchAnalyticsAdmin -->
  <testcase classname="com.airtel.RestAssured.Adtech.Tests.billing.InvoiceTest" name="fetchInvoiceAfterValidatePayment" time="0.0">
    <skipped/>
  </testcase> <!-- fetchInvoiceAfterValidatePayment -->
  <testcase classname="com.airtel.RestAssured.Adtech.Tests.billing.ReceiptTest" name="validateInitiatePaymentFailure" time="0.0">
    <skipped/>
  </testcase> <!-- validateInitiatePaymentFailure -->
  <testcase classname="com.airtel.RestAssured.Adtech.Tests.sms.TestSMSApiTest" name="testSMSWithDraftStatus" time="0.0">
    <skipped/>
  </testcase> <!-- testSMSWithDraftStatus -->
  <testcase classname="com.airtel.RestAssured.Adtech.Tests.sms.CampaignTest" name="registerNewTemplatewithDLT" time="0.0">
    <skipped/>
  </testcase> <!-- registerNewTemplatewithDLT -->
  <testcase classname="com.airtel.RestAssured.Adtech.Tests.sms.SmsDLTTest" name="registerDltwithDraftStatus" time="0.0">
    <skipped/>
  </testcase> <!-- registerDltwithDraftStatus -->
  <testcase classname="com.airtel.RestAssured.Adtech.Tests.sms.AdminTest" name="campaignListWithZeroPageNo" time="0.0">
    <skipped/>
  </testcase> <!-- campaignListWithZeroPageNo -->
  <testcase classname="com.airtel.RestAssured.Adtech.Tests.billing.InvoiceTest" name="fetchInvoiceForInvalidPayment" time="0.0">
    <skipped/>
  </testcase> <!-- fetchInvoiceForInvalidPayment -->
  <testcase classname="com.airtel.RestAssured.Adtech.Tests.billing.ReceiptTest" name="initiatePaymentwithInvalidAmount" time="0.0">
    <skipped/>
  </testcase> <!-- initiatePaymentwithInvalidAmount -->
  <testcase classname="com.airtel.RestAssured.Adtech.Tests.sms.TestSMSApiTest" name="testSMSWithSubmittedStatus" time="0.0">
    <skipped/>
  </testcase> <!-- testSMSWithSubmittedStatus -->
  <testcase classname="com.airtel.RestAssured.Adtech.Tests.sms.AnalyticsTimeSlotTest" name="verifyTimeSlotPositiveCase" time="0.0">
    <skipped/>
  </testcase> <!-- verifyTimeSlotPositiveCase -->
  <testcase classname="com.airtel.RestAssured.Adtech.Tests.sms.CampaignTest" name="fetchandSubmitCampaign" time="0.0">
    <skipped/>
  </testcase> <!-- fetchandSubmitCampaign -->
  <testcase classname="com.airtel.RestAssured.Adtech.Tests.sms.SmsDLTTest" name="registerDltandCampaignwithDraftStatus" time="0.0">
    <skipped/>
  </testcase> <!-- registerDltandCampaignwithDraftStatus -->
  <testcase classname="com.airtel.RestAssured.Adtech.Tests.sms.AdminTest" name="dltListWithMaxPageNo" time="0.0">
    <skipped/>
  </testcase> <!-- dltListWithMaxPageNo -->
  <testcase classname="com.airtel.RestAssured.Adtech.Tests.sms.AnalyticsTimeSlotTest" name="invalidTimeSlot" time="0.0">
    <skipped/>
  </testcase> <!-- invalidTimeSlot -->
  <testcase classname="com.airtel.RestAssured.Adtech.Tests.billing.InvoiceTest" name="fetchInvoiceWithoutCloseFlag" time="0.0">
    <skipped/>
  </testcase> <!-- fetchInvoiceWithoutCloseFlag -->
  <testcase classname="com.airtel.RestAssured.Adtech.Tests.billing.ReceiptTest" name="initiatePaymentOnPartialPaidInvoice" time="0.0">
    <skipped/>
  </testcase> <!-- initiatePaymentOnPartialPaidInvoice -->
  <testcase classname="com.airtel.RestAssured.Adtech.Tests.sms.TestSMSApiTest" name="testSMSwithMultipleTemplates" time="0.0">
    <skipped/>
  </testcase> <!-- testSMSwithMultipleTemplates -->
  <testcase classname="com.airtel.RestAssured.Adtech.Tests.sms.CampaignTest" name="updateExistingCampaign" time="0.0">
    <skipped/>
  </testcase> <!-- updateExistingCampaign -->
  <testcase classname="com.airtel.RestAssured.Adtech.Tests.sms.SmsDLTTest" name="validateCampaignandDLTWithSubmittedStatus" time="0.0">
    <skipped/>
  </testcase> <!-- validateCampaignandDLTWithSubmittedStatus -->
  <testcase classname="com.airtel.RestAssured.Adtech.Tests.sms.AdminTest" name="campaignListWithZeroLimit" time="0.0">
    <skipped/>
  </testcase> <!-- campaignListWithZeroLimit -->
  <testcase classname="com.airtel.RestAssured.Adtech.Tests.billing.ReceiptTest" name="initiatePaymentWithInvalidEvent" time="0.0">
    <skipped/>
  </testcase> <!-- initiatePaymentWithInvalidEvent -->
  <testcase classname="com.airtel.RestAssured.Adtech.Tests.sms.TestSMSApiTest" name="testSMSTrackCount" time="0.0">
    <skipped/>
  </testcase> <!-- testSMSTrackCount -->
  <testcase classname="com.airtel.RestAssured.Adtech.Tests.sms.AnalyticsTimeSlotTest" name="invalidTimeSlotFormat" time="0.0">
    <skipped/>
  </testcase> <!-- invalidTimeSlotFormat -->
  <testcase classname="com.airtel.RestAssured.Adtech.Tests.sms.CampaignTest" name="multipleCampaignWithDLTapproved" time="0.0">
    <skipped/>
  </testcase> <!-- multipleCampaignWithDLTapproved -->
  <testcase classname="com.airtel.RestAssured.Adtech.Tests.sms.SmsDLTTest" name="approveandverifyCampignandDLTwithPeid" time="0.0">
    <skipped/>
  </testcase> <!-- approveandverifyCampignandDLTwithPeid -->
  <testcase classname="com.airtel.RestAssured.Adtech.Tests.sms.AdminTest" name="campaignListWithNullLimit" time="0.0">
    <skipped/>
  </testcase> <!-- campaignListWithNullLimit -->
  <testcase classname="com.airtel.RestAssured.Adtech.Tests.billing.InvoiceTest" name="fetchInvoiceAfterFailurePayment" time="0.0">
    <skipped/>
  </testcase> <!-- fetchInvoiceAfterFailurePayment -->
  <testcase classname="com.airtel.RestAssured.Adtech.Tests.billing.ReceiptTest" name="initiatePaymentWithMultipleInvoices" time="0.0">
    <skipped/>
  </testcase> <!-- initiatePaymentWithMultipleInvoices -->
  <testcase classname="com.airtel.RestAssured.Adtech.Tests.sms.TestSMSApiTest" name="testSMSExpiryDate" time="0.0">
    <skipped/>
  </testcase> <!-- testSMSExpiryDate -->
  <testcase classname="com.airtel.RestAssured.Adtech.Tests.sms.AnalyticsTimeSlotTest" name="timeSlotAfterNine" time="0.0">
    <skipped/>
  </testcase> <!-- timeSlotAfterNine -->
  <testcase classname="com.airtel.RestAssured.Adtech.Tests.sms.CampaignTest" name="multiCampaignswithSubmittedStatus" time="0.0">
    <skipped/>
  </testcase> <!-- multiCampaignswithSubmittedStatus -->
  <testcase classname="com.airtel.RestAssured.Adtech.Tests.sms.SmsDLTTest" name="approveandverifyCampignandDLTwithPan" time="0.0">
    <skipped/>
  </testcase> <!-- approveandverifyCampignandDLTwithPan -->
  <testcase classname="com.airtel.RestAssured.Adtech.Tests.sms.AdminTest" name="campaignListWithNullOffset" time="0.0">
    <skipped/>
  </testcase> <!-- campaignListWithNullOffset -->
  <testcase classname="com.airtel.RestAssured.Adtech.Tests.billing.InvoiceTest" name="fetchReceipts" time="0.001">
    <skipped/>
  </testcase> <!-- fetchReceipts -->
  <testcase classname="com.airtel.RestAssured.Adtech.Tests.sms.TestSMSApiTest" name="testSMSIncorrectTemplateId" time="0.0">
    <skipped/>
  </testcase> <!-- testSMSIncorrectTemplateId -->
  <testcase classname="com.airtel.RestAssured.Adtech.Tests.sms.AnalyticsTimeSlotTest" name="timeSlotWithTweleveHourWindow" time="0.0">
    <skipped/>
  </testcase> <!-- timeSlotWithTweleveHourWindow -->
  <testcase classname="com.airtel.RestAssured.Adtech.Tests.sms.CampaignTest" name="createOrderWithoutDLT" time="0.0">
    <skipped/>
  </testcase> <!-- createOrderWithoutDLT -->
  <testcase classname="com.airtel.RestAssured.Adtech.Tests.sms.SmsDLTTest" name="verifyPeidWithInvalidData" time="0.0">
    <skipped/>
  </testcase> <!-- verifyPeidWithInvalidData -->
  <testcase classname="com.airtel.RestAssured.Adtech.Tests.sms.AdminTest" name="campaignListByPageLimitAndSortDesc" time="0.0">
    <skipped/>
  </testcase> <!-- campaignListByPageLimitAndSortDesc -->
  <testcase classname="com.airtel.RestAssured.Adtech.Tests.billing.InvoiceTest" name="fetchTransaction" time="0.0">
    <skipped/>
  </testcase> <!-- fetchTransaction -->
  <testcase classname="com.airtel.RestAssured.Adtech.Tests.billing.ReceiptTest" name="verifyValidateAPITwice" time="0.0">
    <skipped/>
  </testcase> <!-- verifyValidateAPITwice -->
  <testcase classname="com.airtel.RestAssured.Adtech.Tests.sms.TestSMSApiTest" name="testSMSIncorrectHeaderId" time="0.0">
    <skipped/>
  </testcase> <!-- testSMSIncorrectHeaderId -->
  <testcase classname="com.airtel.RestAssured.Adtech.Tests.sms.AnalyticsTimeSlotTest" name="outdatedCampaignDuration" time="0.0">
    <skipped/>
  </testcase> <!-- outdatedCampaignDuration -->
  <testcase classname="com.airtel.RestAssured.Adtech.Tests.sms.CampaignTest" name="orderwithInvalidIndustry" time="0.0">
    <skipped/>
  </testcase> <!-- orderwithInvalidIndustry -->
  <testcase classname="com.airtel.RestAssured.Adtech.Tests.sms.SmsDLTTest" name="registerDltMultipleTimeswithSingleUser" time="0.0">
    <skipped/>
  </testcase> <!-- registerDltMultipleTimeswithSingleUser -->
  <testcase classname="com.airtel.RestAssured.Adtech.Tests.sms.AdminTest" name="getCampaignSearchWithTitle" time="0.0">
    <skipped/>
  </testcase> <!-- getCampaignSearchWithTitle -->
  <testcase classname="com.airtel.RestAssured.Adtech.Tests.billing.InvoiceTest" name="verifyTdsNegValue" time="0.0">
    <skipped/>
  </testcase> <!-- verifyTdsNegValue -->
  <testcase classname="com.airtel.RestAssured.Adtech.Tests.billing.ReceiptTest" name="initiatePaymentOnProceesedStatus" time="0.0">
    <skipped/>
  </testcase> <!-- initiatePaymentOnProceesedStatus -->
  <testcase classname="com.airtel.RestAssured.Adtech.Tests.sms.TestSMSApiTest" name="testSMSIncorrectTemplateContent" time="0.0">
    <skipped/>
  </testcase> <!-- testSMSIncorrectTemplateContent -->
  <testcase classname="com.airtel.RestAssured.Adtech.Tests.sms.AnalyticsTimeSlotTest" name="futureDatedCampaignDuration" time="0.0">
    <skipped/>
  </testcase> <!-- futureDatedCampaignDuration -->
  <testcase classname="com.airtel.RestAssured.Adtech.Tests.sms.CampaignTest" name="createCamapignwithCurrentDate" time="0.0">
    <skipped/>
  </testcase> <!-- createCamapignwithCurrentDate -->
  <testcase classname="com.airtel.RestAssured.Adtech.Tests.sms.SmsDLTTest" name="headerIdwithMultipleTemplates" time="0.0">
    <skipped/>
  </testcase> <!-- headerIdwithMultipleTemplates -->
  <testcase classname="com.airtel.RestAssured.Adtech.Tests.sms.AdminTest" name="getDLTSearchWithCompany" time="0.0">
    <skipped/>
  </testcase> <!-- getDLTSearchWithCompany -->
  <testcase classname="com.airtel.RestAssured.Adtech.Tests.billing.InvoiceTest" name="verifyTdsuptoThreeDecimcalValue" time="0.0">
    <skipped/>
  </testcase> <!-- verifyTdsuptoThreeDecimcalValue -->
  <testcase classname="com.airtel.RestAssured.Adtech.Tests.billing.ReceiptTest" name="validateInvoiceAndReceipt" time="0.0">
    <skipped/>
  </testcase> <!-- validateInvoiceAndReceipt -->
  <testcase classname="com.airtel.RestAssured.Adtech.Tests.sms.TestSMSApiTest" name="testSMSBlankBody" time="0.0">
    <skipped/>
  </testcase> <!-- testSMSBlankBody -->
  <testcase classname="com.airtel.RestAssured.Adtech.Tests.sms.AnalyticsTimeSlotTest" name="validateLinkTracking" time="0.0">
    <skipped/>
  </testcase> <!-- validateLinkTracking -->
  <testcase classname="com.airtel.RestAssured.Adtech.Tests.sms.CampaignTest" name="createCamapignwithIncorrectTemplateId" time="0.0">
    <skipped/>
  </testcase> <!-- createCamapignwithIncorrectTemplateId -->
  <testcase classname="com.airtel.RestAssured.Adtech.Tests.sms.SmsDLTTest" name="sendOtp" time="0.0">
    <skipped/>
  </testcase> <!-- sendOtp -->
  <testcase classname="com.airtel.RestAssured.Adtech.Tests.sms.AdminTest" name="getCampaignByPartialTemplateSearch" time="0.0">
    <skipped/>
  </testcase> <!-- getCampaignByPartialTemplateSearch -->
  <testcase classname="com.airtel.RestAssured.Adtech.Tests.sms.AnalyticsTimeSlotTest" name="verifylinkScehdulerforApprovedOrders" time="0.0">
    <skipped/>
  </testcase> <!-- verifylinkScehdulerforApprovedOrders -->
  <testcase classname="com.airtel.RestAssured.Adtech.Tests.billing.InvoiceTest" name="verifyTdsGreaterThanTenValue" time="0.0">
    <skipped/>
  </testcase> <!-- verifyTdsGreaterThanTenValue -->
  <testcase classname="com.airtel.RestAssured.Adtech.Tests.billing.ReceiptTest" name="validateInvoiceReceiptWithLessInvoiceAmount" time="0.0">
    <skipped/>
  </testcase> <!-- validateInvoiceReceiptWithLessInvoiceAmount -->
  <testcase classname="com.airtel.RestAssured.Adtech.Tests.sms.TestSMSApiTest" name="testSMSInvalidPhoneNumber" time="0.0">
    <skipped/>
  </testcase> <!-- testSMSInvalidPhoneNumber -->
  <testcase classname="com.airtel.RestAssured.Adtech.Tests.sms.CampaignTest" name="calculateBudgetandcreateOrder" time="0.0">
    <skipped/>
  </testcase> <!-- calculateBudgetandcreateOrder -->
  <testcase classname="com.airtel.RestAssured.Adtech.Tests.billing.InvoiceTest" name="verifyTdsuptoTwoDecimcalValue" time="0.0">
    <skipped/>
  </testcase> <!-- verifyTdsuptoTwoDecimcalValue -->
  <testcase classname="com.airtel.RestAssured.Adtech.Tests.sms.SmsDLTTest" name="validateOtp" time="0.0">
    <skipped/>
  </testcase> <!-- validateOtp -->
  <testcase classname="com.airtel.RestAssured.Adtech.Tests.sms.AdminTest" name="getDLTBySearchWithEmail" time="0.0">
    <skipped/>
  </testcase> <!-- getDLTBySearchWithEmail -->
  <testcase classname="com.airtel.RestAssured.Adtech.Tests.billing.ReceiptTest" name="verifyReceiptsforMultipleInvoices" time="0.0">
    <skipped/>
  </testcase> <!-- verifyReceiptsforMultipleInvoices -->
  <testcase classname="com.airtel.RestAssured.Adtech.Tests.sms.AnalyticsTimeSlotTest" name="verifylinkSchedulerforValidityExpired" time="0.0">
    <skipped/>
  </testcase> <!-- verifylinkSchedulerforValidityExpired -->
  <testcase classname="com.airtel.RestAssured.Adtech.Tests.sms.CampaignTest" name="orderWithInvalidIndustryinBudgetApi" time="0.0">
    <skipped/>
  </testcase> <!-- orderWithInvalidIndustryinBudgetApi -->
  <testcase classname="com.airtel.RestAssured.Adtech.Tests.billing.InvoiceTest" name="verifyTdsasNullValue" time="0.0">
    <skipped/>
  </testcase> <!-- verifyTdsasNullValue -->
  <testcase classname="com.airtel.RestAssured.Adtech.Tests.sms.SmsDLTTest" name="incorrectPanExtension" time="0.0">
    <skipped/>
  </testcase> <!-- incorrectPanExtension -->
  <testcase classname="com.airtel.RestAssured.Adtech.Tests.sms.AdminTest" name="getDLTByPartialSearchWithName" time="0.0">
    <skipped/>
  </testcase> <!-- getDLTByPartialSearchWithName -->
  <testcase classname="com.airtel.RestAssured.Adtech.Tests.billing.ReceiptTest" name="verifyReceiptsforMultipleInvoiceswithPendingReceipts" time="0.0">
    <skipped/>
  </testcase> <!-- verifyReceiptsforMultipleInvoiceswithPendingReceipts -->
  <testcase classname="com.airtel.RestAssured.Adtech.Tests.sms.AnalyticsTimeSlotTest" name="verifyIncorrectURlinSubmitCampaign" time="0.0">
    <skipped/>
  </testcase> <!-- verifyIncorrectURlinSubmitCampaign -->
  <testcase classname="com.airtel.RestAssured.Adtech.Tests.sms.CampaignTest" name="verifySchedulerwithCompletedStatus" time="0.0">
    <skipped/>
  </testcase> <!-- verifySchedulerwithCompletedStatus -->
  <testcase classname="com.airtel.RestAssured.Adtech.Tests.billing.InvoiceTest" name="verifyValidateAdtechBillingApi" time="0.0">
    <skipped/>
  </testcase> <!-- verifyValidateAdtechBillingApi -->
  <testcase classname="com.airtel.RestAssured.Adtech.Tests.sms.AdminTest" name="getDLTByIncorrectSearch" time="0.0">
    <skipped/>
  </testcase> <!-- getDLTByIncorrectSearch -->
  <testcase classname="com.airtel.RestAssured.Adtech.Tests.billing.ReceiptTest" name="verifyReceiptswithGreaterAmountThanInvoice" time="0.0">
    <skipped/>
  </testcase> <!-- verifyReceiptswithGreaterAmountThanInvoice -->
  <testcase classname="com.airtel.RestAssured.Adtech.Tests.sms.AnalyticsTimeSlotTest" name="verifyValidityinDays" time="0.0">
    <skipped/>
  </testcase> <!-- verifyValidityinDays -->
  <testcase classname="com.airtel.RestAssured.Adtech.Tests.sms.CampaignTest" name="verifySchedulerwithFailedStatus" time="0.0">
    <skipped/>
  </testcase> <!-- verifySchedulerwithFailedStatus -->
  <testcase classname="com.airtel.RestAssured.Adtech.Tests.billing.InvoiceTest" name="verifyTransactionStatus" time="0.0">
    <skipped/>
  </testcase> <!-- verifyTransactionStatus -->
  <testcase classname="com.airtel.RestAssured.Adtech.Tests.sms.AdminTest" name="verifyTagPeid" time="0.0">
    <skipped/>
  </testcase> <!-- verifyTagPeid -->
  <testcase classname="com.airtel.RestAssured.Adtech.Tests.billing.ReceiptTest" name="duplicateEvent" time="0.0">
    <skipped/>
  </testcase> <!-- duplicateEvent -->
  <testcase classname="com.airtel.RestAssured.Adtech.Tests.sms.CampaignTest" name="verifySchedulerwithDummyEvent" time="0.0">
    <skipped/>
  </testcase> <!-- verifySchedulerwithDummyEvent -->
  <testcase classname="com.airtel.RestAssured.Adtech.Tests.billing.InvoiceTest" name="verifyInitiatewithIncorrectCompany" time="0.0">
    <skipped/>
  </testcase> <!-- verifyInitiatewithIncorrectCompany -->
  <testcase classname="com.airtel.RestAssured.Adtech.Tests.sms.AdminTest" name="verifyTagPeidInCampaign" time="0.0">
    <skipped/>
  </testcase> <!-- verifyTagPeidInCampaign -->
  <testcase classname="com.airtel.RestAssured.Adtech.Tests.sms.CampaignTest" name="verifySchedulerwithFileCreationEvent" time="0.0">
    <skipped/>
  </testcase> <!-- verifySchedulerwithFileCreationEvent -->
  <testcase classname="com.airtel.RestAssured.Adtech.Tests.billing.InvoiceTest" name="verifyInitiatewithIncorrectUserId" time="0.0">
    <skipped/>
  </testcase> <!-- verifyInitiatewithIncorrectUserId -->
  <testcase classname="com.airtel.RestAssured.Adtech.Tests.sms.AdminTest" name="verifyTagPeidWithDraftDLT" time="0.0">
    <skipped/>
  </testcase> <!-- verifyTagPeidWithDraftDLT -->
  <testcase classname="com.airtel.RestAssured.Adtech.Tests.sms.CampaignTest" name="fetchOrderListandValidate" time="0.0">
    <skipped/>
  </testcase> <!-- fetchOrderListandValidate -->
  <testcase classname="com.airtel.RestAssured.Adtech.Tests.billing.InvoiceTest" name="verifyInitiatewithoutUser" time="0.0">
    <skipped/>
  </testcase> <!-- verifyInitiatewithoutUser -->
  <testcase classname="com.airtel.RestAssured.Adtech.Tests.sms.AdminTest" name="verifyTagPeidForDLTVerifiedStatus" time="0.0">
    <skipped/>
  </testcase> <!-- verifyTagPeidForDLTVerifiedStatus -->
  <testcase classname="com.airtel.RestAssured.Adtech.Tests.sms.CampaignTest" name="createOrderWithMultipleHeaders" time="0.0">
    <skipped/>
  </testcase> <!-- createOrderWithMultipleHeaders -->
  <testcase classname="com.airtel.RestAssured.Adtech.Tests.sms.AdminTest" name="verifyFetchDLTDetailswithPan" time="0.0">
    <skipped/>
  </testcase> <!-- verifyFetchDLTDetailswithPan -->
  <testcase classname="com.airtel.RestAssured.Adtech.Tests.sms.CampaignTest" name="createOrderWithNewTemplate" time="0.0">
    <skipped/>
  </testcase> <!-- createOrderWithNewTemplate -->
  <testcase classname="com.airtel.RestAssured.Adtech.Tests.sms.AdminTest" name="validateFetchDLTWithPeidCampaign" time="0.0">
    <skipped/>
  </testcase> <!-- validateFetchDLTWithPeidCampaign -->
  <testcase classname="com.airtel.RestAssured.Adtech.Tests.sms.CampaignTest" name="createOrderWithmultipleTemplatewithSingleHeader" time="0.0">
    <skipped/>
  </testcase> <!-- createOrderWithmultipleTemplatewithSingleHeader -->
  <testcase classname="com.airtel.RestAssured.Adtech.Tests.sms.AdminTest" name="verifyNotifyUser" time="0.0">
    <skipped/>
  </testcase> <!-- verifyNotifyUser -->
  <testcase classname="com.airtel.RestAssured.Adtech.Tests.sms.CampaignTest" name="panOrderWithMultipleHeaders" time="0.0">
    <skipped/>
  </testcase> <!-- panOrderWithMultipleHeaders -->
  <testcase classname="com.airtel.RestAssured.Adtech.Tests.sms.AdminTest" name="verifyNotifyUserWithoutPeid" time="0.0">
    <skipped/>
  </testcase> <!-- verifyNotifyUserWithoutPeid -->
  <testcase classname="com.airtel.RestAssured.Adtech.Tests.sms.CampaignTest" name="panOrderWithNewTemplate" time="0.0">
    <skipped/>
  </testcase> <!-- panOrderWithNewTemplate -->
  <testcase classname="com.airtel.RestAssured.Adtech.Tests.sms.AdminTest" name="verifyNotifyUserWithCampaign" time="0.0">
    <skipped/>
  </testcase> <!-- verifyNotifyUserWithCampaign -->
  <testcase classname="com.airtel.RestAssured.Adtech.Tests.sms.CampaignTest" name="registerHeaderWithoutDLT" time="0.0">
    <skipped/>
  </testcase> <!-- registerHeaderWithoutDLT -->
  <testcase classname="com.airtel.RestAssured.Adtech.Tests.sms.AdminTest" name="verifyAdminApproveDLTwithPan" time="0.0">
    <skipped/>
  </testcase> <!-- verifyAdminApproveDLTwithPan -->
  <testcase classname="com.airtel.RestAssured.Adtech.Tests.sms.CampaignTest" name="cretaOrderWithUnregisteredHeader" time="0.0">
    <skipped/>
  </testcase> <!-- cretaOrderWithUnregisteredHeader -->
  <testcase classname="com.airtel.RestAssured.Adtech.Tests.sms.AdminTest" name="verifyAdminApproveDLTwithPeid" time="0.0">
    <skipped/>
  </testcase> <!-- verifyAdminApproveDLTwithPeid -->
  <testcase classname="com.airtel.RestAssured.Adtech.Tests.sms.CampaignTest" name="verifyRandomTemplatewithHeader" time="0.0">
    <skipped/>
  </testcase> <!-- verifyRandomTemplatewithHeader -->
  <testcase classname="com.airtel.RestAssured.Adtech.Tests.sms.AdminTest" name="verifyAdminApproveNewTemplate" time="0.0">
    <skipped/>
  </testcase> <!-- verifyAdminApproveNewTemplate -->
  <testcase classname="com.airtel.RestAssured.Adtech.Tests.sms.AdminTest" name="verifyAdminApprovePanOrderWithNewTemplate" time="0.0">
    <skipped/>
  </testcase> <!-- verifyAdminApprovePanOrderWithNewTemplate -->
  <testcase classname="com.airtel.RestAssured.Adtech.Tests.sms.AdminTest" name="verifyAdminApproveDuplicateHeader" time="0.0">
    <skipped/>
  </testcase> <!-- verifyAdminApproveDuplicateHeader -->
  <testcase classname="com.airtel.RestAssured.Adtech.Tests.sms.AdminTest" name="verifyDownloadFile" time="0.0">
    <skipped/>
  </testcase> <!-- verifyDownloadFile -->
  <testcase classname="com.airtel.RestAssured.Adtech.Tests.sms.AdminTest" name="verifyDownloadFileNegative" time="0.0">
    <skipped/>
  </testcase> <!-- verifyDownloadFileNegative -->
  <testcase classname="com.airtel.RestAssured.Adtech.Tests.sms.AdminTest" name="verifySubmissionNullDateinFetchDLT" time="0.0">
    <skipped/>
  </testcase> <!-- verifySubmissionNullDateinFetchDLT -->
  <testcase classname="com.airtel.RestAssured.Adtech.Tests.sms.AdminTest" name="reviseDLTandUpdateDoc" time="0.0">
    <skipped/>
  </testcase> <!-- reviseDLTandUpdateDoc -->
  <testcase classname="com.airtel.RestAssured.Adtech.Tests.sms.AdminTest" name="reviseandUpdateCampaign" time="0.0">
    <skipped/>
  </testcase> <!-- reviseandUpdateCampaign -->
  <testcase classname="com.airtel.RestAssured.Adtech.Tests.sms.AdminTest" name="reviseDLTVerified" time="0.0">
    <skipped/>
  </testcase> <!-- reviseDLTVerified -->
  <testcase classname="com.airtel.RestAssured.Adtech.Tests.sms.AdminTest" name="reviseDLTDraft" time="0.0">
    <skipped/>
  </testcase> <!-- reviseDLTDraft -->
  <testcase classname="com.airtel.RestAssured.Adtech.Tests.sms.AdminTest" name="reviseCampaignDraft" time="0.0">
    <skipped/>
  </testcase> <!-- reviseCampaignDraft -->
  <testcase classname="com.airtel.RestAssured.Adtech.Tests.sms.AdminTest" name="revisecampaignApproved" time="0.0">
    <skipped/>
  </testcase> <!-- revisecampaignApproved -->
  <testcase classname="com.airtel.helper.report.ReportHelper" name="@AfterSuite afterSuite" time="0.0">
    <ignored/>
  </testcase> <!-- @AfterSuite afterSuite -->
  <testcase classname="com.airtel.helper.report.ReportHelper" name="@AfterSuite afterSuite" time="0.0">
    <ignored/>
  </testcase> <!-- @AfterSuite afterSuite -->
  <testcase classname="com.airtel.helper.report.ReportHelper" name="@AfterSuite afterSuite" time="0.0">
    <ignored/>
  </testcase> <!-- @AfterSuite afterSuite -->
  <testcase classname="com.airtel.helper.report.ReportHelper" name="@AfterSuite afterSuite" time="0.0">
    <ignored/>
  </testcase> <!-- @AfterSuite afterSuite -->
  <testcase classname="com.airtel.helper.report.ReportHelper" name="@AfterSuite afterSuite" time="0.0">
    <ignored/>
  </testcase> <!-- @AfterSuite afterSuite -->
  <testcase classname="com.airtel.helper.report.ReportHelper" name="@AfterSuite afterSuite" time="0.0">
    <ignored/>
  </testcase> <!-- @AfterSuite afterSuite -->
  <testcase classname="com.airtel.helper.report.ReportHelper" name="@AfterSuite afterSuite" time="0.0">
    <ignored/>
  </testcase> <!-- @AfterSuite afterSuite -->
  <testcase classname="com.airtel.helper.report.ReportHelper" name="@BeforeSuite beforeSuite" time="0.0">
    <ignored/>
  </testcase> <!-- @BeforeSuite beforeSuite -->
  <testcase classname="com.airtel.helper.report.ReportHelper" name="@BeforeSuite beforeSuite" time="0.0">
    <ignored/>
  </testcase> <!-- @BeforeSuite beforeSuite -->
  <testcase classname="com.airtel.helper.report.ReportHelper" name="@BeforeSuite beforeSuite" time="0.0">
    <ignored/>
  </testcase> <!-- @BeforeSuite beforeSuite -->
  <testcase classname="com.airtel.helper.report.ReportHelper" name="@BeforeSuite beforeSuite" time="0.0">
    <ignored/>
  </testcase> <!-- @BeforeSuite beforeSuite -->
  <testcase classname="com.airtel.helper.report.ReportHelper" name="@BeforeSuite beforeSuite" time="0.0">
    <ignored/>
  </testcase> <!-- @BeforeSuite beforeSuite -->
  <testcase classname="com.airtel.helper.report.ReportHelper" name="@BeforeSuite beforeSuite" time="0.0">
    <ignored/>
  </testcase> <!-- @BeforeSuite beforeSuite -->
  <testcase classname="com.airtel.helper.report.ReportHelper" name="@BeforeSuite beforeSuite" time="0.0">
    <ignored/>
  </testcase> <!-- @BeforeSuite beforeSuite -->
</testsuite> <!-- Surefire test -->
