<?xml version="1.0" encoding="UTF-8"?>
<!-- Generated by org.testng.reporters.JUnitXMLReporter -->
<testsuite hostname="LTB0216523-MAC.local" ignored="18" name="Surefire test" tests="140" failures="2" timestamp="19 Jul 2022 09:23:45 GMT" time="2633.985" errors="0">
  <testcase name="@BeforeMethod createUserCompany" time="0.001" classname="com.airtel.RestAssured.Adtech.Tests.sms.AudienceTest">
    <failure type="java.lang.NullPointerException">
      <![CDATA[java.lang.NullPointerException
	at com.airtel.teams.common.CommonApi.updateDeleteDataFromDb(CommonApi.java:1084)
	at com.airtel.adtech.dao.onboard.OnboardDaoImpl.deleteFromAdvertiser(OnboardDaoImpl.java:116)
	at com.airtel.adtech.manager.OnboardApiManager.deleteUserCompanyDataFromDb(OnboardApiManager.java:126)
	at com.airtel.adtech.manager.OnboardApiManager.createUser(OnboardApiManager.java:81)
	at com.airtel.adtech.manager.OnboardApiManager.createUserCompanyAdtech(OnboardApiManager.java:43)
	at com.airtel.RestAssured.Adtech.Tests.sms.AudienceTest.createUserCompany(AudienceTest.java:124)
... Removed 31 stack frames]]>
    </failure>
  </testcase> <!-- @BeforeMethod createUserCompany -->
  <testcase name="@BeforeMethod createUserCompany" time="0.0" classname="com.airtel.RestAssured.Adtech.Tests.sms.AudienceTest">
    <skipped/>
  </testcase> <!-- @BeforeMethod createUserCompany -->
  <testcase name="@BeforeMethod createUserCompany" time="0.0" classname="com.airtel.RestAssured.Adtech.Tests.sms.AudienceTest">
    <skipped/>
  </testcase> <!-- @BeforeMethod createUserCompany -->
  <testcase name="@BeforeMethod createUserCompany" time="0.0" classname="com.airtel.RestAssured.Adtech.Tests.sms.AudienceTest">
    <skipped/>
  </testcase> <!-- @BeforeMethod createUserCompany -->
  <testcase name="@BeforeMethod createUserCompany" time="0.0" classname="com.airtel.RestAssured.Adtech.Tests.sms.AudienceTest">
    <skipped/>
  </testcase> <!-- @BeforeMethod createUserCompany -->
  <testcase name="@BeforeMethod createUserCompany" time="0.002" classname="com.airtel.RestAssured.Adtech.Tests.sms.CampaignTest">
    <failure type="java.lang.NullPointerException">
      <![CDATA[java.lang.NullPointerException
	at com.airtel.teams.common.CommonApi.updateDeleteDataFromDb(CommonApi.java:1084)
	at com.airtel.adtech.dao.onboard.OnboardDaoImpl.deleteFromAdvertiser(OnboardDaoImpl.java:116)
	at com.airtel.adtech.manager.OnboardApiManager.deleteUserCompanyDataFromDb(OnboardApiManager.java:126)
	at com.airtel.adtech.manager.OnboardApiManager.createUser(OnboardApiManager.java:81)
	at com.airtel.adtech.manager.OnboardApiManager.createUserCompanyAdtech(OnboardApiManager.java:43)
	at com.airtel.RestAssured.Adtech.Tests.sms.CampaignTest.createUserCompany(CampaignTest.java:142)
... Removed 31 stack frames]]>
    </failure>
  </testcase> <!-- @BeforeMethod createUserCompany -->
  <testcase name="@BeforeMethod createUserCompany" time="0.001" classname="com.airtel.RestAssured.Adtech.Tests.sms.SmsDLTTest">
    <failure type="java.lang.NullPointerException">
      <![CDATA[java.lang.NullPointerException
	at com.airtel.teams.common.CommonApi.updateDeleteDataFromDb(CommonApi.java:1084)
	at com.airtel.adtech.dao.onboard.OnboardDaoImpl.deleteFromAdvertiser(OnboardDaoImpl.java:116)
	at com.airtel.adtech.manager.OnboardApiManager.deleteUserCompanyDataFromDb(OnboardApiManager.java:126)
	at com.airtel.adtech.manager.OnboardApiManager.createUser(OnboardApiManager.java:81)
	at com.airtel.adtech.manager.OnboardApiManager.createUserCompanyAdtech(OnboardApiManager.java:43)
	at com.airtel.RestAssured.Adtech.Tests.sms.SmsDLTTest.createUserCompany(SmsDLTTest.java:124)
... Removed 31 stack frames]]>
    </failure>
  </testcase> <!-- @BeforeMethod createUserCompany -->
  <testcase name="@BeforeMethod createUserCompany" time="0.0" classname="com.airtel.RestAssured.Adtech.Tests.sms.AdminTest">
    <failure type="java.lang.NullPointerException">
      <![CDATA[java.lang.NullPointerException
	at com.airtel.teams.common.CommonApi.updateDeleteDataFromDb(CommonApi.java:1084)
	at com.airtel.adtech.dao.onboard.OnboardDaoImpl.deleteFromAdvertiser(OnboardDaoImpl.java:116)
	at com.airtel.adtech.manager.OnboardApiManager.deleteUserCompanyDataFromDb(OnboardApiManager.java:126)
	at com.airtel.adtech.manager.OnboardApiManager.createUser(OnboardApiManager.java:81)
	at com.airtel.adtech.manager.OnboardApiManager.createUserCompanyAdtech(OnboardApiManager.java:43)
	at com.airtel.RestAssured.Adtech.Tests.sms.AdminTest.createUserCompany(AdminTest.java:156)
... Removed 31 stack frames]]>
    </failure>
  </testcase> <!-- @BeforeMethod createUserCompany -->
  <testcase name="@BeforeMethod createUserCompany" time="0.001" classname="com.airtel.RestAssured.Adtech.Tests.sms.AnalyticsTimeSlotTest">
    <failure type="java.lang.NullPointerException">
      <![CDATA[java.lang.NullPointerException
	at com.airtel.teams.common.CommonApi.updateDeleteDataFromDb(CommonApi.java:1084)
	at com.airtel.adtech.dao.onboard.OnboardDaoImpl.deleteFromAdvertiser(OnboardDaoImpl.java:116)
	at com.airtel.adtech.manager.OnboardApiManager.deleteUserCompanyDataFromDb(OnboardApiManager.java:126)
	at com.airtel.adtech.manager.OnboardApiManager.createUser(OnboardApiManager.java:81)
	at com.airtel.adtech.manager.OnboardApiManager.createUserCompanyAdtech(OnboardApiManager.java:43)
	at com.airtel.RestAssured.Adtech.Tests.sms.AnalyticsTimeSlotTest.createUserCompany(AnalyticsTimeSlotTest.java:145)
... Removed 31 stack frames]]>
    </failure>
  </testcase> <!-- @BeforeMethod createUserCompany -->
  <testcase name="@BeforeMethod createUserCompany" time="0.001" classname="com.airtel.RestAssured.Adtech.Tests.billing.InvoiceTest">
    <failure type="java.lang.NullPointerException">
      <![CDATA[java.lang.NullPointerException
	at com.airtel.teams.common.CommonApi.updateDeleteDataFromDb(CommonApi.java:1084)
	at com.airtel.adtech.dao.onboard.OnboardDaoImpl.deleteFromAdvertiser(OnboardDaoImpl.java:116)
	at com.airtel.adtech.manager.OnboardApiManager.deleteUserCompanyDataFromDb(OnboardApiManager.java:126)
	at com.airtel.adtech.manager.OnboardApiManager.createUser(OnboardApiManager.java:81)
	at com.airtel.adtech.manager.OnboardApiManager.createUserCompanyAdtech(OnboardApiManager.java:43)
	at com.airtel.RestAssured.Adtech.Tests.billing.InvoiceTest.createUserCompany(InvoiceTest.java:131)
... Removed 31 stack frames]]>
    </failure>
  </testcase> <!-- @BeforeMethod createUserCompany -->
  <testcase name="@BeforeClass setEnvironment" time="300.037" classname="com.airtel.RestAssured.Adtech.Tests.billing.ReceiptTest">
    <failure type="java.lang.NullPointerException">
      <![CDATA[java.lang.NullPointerException
	at java.math.BigDecimal.<init>(BigDecimal.java:809)
	at com.airtel.adtech.manager.BillingAdtechApiManager.<init>(BillingAdtechApiManager.java:72)
	at com.airtel.RestAssured.Adtech.Tests.billing.ReceiptTest.setEnvironment(ReceiptTest.java:99)
... Removed 29 stack frames]]>
    </failure>
  </testcase> <!-- @BeforeClass setEnvironment -->
  <testcase name="@BeforeMethod createUserCompany" time="0.0" classname="com.airtel.RestAssured.Adtech.Tests.billing.ReceiptTest">
    <skipped/>
  </testcase> <!-- @BeforeMethod createUserCompany -->
  <testcase name="@BeforeMethod createUserCompany" time="0.002" classname="com.airtel.RestAssured.Adtech.Tests.sms.TestSMSApiTest">
    <failure type="java.lang.NullPointerException">
      <![CDATA[java.lang.NullPointerException
	at com.airtel.teams.common.CommonApi.updateDeleteDataFromDb(CommonApi.java:1084)
	at com.airtel.adtech.dao.onboard.OnboardDaoImpl.deleteFromAdvertiser(OnboardDaoImpl.java:116)
	at com.airtel.adtech.manager.OnboardApiManager.deleteUserCompanyDataFromDb(OnboardApiManager.java:126)
	at com.airtel.adtech.manager.OnboardApiManager.createUser(OnboardApiManager.java:81)
	at com.airtel.adtech.manager.OnboardApiManager.createUserCompanyAdtech(OnboardApiManager.java:43)
	at com.airtel.RestAssured.Adtech.Tests.sms.TestSMSApiTest.createUserCompany(TestSMSApiTest.java:91)
... Removed 31 stack frames]]>
    </failure>
  </testcase> <!-- @BeforeMethod createUserCompany -->
  <testcase name="@BeforeMethod createUserCompany" time="0.0" classname="com.airtel.RestAssured.Adtech.Tests.sms.CampaignTest">
    <skipped/>
  </testcase> <!-- @BeforeMethod createUserCompany -->
  <testcase name="@BeforeMethod createUserCompany" time="0.0" classname="com.airtel.RestAssured.Adtech.Tests.sms.SmsDLTTest">
    <skipped/>
  </testcase> <!-- @BeforeMethod createUserCompany -->
  <testcase name="@BeforeMethod createUserCompany" time="0.0" classname="com.airtel.RestAssured.Adtech.Tests.sms.AdminTest">
    <skipped/>
  </testcase> <!-- @BeforeMethod createUserCompany -->
  <testcase name="@BeforeMethod createUserCompany" time="0.0" classname="com.airtel.RestAssured.Adtech.Tests.billing.InvoiceTest">
    <skipped/>
  </testcase> <!-- @BeforeMethod createUserCompany -->
  <testcase name="@BeforeMethod createUserCompany" time="0.0" classname="com.airtel.RestAssured.Adtech.Tests.billing.ReceiptTest">
    <skipped/>
  </testcase> <!-- @BeforeMethod createUserCompany -->
  <testcase name="@BeforeMethod createUserCompany" time="0.0" classname="com.airtel.RestAssured.Adtech.Tests.sms.TestSMSApiTest">
    <skipped/>
  </testcase> <!-- @BeforeMethod createUserCompany -->
  <testcase name="@BeforeMethod createUserCompany" time="0.0" classname="com.airtel.RestAssured.Adtech.Tests.sms.CampaignTest">
    <skipped/>
  </testcase> <!-- @BeforeMethod createUserCompany -->
  <testcase name="@BeforeMethod createUserCompany" time="0.0" classname="com.airtel.RestAssured.Adtech.Tests.sms.SmsDLTTest">
    <skipped/>
  </testcase> <!-- @BeforeMethod createUserCompany -->
  <testcase name="@BeforeMethod createUserCompany" time="0.0" classname="com.airtel.RestAssured.Adtech.Tests.sms.AdminTest">
    <skipped/>
  </testcase> <!-- @BeforeMethod createUserCompany -->
  <testcase name="@BeforeMethod createUserCompany" time="0.0" classname="com.airtel.RestAssured.Adtech.Tests.billing.InvoiceTest">
    <skipped/>
  </testcase> <!-- @BeforeMethod createUserCompany -->
  <testcase name="@BeforeMethod createUserCompany" time="0.0" classname="com.airtel.RestAssured.Adtech.Tests.billing.ReceiptTest">
    <skipped/>
  </testcase> <!-- @BeforeMethod createUserCompany -->
  <testcase name="@BeforeMethod createUserCompany" time="0.0" classname="com.airtel.RestAssured.Adtech.Tests.sms.TestSMSApiTest">
    <skipped/>
  </testcase> <!-- @BeforeMethod createUserCompany -->
  <testcase name="@BeforeMethod createUserCompany" time="0.0" classname="com.airtel.RestAssured.Adtech.Tests.sms.AnalyticsTimeSlotTest">
    <skipped/>
  </testcase> <!-- @BeforeMethod createUserCompany -->
  <testcase name="@BeforeMethod createUserCompany" time="0.0" classname="com.airtel.RestAssured.Adtech.Tests.sms.CampaignTest">
    <skipped/>
  </testcase> <!-- @BeforeMethod createUserCompany -->
  <testcase name="@BeforeMethod createUserCompany" time="0.0" classname="com.airtel.RestAssured.Adtech.Tests.sms.SmsDLTTest">
    <skipped/>
  </testcase> <!-- @BeforeMethod createUserCompany -->
  <testcase name="@BeforeMethod createUserCompany" time="0.0" classname="com.airtel.RestAssured.Adtech.Tests.sms.AdminTest">
    <skipped/>
  </testcase> <!-- @BeforeMethod createUserCompany -->
  <testcase name="@BeforeMethod createUserCompany" time="0.0" classname="com.airtel.RestAssured.Adtech.Tests.sms.AnalyticsTimeSlotTest">
    <skipped/>
  </testcase> <!-- @BeforeMethod createUserCompany -->
  <testcase name="@BeforeMethod createUserCompany" time="0.0" classname="com.airtel.RestAssured.Adtech.Tests.billing.InvoiceTest">
    <skipped/>
  </testcase> <!-- @BeforeMethod createUserCompany -->
  <testcase name="@BeforeMethod createUserCompany" time="0.0" classname="com.airtel.RestAssured.Adtech.Tests.billing.ReceiptTest">
    <skipped/>
  </testcase> <!-- @BeforeMethod createUserCompany -->
  <testcase name="@BeforeMethod createUserCompany" time="0.0" classname="com.airtel.RestAssured.Adtech.Tests.sms.TestSMSApiTest">
    <skipped/>
  </testcase> <!-- @BeforeMethod createUserCompany -->
  <testcase name="@BeforeMethod createUserCompany" time="0.0" classname="com.airtel.RestAssured.Adtech.Tests.sms.CampaignTest">
    <skipped/>
  </testcase> <!-- @BeforeMethod createUserCompany -->
  <testcase name="@BeforeMethod createUserCompany" time="0.0" classname="com.airtel.RestAssured.Adtech.Tests.sms.SmsDLTTest">
    <skipped/>
  </testcase> <!-- @BeforeMethod createUserCompany -->
  <testcase name="@BeforeMethod createUserCompany" time="0.0" classname="com.airtel.RestAssured.Adtech.Tests.sms.AdminTest">
    <skipped/>
  </testcase> <!-- @BeforeMethod createUserCompany -->
  <testcase name="@BeforeMethod createUserCompany" time="0.0" classname="com.airtel.RestAssured.Adtech.Tests.billing.ReceiptTest">
    <skipped/>
  </testcase> <!-- @BeforeMethod createUserCompany -->
  <testcase name="@BeforeMethod createUserCompany" time="0.0" classname="com.airtel.RestAssured.Adtech.Tests.sms.TestSMSApiTest">
    <skipped/>
  </testcase> <!-- @BeforeMethod createUserCompany -->
  <testcase name="@BeforeMethod createUserCompany" time="0.0" classname="com.airtel.RestAssured.Adtech.Tests.sms.AnalyticsTimeSlotTest">
    <skipped/>
  </testcase> <!-- @BeforeMethod createUserCompany -->
  <testcase name="@BeforeMethod createUserCompany" time="0.0" classname="com.airtel.RestAssured.Adtech.Tests.sms.CampaignTest">
    <skipped/>
  </testcase> <!-- @BeforeMethod createUserCompany -->
  <testcase name="@BeforeMethod createUserCompany" time="0.0" classname="com.airtel.RestAssured.Adtech.Tests.sms.SmsDLTTest">
    <skipped/>
  </testcase> <!-- @BeforeMethod createUserCompany -->
  <testcase name="@BeforeMethod createUserCompany" time="0.0" classname="com.airtel.RestAssured.Adtech.Tests.sms.AdminTest">
    <skipped/>
  </testcase> <!-- @BeforeMethod createUserCompany -->
  <testcase name="@BeforeMethod createUserCompany" time="0.0" classname="com.airtel.RestAssured.Adtech.Tests.billing.InvoiceTest">
    <skipped/>
  </testcase> <!-- @BeforeMethod createUserCompany -->
  <testcase name="@BeforeMethod createUserCompany" time="0.0" classname="com.airtel.RestAssured.Adtech.Tests.billing.ReceiptTest">
    <skipped/>
  </testcase> <!-- @BeforeMethod createUserCompany -->
  <testcase name="@BeforeMethod createUserCompany" time="0.0" classname="com.airtel.RestAssured.Adtech.Tests.sms.TestSMSApiTest">
    <skipped/>
  </testcase> <!-- @BeforeMethod createUserCompany -->
  <testcase name="@BeforeMethod createUserCompany" time="0.0" classname="com.airtel.RestAssured.Adtech.Tests.sms.AnalyticsTimeSlotTest">
    <skipped/>
  </testcase> <!-- @BeforeMethod createUserCompany -->
  <testcase name="@BeforeMethod createUserCompany" time="0.0" classname="com.airtel.RestAssured.Adtech.Tests.sms.CampaignTest">
    <skipped/>
  </testcase> <!-- @BeforeMethod createUserCompany -->
  <testcase name="@BeforeMethod createUserCompany" time="0.0" classname="com.airtel.RestAssured.Adtech.Tests.sms.SmsDLTTest">
    <skipped/>
  </testcase> <!-- @BeforeMethod createUserCompany -->
  <testcase name="@BeforeMethod createUserCompany" time="0.0" classname="com.airtel.RestAssured.Adtech.Tests.sms.AdminTest">
    <skipped/>
  </testcase> <!-- @BeforeMethod createUserCompany -->
  <testcase name="@BeforeMethod createUserCompany" time="0.0" classname="com.airtel.RestAssured.Adtech.Tests.billing.InvoiceTest">
    <skipped/>
  </testcase> <!-- @BeforeMethod createUserCompany -->
  <testcase name="@BeforeMethod createUserCompany" time="0.0" classname="com.airtel.RestAssured.Adtech.Tests.sms.TestSMSApiTest">
    <skipped/>
  </testcase> <!-- @BeforeMethod createUserCompany -->
  <testcase name="@BeforeMethod createUserCompany" time="0.0" classname="com.airtel.RestAssured.Adtech.Tests.sms.AnalyticsTimeSlotTest">
    <skipped/>
  </testcase> <!-- @BeforeMethod createUserCompany -->
  <testcase name="@BeforeMethod createUserCompany" time="0.0" classname="com.airtel.RestAssured.Adtech.Tests.sms.CampaignTest">
    <skipped/>
  </testcase> <!-- @BeforeMethod createUserCompany -->
  <testcase name="@BeforeMethod createUserCompany" time="0.0" classname="com.airtel.RestAssured.Adtech.Tests.sms.SmsDLTTest">
    <skipped/>
  </testcase> <!-- @BeforeMethod createUserCompany -->
  <testcase name="@BeforeMethod createUserCompany" time="0.0" classname="com.airtel.RestAssured.Adtech.Tests.sms.AdminTest">
    <skipped/>
  </testcase> <!-- @BeforeMethod createUserCompany -->
  <testcase name="@BeforeMethod createUserCompany" time="0.0" classname="com.airtel.RestAssured.Adtech.Tests.billing.InvoiceTest">
    <skipped/>
  </testcase> <!-- @BeforeMethod createUserCompany -->
  <testcase name="@BeforeMethod createUserCompany" time="0.0" classname="com.airtel.RestAssured.Adtech.Tests.billing.ReceiptTest">
    <skipped/>
  </testcase> <!-- @BeforeMethod createUserCompany -->
  <testcase name="@BeforeMethod createUserCompany" time="0.0" classname="com.airtel.RestAssured.Adtech.Tests.sms.TestSMSApiTest">
    <skipped/>
  </testcase> <!-- @BeforeMethod createUserCompany -->
  <testcase name="@BeforeMethod createUserCompany" time="0.0" classname="com.airtel.RestAssured.Adtech.Tests.sms.AnalyticsTimeSlotTest">
    <skipped/>
  </testcase> <!-- @BeforeMethod createUserCompany -->
  <testcase name="@BeforeMethod createUserCompany" time="0.0" classname="com.airtel.RestAssured.Adtech.Tests.sms.CampaignTest">
    <skipped/>
  </testcase> <!-- @BeforeMethod createUserCompany -->
  <testcase name="@BeforeMethod createUserCompany" time="0.0" classname="com.airtel.RestAssured.Adtech.Tests.sms.SmsDLTTest">
    <skipped/>
  </testcase> <!-- @BeforeMethod createUserCompany -->
  <testcase name="@BeforeMethod createUserCompany" time="0.0" classname="com.airtel.RestAssured.Adtech.Tests.sms.AdminTest">
    <skipped/>
  </testcase> <!-- @BeforeMethod createUserCompany -->
  <testcase name="@BeforeMethod createUserCompany" time="0.0" classname="com.airtel.RestAssured.Adtech.Tests.billing.InvoiceTest">
    <skipped/>
  </testcase> <!-- @BeforeMethod createUserCompany -->
  <testcase name="@BeforeMethod createUserCompany" time="0.0" classname="com.airtel.RestAssured.Adtech.Tests.billing.ReceiptTest">
    <skipped/>
  </testcase> <!-- @BeforeMethod createUserCompany -->
  <testcase name="@BeforeMethod createUserCompany" time="0.0" classname="com.airtel.RestAssured.Adtech.Tests.sms.TestSMSApiTest">
    <skipped/>
  </testcase> <!-- @BeforeMethod createUserCompany -->
  <testcase name="@BeforeMethod createUserCompany" time="0.0" classname="com.airtel.RestAssured.Adtech.Tests.sms.AnalyticsTimeSlotTest">
    <skipped/>
  </testcase> <!-- @BeforeMethod createUserCompany -->
  <testcase name="@BeforeMethod createUserCompany" time="0.0" classname="com.airtel.RestAssured.Adtech.Tests.sms.CampaignTest">
    <skipped/>
  </testcase> <!-- @BeforeMethod createUserCompany -->
  <testcase name="@BeforeMethod createUserCompany" time="0.0" classname="com.airtel.RestAssured.Adtech.Tests.sms.SmsDLTTest">
    <skipped/>
  </testcase> <!-- @BeforeMethod createUserCompany -->
  <testcase name="@BeforeMethod createUserCompany" time="0.0" classname="com.airtel.RestAssured.Adtech.Tests.sms.AdminTest">
    <skipped/>
  </testcase> <!-- @BeforeMethod createUserCompany -->
  <testcase name="@BeforeMethod createUserCompany" time="0.0" classname="com.airtel.RestAssured.Adtech.Tests.billing.InvoiceTest">
    <skipped/>
  </testcase> <!-- @BeforeMethod createUserCompany -->
  <testcase name="@BeforeMethod createUserCompany" time="0.0" classname="com.airtel.RestAssured.Adtech.Tests.billing.ReceiptTest">
    <skipped/>
  </testcase> <!-- @BeforeMethod createUserCompany -->
  <testcase name="@BeforeMethod createUserCompany" time="0.0" classname="com.airtel.RestAssured.Adtech.Tests.sms.TestSMSApiTest">
    <skipped/>
  </testcase> <!-- @BeforeMethod createUserCompany -->
  <testcase name="@BeforeMethod createUserCompany" time="0.0" classname="com.airtel.RestAssured.Adtech.Tests.sms.AnalyticsTimeSlotTest">
    <skipped/>
  </testcase> <!-- @BeforeMethod createUserCompany -->
  <testcase name="@BeforeMethod createUserCompany" time="0.0" classname="com.airtel.RestAssured.Adtech.Tests.sms.CampaignTest">
    <skipped/>
  </testcase> <!-- @BeforeMethod createUserCompany -->
  <testcase name="@BeforeMethod createUserCompany" time="0.0" classname="com.airtel.RestAssured.Adtech.Tests.sms.SmsDLTTest">
    <skipped/>
  </testcase> <!-- @BeforeMethod createUserCompany -->
  <testcase name="@BeforeMethod createUserCompany" time="0.0" classname="com.airtel.RestAssured.Adtech.Tests.sms.AdminTest">
    <skipped/>
  </testcase> <!-- @BeforeMethod createUserCompany -->
  <testcase name="@BeforeMethod createUserCompany" time="0.0" classname="com.airtel.RestAssured.Adtech.Tests.sms.AnalyticsTimeSlotTest">
    <skipped/>
  </testcase> <!-- @BeforeMethod createUserCompany -->
  <testcase name="@BeforeMethod createUserCompany" time="0.0" classname="com.airtel.RestAssured.Adtech.Tests.billing.InvoiceTest">
    <skipped/>
  </testcase> <!-- @BeforeMethod createUserCompany -->
  <testcase name="@BeforeMethod createUserCompany" time="0.0" classname="com.airtel.RestAssured.Adtech.Tests.billing.ReceiptTest">
    <skipped/>
  </testcase> <!-- @BeforeMethod createUserCompany -->
  <testcase name="@BeforeMethod createUserCompany" time="0.0" classname="com.airtel.RestAssured.Adtech.Tests.sms.TestSMSApiTest">
    <skipped/>
  </testcase> <!-- @BeforeMethod createUserCompany -->
  <testcase name="@BeforeMethod createUserCompany" time="0.0" classname="com.airtel.RestAssured.Adtech.Tests.sms.CampaignTest">
    <skipped/>
  </testcase> <!-- @BeforeMethod createUserCompany -->
  <testcase name="@BeforeMethod createUserCompany" time="0.0" classname="com.airtel.RestAssured.Adtech.Tests.billing.InvoiceTest">
    <skipped/>
  </testcase> <!-- @BeforeMethod createUserCompany -->
  <testcase name="@BeforeMethod createUserCompany" time="0.0" classname="com.airtel.RestAssured.Adtech.Tests.sms.SmsDLTTest">
    <skipped/>
  </testcase> <!-- @BeforeMethod createUserCompany -->
  <testcase name="@BeforeMethod createUserCompany" time="0.0" classname="com.airtel.RestAssured.Adtech.Tests.sms.AdminTest">
    <skipped/>
  </testcase> <!-- @BeforeMethod createUserCompany -->
  <testcase name="@BeforeMethod createUserCompany" time="0.0" classname="com.airtel.RestAssured.Adtech.Tests.billing.ReceiptTest">
    <skipped/>
  </testcase> <!-- @BeforeMethod createUserCompany -->
  <testcase name="@BeforeMethod createUserCompany" time="0.0" classname="com.airtel.RestAssured.Adtech.Tests.sms.AnalyticsTimeSlotTest">
    <skipped/>
  </testcase> <!-- @BeforeMethod createUserCompany -->
  <testcase name="@BeforeMethod createUserCompany" time="0.0" classname="com.airtel.RestAssured.Adtech.Tests.sms.CampaignTest">
    <skipped/>
  </testcase> <!-- @BeforeMethod createUserCompany -->
  <testcase name="@BeforeMethod createUserCompany" time="0.0" classname="com.airtel.RestAssured.Adtech.Tests.billing.InvoiceTest">
    <skipped/>
  </testcase> <!-- @BeforeMethod createUserCompany -->
  <testcase name="@BeforeMethod createUserCompany" time="0.0" classname="com.airtel.RestAssured.Adtech.Tests.sms.SmsDLTTest">
    <skipped/>
  </testcase> <!-- @BeforeMethod createUserCompany -->
  <testcase name="@BeforeMethod createUserCompany" time="0.0" classname="com.airtel.RestAssured.Adtech.Tests.sms.AdminTest">
    <skipped/>
  </testcase> <!-- @BeforeMethod createUserCompany -->
  <testcase name="@BeforeMethod createUserCompany" time="0.0" classname="com.airtel.RestAssured.Adtech.Tests.billing.ReceiptTest">
    <skipped/>
  </testcase> <!-- @BeforeMethod createUserCompany -->
  <testcase name="@BeforeMethod createUserCompany" time="0.0" classname="com.airtel.RestAssured.Adtech.Tests.sms.AnalyticsTimeSlotTest">
    <skipped/>
  </testcase> <!-- @BeforeMethod createUserCompany -->
  <testcase name="@BeforeMethod createUserCompany" time="0.0" classname="com.airtel.RestAssured.Adtech.Tests.sms.CampaignTest">
    <skipped/>
  </testcase> <!-- @BeforeMethod createUserCompany -->
  <testcase name="@BeforeMethod createUserCompany" time="0.0" classname="com.airtel.RestAssured.Adtech.Tests.billing.InvoiceTest">
    <skipped/>
  </testcase> <!-- @BeforeMethod createUserCompany -->
  <testcase name="@BeforeMethod createUserCompany" time="0.0" classname="com.airtel.RestAssured.Adtech.Tests.sms.AdminTest">
    <skipped/>
  </testcase> <!-- @BeforeMethod createUserCompany -->
  <testcase name="@BeforeMethod createUserCompany" time="0.0" classname="com.airtel.RestAssured.Adtech.Tests.billing.ReceiptTest">
    <skipped/>
  </testcase> <!-- @BeforeMethod createUserCompany -->
  <testcase name="@BeforeMethod createUserCompany" time="0.0" classname="com.airtel.RestAssured.Adtech.Tests.sms.AnalyticsTimeSlotTest">
    <skipped/>
  </testcase> <!-- @BeforeMethod createUserCompany -->
  <testcase name="@BeforeMethod createUserCompany" time="0.0" classname="com.airtel.RestAssured.Adtech.Tests.sms.CampaignTest">
    <skipped/>
  </testcase> <!-- @BeforeMethod createUserCompany -->
  <testcase name="@BeforeMethod createUserCompany" time="0.0" classname="com.airtel.RestAssured.Adtech.Tests.billing.InvoiceTest">
    <skipped/>
  </testcase> <!-- @BeforeMethod createUserCompany -->
  <testcase name="@BeforeMethod createUserCompany" time="0.0" classname="com.airtel.RestAssured.Adtech.Tests.sms.AdminTest">
    <skipped/>
  </testcase> <!-- @BeforeMethod createUserCompany -->
  <testcase name="@BeforeMethod createUserCompany" time="0.0" classname="com.airtel.RestAssured.Adtech.Tests.billing.ReceiptTest">
    <skipped/>
  </testcase> <!-- @BeforeMethod createUserCompany -->
  <testcase name="@BeforeMethod createUserCompany" time="0.0" classname="com.airtel.RestAssured.Adtech.Tests.sms.CampaignTest">
    <skipped/>
  </testcase> <!-- @BeforeMethod createUserCompany -->
  <testcase name="@BeforeMethod createUserCompany" time="0.0" classname="com.airtel.RestAssured.Adtech.Tests.billing.InvoiceTest">
    <skipped/>
  </testcase> <!-- @BeforeMethod createUserCompany -->
  <testcase name="@BeforeMethod createUserCompany" time="0.0" classname="com.airtel.RestAssured.Adtech.Tests.sms.AdminTest">
    <skipped/>
  </testcase> <!-- @BeforeMethod createUserCompany -->
  <testcase name="@BeforeMethod createUserCompany" time="0.0" classname="com.airtel.RestAssured.Adtech.Tests.sms.CampaignTest">
    <skipped/>
  </testcase> <!-- @BeforeMethod createUserCompany -->
  <testcase name="@BeforeMethod createUserCompany" time="0.0" classname="com.airtel.RestAssured.Adtech.Tests.billing.InvoiceTest">
    <skipped/>
  </testcase> <!-- @BeforeMethod createUserCompany -->
  <testcase name="@BeforeMethod createUserCompany" time="0.0" classname="com.airtel.RestAssured.Adtech.Tests.sms.AdminTest">
    <skipped/>
  </testcase> <!-- @BeforeMethod createUserCompany -->
  <testcase name="@BeforeMethod createUserCompany" time="0.0" classname="com.airtel.RestAssured.Adtech.Tests.sms.CampaignTest">
    <skipped/>
  </testcase> <!-- @BeforeMethod createUserCompany -->
  <testcase name="@BeforeMethod createUserCompany" time="0.0" classname="com.airtel.RestAssured.Adtech.Tests.billing.InvoiceTest">
    <skipped/>
  </testcase> <!-- @BeforeMethod createUserCompany -->
  <testcase name="@BeforeMethod createUserCompany" time="0.0" classname="com.airtel.RestAssured.Adtech.Tests.sms.AdminTest">
    <skipped/>
  </testcase> <!-- @BeforeMethod createUserCompany -->
  <testcase name="@BeforeMethod createUserCompany" time="0.0" classname="com.airtel.RestAssured.Adtech.Tests.sms.CampaignTest">
    <skipped/>
  </testcase> <!-- @BeforeMethod createUserCompany -->
  <testcase name="@BeforeMethod createUserCompany" time="0.0" classname="com.airtel.RestAssured.Adtech.Tests.sms.AdminTest">
    <skipped/>
  </testcase> <!-- @BeforeMethod createUserCompany -->
  <testcase name="@BeforeMethod createUserCompany" time="0.0" classname="com.airtel.RestAssured.Adtech.Tests.sms.CampaignTest">
    <skipped/>
  </testcase> <!-- @BeforeMethod createUserCompany -->
  <testcase name="@BeforeMethod createUserCompany" time="0.0" classname="com.airtel.RestAssured.Adtech.Tests.sms.AdminTest">
    <skipped/>
  </testcase> <!-- @BeforeMethod createUserCompany -->
  <testcase name="@BeforeMethod createUserCompany" time="0.0" classname="com.airtel.RestAssured.Adtech.Tests.sms.CampaignTest">
    <skipped/>
  </testcase> <!-- @BeforeMethod createUserCompany -->
  <testcase name="@BeforeMethod createUserCompany" time="0.0" classname="com.airtel.RestAssured.Adtech.Tests.sms.AdminTest">
    <skipped/>
  </testcase> <!-- @BeforeMethod createUserCompany -->
  <testcase name="@BeforeMethod createUserCompany" time="0.0" classname="com.airtel.RestAssured.Adtech.Tests.sms.CampaignTest">
    <skipped/>
  </testcase> <!-- @BeforeMethod createUserCompany -->
  <testcase name="@BeforeMethod createUserCompany" time="0.0" classname="com.airtel.RestAssured.Adtech.Tests.sms.AdminTest">
    <skipped/>
  </testcase> <!-- @BeforeMethod createUserCompany -->
  <testcase name="@BeforeMethod createUserCompany" time="0.0" classname="com.airtel.RestAssured.Adtech.Tests.sms.CampaignTest">
    <skipped/>
  </testcase> <!-- @BeforeMethod createUserCompany -->
  <testcase name="@BeforeMethod createUserCompany" time="0.0" classname="com.airtel.RestAssured.Adtech.Tests.sms.AdminTest">
    <skipped/>
  </testcase> <!-- @BeforeMethod createUserCompany -->
  <testcase name="@BeforeMethod createUserCompany" time="0.0" classname="com.airtel.RestAssured.Adtech.Tests.sms.CampaignTest">
    <skipped/>
  </testcase> <!-- @BeforeMethod createUserCompany -->
  <testcase name="@BeforeMethod createUserCompany" time="0.0" classname="com.airtel.RestAssured.Adtech.Tests.sms.AdminTest">
    <skipped/>
  </testcase> <!-- @BeforeMethod createUserCompany -->
  <testcase name="@BeforeMethod createUserCompany" time="0.0" classname="com.airtel.RestAssured.Adtech.Tests.sms.CampaignTest">
    <skipped/>
  </testcase> <!-- @BeforeMethod createUserCompany -->
  <testcase name="@BeforeMethod createUserCompany" time="0.0" classname="com.airtel.RestAssured.Adtech.Tests.sms.AdminTest">
    <skipped/>
  </testcase> <!-- @BeforeMethod createUserCompany -->
  <testcase name="@BeforeMethod createUserCompany" time="0.0" classname="com.airtel.RestAssured.Adtech.Tests.sms.CampaignTest">
    <skipped/>
  </testcase> <!-- @BeforeMethod createUserCompany -->
  <testcase name="@BeforeMethod createUserCompany" time="0.0" classname="com.airtel.RestAssured.Adtech.Tests.sms.AdminTest">
    <skipped/>
  </testcase> <!-- @BeforeMethod createUserCompany -->
  <testcase name="@BeforeMethod createUserCompany" time="0.0" classname="com.airtel.RestAssured.Adtech.Tests.sms.AdminTest">
    <skipped/>
  </testcase> <!-- @BeforeMethod createUserCompany -->
  <testcase name="@BeforeMethod createUserCompany" time="0.0" classname="com.airtel.RestAssured.Adtech.Tests.sms.AdminTest">
    <skipped/>
  </testcase> <!-- @BeforeMethod createUserCompany -->
  <testcase name="@BeforeMethod createUserCompany" time="0.0" classname="com.airtel.RestAssured.Adtech.Tests.sms.AdminTest">
    <skipped/>
  </testcase> <!-- @BeforeMethod createUserCompany -->
  <testcase name="@BeforeMethod createUserCompany" time="0.0" classname="com.airtel.RestAssured.Adtech.Tests.sms.AdminTest">
    <skipped/>
  </testcase> <!-- @BeforeMethod createUserCompany -->
  <testcase name="@BeforeMethod createUserCompany" time="0.0" classname="com.airtel.RestAssured.Adtech.Tests.sms.AdminTest">
    <skipped/>
  </testcase> <!-- @BeforeMethod createUserCompany -->
  <testcase name="@BeforeMethod createUserCompany" time="0.0" classname="com.airtel.RestAssured.Adtech.Tests.sms.AdminTest">
    <skipped/>
  </testcase> <!-- @BeforeMethod createUserCompany -->
  <testcase name="@BeforeMethod createUserCompany" time="0.0" classname="com.airtel.RestAssured.Adtech.Tests.sms.AdminTest">
    <skipped/>
  </testcase> <!-- @BeforeMethod createUserCompany -->
  <testcase name="@BeforeMethod createUserCompany" time="0.0" classname="com.airtel.RestAssured.Adtech.Tests.sms.AdminTest">
    <skipped/>
  </testcase> <!-- @BeforeMethod createUserCompany -->
  <testcase name="@BeforeMethod createUserCompany" time="0.0" classname="com.airtel.RestAssured.Adtech.Tests.sms.AdminTest">
    <skipped/>
  </testcase> <!-- @BeforeMethod createUserCompany -->
  <testcase name="@BeforeMethod createUserCompany" time="0.0" classname="com.airtel.RestAssured.Adtech.Tests.sms.AdminTest">
    <skipped/>
  </testcase> <!-- @BeforeMethod createUserCompany -->
  <testcase name="@BeforeMethod createUserCompany" time="0.0" classname="com.airtel.RestAssured.Adtech.Tests.sms.AdminTest">
    <skipped/>
  </testcase> <!-- @BeforeMethod createUserCompany -->
  <testcase name="TestAuthenticationAPI" time="2.164" classname="com.Adtech.Authentication.Test.AuthenticationTest"/>
  <testcase name="createCamapignandVerifyAudienceinMongo" time="0.001" classname="com.airtel.RestAssured.Adtech.Tests.sms.AudienceTest">
    <skipped/>
  </testcase> <!-- createCamapignandVerifyAudienceinMongo -->
  <testcase name="fetchAudience" time="0.0" classname="com.airtel.RestAssured.Adtech.Tests.sms.AudienceTest">
    <skipped/>
  </testcase> <!-- fetchAudience -->
  <testcase name="getAudienceCount" time="0.0" classname="com.airtel.RestAssured.Adtech.Tests.sms.AudienceTest">
    <skipped/>
  </testcase> <!-- getAudienceCount -->
  <testcase name="verifyApproveAudience" time="0.0" classname="com.airtel.RestAssured.Adtech.Tests.sms.AudienceTest">
    <skipped/>
  </testcase> <!-- verifyApproveAudience -->
  <testcase name="verifyAudienceonUpdatedOrder" time="0.0" classname="com.airtel.RestAssured.Adtech.Tests.sms.AudienceTest">
    <skipped/>
  </testcase> <!-- verifyAudienceonUpdatedOrder -->
  <testcase name="demo" time="0.396" classname="com.airtel.RestAssured.Adtech.Tests.sms.DemoTest">
    <failure type="java.lang.AssertionError" message="expected [true] but found [false]">
      <![CDATA[java.lang.AssertionError: expected [true] but found [false]
	at com.airtel.helper.common.ApiHelper.fetchApiResponse(ApiHelper.java:156)
	at com.airtel.RestAssured.Adtech.Tests.sms.DemoTest.demo(DemoTest.java:14)
... Removed 33 stack frames]]>
    </failure>
  </testcase> <!-- demo -->
  <testcase name="demo" time="0.281" classname="com.airtel.RestAssured.Adtech.Tests.sms.adconfigTest">
    <failure type="java.lang.AssertionError" message="expected [true] but found [false]">
      <![CDATA[java.lang.AssertionError: expected [true] but found [false]
	at com.airtel.helper.common.ApiHelper.fetchApiResponse(ApiHelper.java:156)
	at com.airtel.helper.common.ApiHelper.getResponseWithHeaders(ApiHelper.java:233)
	at com.airtel.helper.common.ApiHelper.getResponseWithHeaders(ApiHelper.java:201)
	at com.airtel.RestAssured.Adtech.Tests.sms.adconfigTest.demo(adconfigTest.java:30)
... Removed 33 stack frames]]>
    </failure>
  </testcase> <!-- demo -->
  <testcase name="submitCampaignandValidatewithPeid" time="0.0" classname="com.airtel.RestAssured.Adtech.Tests.sms.CampaignTest">
    <skipped/>
  </testcase> <!-- submitCampaignandValidatewithPeid -->
  <testcase name="registerandvalidateDlt" time="0.0" classname="com.airtel.RestAssured.Adtech.Tests.sms.SmsDLTTest">
    <skipped/>
  </testcase> <!-- registerandvalidateDlt -->
  <testcase name="campaignListByPageLimitAndSort" time="0.0" classname="com.airtel.RestAssured.Adtech.Tests.sms.AdminTest">
    <skipped/>
  </testcase> <!-- campaignListByPageLimitAndSort -->
  <testcase name="fetchAnalytics" time="0.0" classname="com.airtel.RestAssured.Adtech.Tests.sms.AnalyticsTimeSlotTest">
    <skipped/>
  </testcase> <!-- fetchAnalytics -->
  <testcase name="fetchInvoices" time="0.0" classname="com.airtel.RestAssured.Adtech.Tests.billing.InvoiceTest">
    <skipped/>
  </testcase> <!-- fetchInvoices -->
  <testcase name="validateInitiatePaymentSuccess" time="0.0" classname="com.airtel.RestAssured.Adtech.Tests.billing.ReceiptTest">
    <skipped/>
  </testcase> <!-- validateInitiatePaymentSuccess -->
  <testcase name="testSMSSend" time="0.0" classname="com.airtel.RestAssured.Adtech.Tests.sms.TestSMSApiTest">
    <skipped/>
  </testcase> <!-- testSMSSend -->
  <testcase name="submitCampaignandValidatewithPan" time="0.001" classname="com.airtel.RestAssured.Adtech.Tests.sms.CampaignTest">
    <skipped/>
  </testcase> <!-- submitCampaignandValidatewithPan -->
  <testcase name="registerDLTwithPeid" time="0.0" classname="com.airtel.RestAssured.Adtech.Tests.sms.SmsDLTTest">
    <skipped/>
  </testcase> <!-- registerDLTwithPeid -->
  <testcase name="dltListByPageLimitAndSort" time="0.0" classname="com.airtel.RestAssured.Adtech.Tests.sms.AdminTest">
    <skipped/>
  </testcase> <!-- dltListByPageLimitAndSort -->
  <testcase name="fetchAnalyticsAdmin" time="0.0" classname="com.airtel.RestAssured.Adtech.Tests.sms.AnalyticsTimeSlotTest">
    <skipped/>
  </testcase> <!-- fetchAnalyticsAdmin -->
  <testcase name="fetchInvoiceAfterValidatePayment" time="0.0" classname="com.airtel.RestAssured.Adtech.Tests.billing.InvoiceTest">
    <skipped/>
  </testcase> <!-- fetchInvoiceAfterValidatePayment -->
  <testcase name="validateInitiatePaymentFailure" time="0.0" classname="com.airtel.RestAssured.Adtech.Tests.billing.ReceiptTest">
    <skipped/>
  </testcase> <!-- validateInitiatePaymentFailure -->
  <testcase name="testSMSWithDraftStatus" time="0.0" classname="com.airtel.RestAssured.Adtech.Tests.sms.TestSMSApiTest">
    <skipped/>
  </testcase> <!-- testSMSWithDraftStatus -->
  <testcase name="registerNewTemplatewithDLT" time="0.0" classname="com.airtel.RestAssured.Adtech.Tests.sms.CampaignTest">
    <skipped/>
  </testcase> <!-- registerNewTemplatewithDLT -->
  <testcase name="registerDltwithDraftStatus" time="0.0" classname="com.airtel.RestAssured.Adtech.Tests.sms.SmsDLTTest">
    <skipped/>
  </testcase> <!-- registerDltwithDraftStatus -->
  <testcase name="campaignListWithZeroPageNo" time="0.0" classname="com.airtel.RestAssured.Adtech.Tests.sms.AdminTest">
    <skipped/>
  </testcase> <!-- campaignListWithZeroPageNo -->
  <testcase name="fetchInvoiceForInvalidPayment" time="0.0" classname="com.airtel.RestAssured.Adtech.Tests.billing.InvoiceTest">
    <skipped/>
  </testcase> <!-- fetchInvoiceForInvalidPayment -->
  <testcase name="initiatePaymentwithInvalidAmount" time="0.0" classname="com.airtel.RestAssured.Adtech.Tests.billing.ReceiptTest">
    <skipped/>
  </testcase> <!-- initiatePaymentwithInvalidAmount -->
  <testcase name="testSMSWithSubmittedStatus" time="0.0" classname="com.airtel.RestAssured.Adtech.Tests.sms.TestSMSApiTest">
    <skipped/>
  </testcase> <!-- testSMSWithSubmittedStatus -->
  <testcase name="verifyTimeSlotPositiveCase" time="0.0" classname="com.airtel.RestAssured.Adtech.Tests.sms.AnalyticsTimeSlotTest">
    <skipped/>
  </testcase> <!-- verifyTimeSlotPositiveCase -->
  <testcase name="fetchandSubmitCampaign" time="0.0" classname="com.airtel.RestAssured.Adtech.Tests.sms.CampaignTest">
    <skipped/>
  </testcase> <!-- fetchandSubmitCampaign -->
  <testcase name="registerDltandCampaignwithDraftStatus" time="0.0" classname="com.airtel.RestAssured.Adtech.Tests.sms.SmsDLTTest">
    <skipped/>
  </testcase> <!-- registerDltandCampaignwithDraftStatus -->
  <testcase name="dltListWithMaxPageNo" time="0.0" classname="com.airtel.RestAssured.Adtech.Tests.sms.AdminTest">
    <skipped/>
  </testcase> <!-- dltListWithMaxPageNo -->
  <testcase name="invalidTimeSlot" time="0.0" classname="com.airtel.RestAssured.Adtech.Tests.sms.AnalyticsTimeSlotTest">
    <skipped/>
  </testcase> <!-- invalidTimeSlot -->
  <testcase name="fetchInvoiceWithoutCloseFlag" time="0.0" classname="com.airtel.RestAssured.Adtech.Tests.billing.InvoiceTest">
    <skipped/>
  </testcase> <!-- fetchInvoiceWithoutCloseFlag -->
  <testcase name="initiatePaymentOnPartialPaidInvoice" time="0.0" classname="com.airtel.RestAssured.Adtech.Tests.billing.ReceiptTest">
    <skipped/>
  </testcase> <!-- initiatePaymentOnPartialPaidInvoice -->
  <testcase name="testSMSwithMultipleTemplates" time="0.0" classname="com.airtel.RestAssured.Adtech.Tests.sms.TestSMSApiTest">
    <skipped/>
  </testcase> <!-- testSMSwithMultipleTemplates -->
  <testcase name="updateExistingCampaign" time="0.0" classname="com.airtel.RestAssured.Adtech.Tests.sms.CampaignTest">
    <skipped/>
  </testcase> <!-- updateExistingCampaign -->
  <testcase name="validateCampaignandDLTWithSubmittedStatus" time="0.0" classname="com.airtel.RestAssured.Adtech.Tests.sms.SmsDLTTest">
    <skipped/>
  </testcase> <!-- validateCampaignandDLTWithSubmittedStatus -->
  <testcase name="campaignListWithZeroLimit" time="0.0" classname="com.airtel.RestAssured.Adtech.Tests.sms.AdminTest">
    <skipped/>
  </testcase> <!-- campaignListWithZeroLimit -->
  <testcase name="initiatePaymentWithInvalidEvent" time="0.0" classname="com.airtel.RestAssured.Adtech.Tests.billing.ReceiptTest">
    <skipped/>
  </testcase> <!-- initiatePaymentWithInvalidEvent -->
  <testcase name="testSMSTrackCount" time="0.0" classname="com.airtel.RestAssured.Adtech.Tests.sms.TestSMSApiTest">
    <skipped/>
  </testcase> <!-- testSMSTrackCount -->
  <testcase name="invalidTimeSlotFormat" time="0.0" classname="com.airtel.RestAssured.Adtech.Tests.sms.AnalyticsTimeSlotTest">
    <skipped/>
  </testcase> <!-- invalidTimeSlotFormat -->
  <testcase name="multipleCampaignWithDLTapproved" time="0.0" classname="com.airtel.RestAssured.Adtech.Tests.sms.CampaignTest">
    <skipped/>
  </testcase> <!-- multipleCampaignWithDLTapproved -->
  <testcase name="approveandverifyCampignandDLTwithPeid" time="0.0" classname="com.airtel.RestAssured.Adtech.Tests.sms.SmsDLTTest">
    <skipped/>
  </testcase> <!-- approveandverifyCampignandDLTwithPeid -->
  <testcase name="campaignListWithNullLimit" time="0.0" classname="com.airtel.RestAssured.Adtech.Tests.sms.AdminTest">
    <skipped/>
  </testcase> <!-- campaignListWithNullLimit -->
  <testcase name="fetchInvoiceAfterFailurePayment" time="0.0" classname="com.airtel.RestAssured.Adtech.Tests.billing.InvoiceTest">
    <skipped/>
  </testcase> <!-- fetchInvoiceAfterFailurePayment -->
  <testcase name="initiatePaymentWithMultipleInvoices" time="0.0" classname="com.airtel.RestAssured.Adtech.Tests.billing.ReceiptTest">
    <skipped/>
  </testcase> <!-- initiatePaymentWithMultipleInvoices -->
  <testcase name="testSMSExpiryDate" time="0.0" classname="com.airtel.RestAssured.Adtech.Tests.sms.TestSMSApiTest">
    <skipped/>
  </testcase> <!-- testSMSExpiryDate -->
  <testcase name="timeSlotAfterNine" time="0.0" classname="com.airtel.RestAssured.Adtech.Tests.sms.AnalyticsTimeSlotTest">
    <skipped/>
  </testcase> <!-- timeSlotAfterNine -->
  <testcase name="multiCampaignswithSubmittedStatus" time="0.0" classname="com.airtel.RestAssured.Adtech.Tests.sms.CampaignTest">
    <skipped/>
  </testcase> <!-- multiCampaignswithSubmittedStatus -->
  <testcase name="approveandverifyCampignandDLTwithPan" time="0.0" classname="com.airtel.RestAssured.Adtech.Tests.sms.SmsDLTTest">
    <skipped/>
  </testcase> <!-- approveandverifyCampignandDLTwithPan -->
  <testcase name="campaignListWithNullOffset" time="0.0" classname="com.airtel.RestAssured.Adtech.Tests.sms.AdminTest">
    <skipped/>
  </testcase> <!-- campaignListWithNullOffset -->
  <testcase name="fetchReceipts" time="0.0" classname="com.airtel.RestAssured.Adtech.Tests.billing.InvoiceTest">
    <skipped/>
  </testcase> <!-- fetchReceipts -->
  <testcase name="testSMSIncorrectTemplateId" time="0.0" classname="com.airtel.RestAssured.Adtech.Tests.sms.TestSMSApiTest">
    <skipped/>
  </testcase> <!-- testSMSIncorrectTemplateId -->
  <testcase name="timeSlotWithTweleveHourWindow" time="0.0" classname="com.airtel.RestAssured.Adtech.Tests.sms.AnalyticsTimeSlotTest">
    <skipped/>
  </testcase> <!-- timeSlotWithTweleveHourWindow -->
  <testcase name="createOrderWithoutDLT" time="0.0" classname="com.airtel.RestAssured.Adtech.Tests.sms.CampaignTest">
    <skipped/>
  </testcase> <!-- createOrderWithoutDLT -->
  <testcase name="verifyPeidWithInvalidData" time="0.0" classname="com.airtel.RestAssured.Adtech.Tests.sms.SmsDLTTest">
    <skipped/>
  </testcase> <!-- verifyPeidWithInvalidData -->
  <testcase name="campaignListByPageLimitAndSortDesc" time="0.0" classname="com.airtel.RestAssured.Adtech.Tests.sms.AdminTest">
    <skipped/>
  </testcase> <!-- campaignListByPageLimitAndSortDesc -->
  <testcase name="fetchTransaction" time="0.0" classname="com.airtel.RestAssured.Adtech.Tests.billing.InvoiceTest">
    <skipped/>
  </testcase> <!-- fetchTransaction -->
  <testcase name="verifyValidateAPITwice" time="0.0" classname="com.airtel.RestAssured.Adtech.Tests.billing.ReceiptTest">
    <skipped/>
  </testcase> <!-- verifyValidateAPITwice -->
  <testcase name="testSMSIncorrectHeaderId" time="0.0" classname="com.airtel.RestAssured.Adtech.Tests.sms.TestSMSApiTest">
    <skipped/>
  </testcase> <!-- testSMSIncorrectHeaderId -->
  <testcase name="outdatedCampaignDuration" time="0.0" classname="com.airtel.RestAssured.Adtech.Tests.sms.AnalyticsTimeSlotTest">
    <skipped/>
  </testcase> <!-- outdatedCampaignDuration -->
  <testcase name="orderwithInvalidIndustry" time="0.0" classname="com.airtel.RestAssured.Adtech.Tests.sms.CampaignTest">
    <skipped/>
  </testcase> <!-- orderwithInvalidIndustry -->
  <testcase name="registerDltMultipleTimeswithSingleUser" time="0.0" classname="com.airtel.RestAssured.Adtech.Tests.sms.SmsDLTTest">
    <skipped/>
  </testcase> <!-- registerDltMultipleTimeswithSingleUser -->
  <testcase name="getCampaignSearchWithTitle" time="0.0" classname="com.airtel.RestAssured.Adtech.Tests.sms.AdminTest">
    <skipped/>
  </testcase> <!-- getCampaignSearchWithTitle -->
  <testcase name="verifyTdsNegValue" time="0.0" classname="com.airtel.RestAssured.Adtech.Tests.billing.InvoiceTest">
    <skipped/>
  </testcase> <!-- verifyTdsNegValue -->
  <testcase name="initiatePaymentOnProceesedStatus" time="0.001" classname="com.airtel.RestAssured.Adtech.Tests.billing.ReceiptTest">
    <skipped/>
  </testcase> <!-- initiatePaymentOnProceesedStatus -->
  <testcase name="testSMSIncorrectTemplateContent" time="0.001" classname="com.airtel.RestAssured.Adtech.Tests.sms.TestSMSApiTest">
    <skipped/>
  </testcase> <!-- testSMSIncorrectTemplateContent -->
  <testcase name="futureDatedCampaignDuration" time="0.0" classname="com.airtel.RestAssured.Adtech.Tests.sms.AnalyticsTimeSlotTest">
    <skipped/>
  </testcase> <!-- futureDatedCampaignDuration -->
  <testcase name="createCamapignwithCurrentDate" time="0.0" classname="com.airtel.RestAssured.Adtech.Tests.sms.CampaignTest">
    <skipped/>
  </testcase> <!-- createCamapignwithCurrentDate -->
  <testcase name="headerIdwithMultipleTemplates" time="0.0" classname="com.airtel.RestAssured.Adtech.Tests.sms.SmsDLTTest">
    <skipped/>
  </testcase> <!-- headerIdwithMultipleTemplates -->
  <testcase name="getDLTSearchWithCompany" time="0.0" classname="com.airtel.RestAssured.Adtech.Tests.sms.AdminTest">
    <skipped/>
  </testcase> <!-- getDLTSearchWithCompany -->
  <testcase name="verifyTdsuptoThreeDecimcalValue" time="0.0" classname="com.airtel.RestAssured.Adtech.Tests.billing.InvoiceTest">
    <skipped/>
  </testcase> <!-- verifyTdsuptoThreeDecimcalValue -->
  <testcase name="validateInvoiceAndReceipt" time="0.0" classname="com.airtel.RestAssured.Adtech.Tests.billing.ReceiptTest">
    <skipped/>
  </testcase> <!-- validateInvoiceAndReceipt -->
  <testcase name="testSMSBlankBody" time="0.0" classname="com.airtel.RestAssured.Adtech.Tests.sms.TestSMSApiTest">
    <skipped/>
  </testcase> <!-- testSMSBlankBody -->
  <testcase name="validateLinkTracking" time="0.0" classname="com.airtel.RestAssured.Adtech.Tests.sms.AnalyticsTimeSlotTest">
    <skipped/>
  </testcase> <!-- validateLinkTracking -->
  <testcase name="createCamapignwithIncorrectTemplateId" time="0.0" classname="com.airtel.RestAssured.Adtech.Tests.sms.CampaignTest">
    <skipped/>
  </testcase> <!-- createCamapignwithIncorrectTemplateId -->
  <testcase name="sendOtp" time="0.0" classname="com.airtel.RestAssured.Adtech.Tests.sms.SmsDLTTest">
    <skipped/>
  </testcase> <!-- sendOtp -->
  <testcase name="getCampaignByPartialTemplateSearch" time="0.0" classname="com.airtel.RestAssured.Adtech.Tests.sms.AdminTest">
    <skipped/>
  </testcase> <!-- getCampaignByPartialTemplateSearch -->
  <testcase name="verifylinkScehdulerforApprovedOrders" time="0.0" classname="com.airtel.RestAssured.Adtech.Tests.sms.AnalyticsTimeSlotTest">
    <skipped/>
  </testcase> <!-- verifylinkScehdulerforApprovedOrders -->
  <testcase name="verifyTdsGreaterThanTenValue" time="0.0" classname="com.airtel.RestAssured.Adtech.Tests.billing.InvoiceTest">
    <skipped/>
  </testcase> <!-- verifyTdsGreaterThanTenValue -->
  <testcase name="validateInvoiceReceiptWithLessInvoiceAmount" time="0.0" classname="com.airtel.RestAssured.Adtech.Tests.billing.ReceiptTest">
    <skipped/>
  </testcase> <!-- validateInvoiceReceiptWithLessInvoiceAmount -->
  <testcase name="testSMSInvalidPhoneNumber" time="0.0" classname="com.airtel.RestAssured.Adtech.Tests.sms.TestSMSApiTest">
    <skipped/>
  </testcase> <!-- testSMSInvalidPhoneNumber -->
  <testcase name="calculateBudgetandcreateOrder" time="0.0" classname="com.airtel.RestAssured.Adtech.Tests.sms.CampaignTest">
    <skipped/>
  </testcase> <!-- calculateBudgetandcreateOrder -->
  <testcase name="verifyTdsuptoTwoDecimcalValue" time="0.0" classname="com.airtel.RestAssured.Adtech.Tests.billing.InvoiceTest">
    <skipped/>
  </testcase> <!-- verifyTdsuptoTwoDecimcalValue -->
  <testcase name="validateOtp" time="0.0" classname="com.airtel.RestAssured.Adtech.Tests.sms.SmsDLTTest">
    <skipped/>
  </testcase> <!-- validateOtp -->
  <testcase name="getDLTBySearchWithEmail" time="0.0" classname="com.airtel.RestAssured.Adtech.Tests.sms.AdminTest">
    <skipped/>
  </testcase> <!-- getDLTBySearchWithEmail -->
  <testcase name="verifyReceiptsforMultipleInvoices" time="0.0" classname="com.airtel.RestAssured.Adtech.Tests.billing.ReceiptTest">
    <skipped/>
  </testcase> <!-- verifyReceiptsforMultipleInvoices -->
  <testcase name="verifylinkSchedulerforValidityExpired" time="0.0" classname="com.airtel.RestAssured.Adtech.Tests.sms.AnalyticsTimeSlotTest">
    <skipped/>
  </testcase> <!-- verifylinkSchedulerforValidityExpired -->
  <testcase name="orderWithInvalidIndustryinBudgetApi" time="0.0" classname="com.airtel.RestAssured.Adtech.Tests.sms.CampaignTest">
    <skipped/>
  </testcase> <!-- orderWithInvalidIndustryinBudgetApi -->
  <testcase name="verifyTdsasNullValue" time="0.0" classname="com.airtel.RestAssured.Adtech.Tests.billing.InvoiceTest">
    <skipped/>
  </testcase> <!-- verifyTdsasNullValue -->
  <testcase name="incorrectPanExtension" time="0.0" classname="com.airtel.RestAssured.Adtech.Tests.sms.SmsDLTTest">
    <skipped/>
  </testcase> <!-- incorrectPanExtension -->
  <testcase name="getDLTByPartialSearchWithName" time="0.0" classname="com.airtel.RestAssured.Adtech.Tests.sms.AdminTest">
    <skipped/>
  </testcase> <!-- getDLTByPartialSearchWithName -->
  <testcase name="verifyReceiptsforMultipleInvoiceswithPendingReceipts" time="0.0" classname="com.airtel.RestAssured.Adtech.Tests.billing.ReceiptTest">
    <skipped/>
  </testcase> <!-- verifyReceiptsforMultipleInvoiceswithPendingReceipts -->
  <testcase name="verifyIncorrectURlinSubmitCampaign" time="0.0" classname="com.airtel.RestAssured.Adtech.Tests.sms.AnalyticsTimeSlotTest">
    <skipped/>
  </testcase> <!-- verifyIncorrectURlinSubmitCampaign -->
  <testcase name="verifySchedulerwithCompletedStatus" time="0.0" classname="com.airtel.RestAssured.Adtech.Tests.sms.CampaignTest">
    <skipped/>
  </testcase> <!-- verifySchedulerwithCompletedStatus -->
  <testcase name="verifyValidateAdtechBillingApi" time="0.0" classname="com.airtel.RestAssured.Adtech.Tests.billing.InvoiceTest">
    <skipped/>
  </testcase> <!-- verifyValidateAdtechBillingApi -->
  <testcase name="getDLTByIncorrectSearch" time="0.0" classname="com.airtel.RestAssured.Adtech.Tests.sms.AdminTest">
    <skipped/>
  </testcase> <!-- getDLTByIncorrectSearch -->
  <testcase name="verifyReceiptswithGreaterAmountThanInvoice" time="0.0" classname="com.airtel.RestAssured.Adtech.Tests.billing.ReceiptTest">
    <skipped/>
  </testcase> <!-- verifyReceiptswithGreaterAmountThanInvoice -->
  <testcase name="verifyValidityinDays" time="0.0" classname="com.airtel.RestAssured.Adtech.Tests.sms.AnalyticsTimeSlotTest">
    <skipped/>
  </testcase> <!-- verifyValidityinDays -->
  <testcase name="verifySchedulerwithFailedStatus" time="0.0" classname="com.airtel.RestAssured.Adtech.Tests.sms.CampaignTest">
    <skipped/>
  </testcase> <!-- verifySchedulerwithFailedStatus -->
  <testcase name="verifyTransactionStatus" time="0.0" classname="com.airtel.RestAssured.Adtech.Tests.billing.InvoiceTest">
    <skipped/>
  </testcase> <!-- verifyTransactionStatus -->
  <testcase name="verifyTagPeid" time="0.0" classname="com.airtel.RestAssured.Adtech.Tests.sms.AdminTest">
    <skipped/>
  </testcase> <!-- verifyTagPeid -->
  <testcase name="duplicateEvent" time="0.0" classname="com.airtel.RestAssured.Adtech.Tests.billing.ReceiptTest">
    <skipped/>
  </testcase> <!-- duplicateEvent -->
  <testcase name="verifySchedulerwithDummyEvent" time="0.0" classname="com.airtel.RestAssured.Adtech.Tests.sms.CampaignTest">
    <skipped/>
  </testcase> <!-- verifySchedulerwithDummyEvent -->
  <testcase name="verifyInitiatewithIncorrectCompany" time="0.0" classname="com.airtel.RestAssured.Adtech.Tests.billing.InvoiceTest">
    <skipped/>
  </testcase> <!-- verifyInitiatewithIncorrectCompany -->
  <testcase name="verifyTagPeidInCampaign" time="0.0" classname="com.airtel.RestAssured.Adtech.Tests.sms.AdminTest">
    <skipped/>
  </testcase> <!-- verifyTagPeidInCampaign -->
  <testcase name="verifySchedulerwithFileCreationEvent" time="0.0" classname="com.airtel.RestAssured.Adtech.Tests.sms.CampaignTest">
    <skipped/>
  </testcase> <!-- verifySchedulerwithFileCreationEvent -->
  <testcase name="verifyInitiatewithIncorrectUserId" time="0.0" classname="com.airtel.RestAssured.Adtech.Tests.billing.InvoiceTest">
    <skipped/>
  </testcase> <!-- verifyInitiatewithIncorrectUserId -->
  <testcase name="verifyTagPeidWithDraftDLT" time="0.0" classname="com.airtel.RestAssured.Adtech.Tests.sms.AdminTest">
    <skipped/>
  </testcase> <!-- verifyTagPeidWithDraftDLT -->
  <testcase name="fetchOrderListandValidate" time="0.0" classname="com.airtel.RestAssured.Adtech.Tests.sms.CampaignTest">
    <skipped/>
  </testcase> <!-- fetchOrderListandValidate -->
  <testcase name="verifyInitiatewithoutUser" time="0.0" classname="com.airtel.RestAssured.Adtech.Tests.billing.InvoiceTest">
    <skipped/>
  </testcase> <!-- verifyInitiatewithoutUser -->
  <testcase name="verifyTagPeidForDLTVerifiedStatus" time="0.0" classname="com.airtel.RestAssured.Adtech.Tests.sms.AdminTest">
    <skipped/>
  </testcase> <!-- verifyTagPeidForDLTVerifiedStatus -->
  <testcase name="createOrderWithMultipleHeaders" time="0.0" classname="com.airtel.RestAssured.Adtech.Tests.sms.CampaignTest">
    <skipped/>
  </testcase> <!-- createOrderWithMultipleHeaders -->
  <testcase name="verifyFetchDLTDetailswithPan" time="0.0" classname="com.airtel.RestAssured.Adtech.Tests.sms.AdminTest">
    <skipped/>
  </testcase> <!-- verifyFetchDLTDetailswithPan -->
  <testcase name="createOrderWithNewTemplate" time="0.0" classname="com.airtel.RestAssured.Adtech.Tests.sms.CampaignTest">
    <skipped/>
  </testcase> <!-- createOrderWithNewTemplate -->
  <testcase name="validateFetchDLTWithPeidCampaign" time="0.0" classname="com.airtel.RestAssured.Adtech.Tests.sms.AdminTest">
    <skipped/>
  </testcase> <!-- validateFetchDLTWithPeidCampaign -->
  <testcase name="createOrderWithmultipleTemplatewithSingleHeader" time="0.0" classname="com.airtel.RestAssured.Adtech.Tests.sms.CampaignTest">
    <skipped/>
  </testcase> <!-- createOrderWithmultipleTemplatewithSingleHeader -->
  <testcase name="verifyNotifyUser" time="0.0" classname="com.airtel.RestAssured.Adtech.Tests.sms.AdminTest">
    <skipped/>
  </testcase> <!-- verifyNotifyUser -->
  <testcase name="panOrderWithMultipleHeaders" time="0.0" classname="com.airtel.RestAssured.Adtech.Tests.sms.CampaignTest">
    <skipped/>
  </testcase> <!-- panOrderWithMultipleHeaders -->
  <testcase name="verifyNotifyUserWithoutPeid" time="0.0" classname="com.airtel.RestAssured.Adtech.Tests.sms.AdminTest">
    <skipped/>
  </testcase> <!-- verifyNotifyUserWithoutPeid -->
  <testcase name="panOrderWithNewTemplate" time="0.0" classname="com.airtel.RestAssured.Adtech.Tests.sms.CampaignTest">
    <skipped/>
  </testcase> <!-- panOrderWithNewTemplate -->
  <testcase name="verifyNotifyUserWithCampaign" time="0.0" classname="com.airtel.RestAssured.Adtech.Tests.sms.AdminTest">
    <skipped/>
  </testcase> <!-- verifyNotifyUserWithCampaign -->
  <testcase name="registerHeaderWithoutDLT" time="0.0" classname="com.airtel.RestAssured.Adtech.Tests.sms.CampaignTest">
    <skipped/>
  </testcase> <!-- registerHeaderWithoutDLT -->
  <testcase name="verifyAdminApproveDLTwithPan" time="0.0" classname="com.airtel.RestAssured.Adtech.Tests.sms.AdminTest">
    <skipped/>
  </testcase> <!-- verifyAdminApproveDLTwithPan -->
  <testcase name="cretaOrderWithUnregisteredHeader" time="0.001" classname="com.airtel.RestAssured.Adtech.Tests.sms.CampaignTest">
    <skipped/>
  </testcase> <!-- cretaOrderWithUnregisteredHeader -->
  <testcase name="verifyAdminApproveDLTwithPeid" time="0.0" classname="com.airtel.RestAssured.Adtech.Tests.sms.AdminTest">
    <skipped/>
  </testcase> <!-- verifyAdminApproveDLTwithPeid -->
  <testcase name="verifyRandomTemplatewithHeader" time="0.0" classname="com.airtel.RestAssured.Adtech.Tests.sms.CampaignTest">
    <skipped/>
  </testcase> <!-- verifyRandomTemplatewithHeader -->
  <testcase name="verifyAdminApproveNewTemplate" time="0.0" classname="com.airtel.RestAssured.Adtech.Tests.sms.AdminTest">
    <skipped/>
  </testcase> <!-- verifyAdminApproveNewTemplate -->
  <testcase name="verifyAdminApprovePanOrderWithNewTemplate" time="0.0" classname="com.airtel.RestAssured.Adtech.Tests.sms.AdminTest">
    <skipped/>
  </testcase> <!-- verifyAdminApprovePanOrderWithNewTemplate -->
  <testcase name="verifyAdminApproveDuplicateHeader" time="0.0" classname="com.airtel.RestAssured.Adtech.Tests.sms.AdminTest">
    <skipped/>
  </testcase> <!-- verifyAdminApproveDuplicateHeader -->
  <testcase name="verifyDownloadFile" time="0.0" classname="com.airtel.RestAssured.Adtech.Tests.sms.AdminTest">
    <skipped/>
  </testcase> <!-- verifyDownloadFile -->
  <testcase name="verifyDownloadFileNegative" time="0.0" classname="com.airtel.RestAssured.Adtech.Tests.sms.AdminTest">
    <skipped/>
  </testcase> <!-- verifyDownloadFileNegative -->
  <testcase name="verifySubmissionNullDateinFetchDLT" time="0.0" classname="com.airtel.RestAssured.Adtech.Tests.sms.AdminTest">
    <skipped/>
  </testcase> <!-- verifySubmissionNullDateinFetchDLT -->
  <testcase name="reviseDLTandUpdateDoc" time="0.0" classname="com.airtel.RestAssured.Adtech.Tests.sms.AdminTest">
    <skipped/>
  </testcase> <!-- reviseDLTandUpdateDoc -->
  <testcase name="reviseandUpdateCampaign" time="0.0" classname="com.airtel.RestAssured.Adtech.Tests.sms.AdminTest">
    <skipped/>
  </testcase> <!-- reviseandUpdateCampaign -->
  <testcase name="reviseDLTVerified" time="0.0" classname="com.airtel.RestAssured.Adtech.Tests.sms.AdminTest">
    <skipped/>
  </testcase> <!-- reviseDLTVerified -->
  <testcase name="reviseDLTDraft" time="0.0" classname="com.airtel.RestAssured.Adtech.Tests.sms.AdminTest">
    <skipped/>
  </testcase> <!-- reviseDLTDraft -->
  <testcase name="reviseCampaignDraft" time="0.0" classname="com.airtel.RestAssured.Adtech.Tests.sms.AdminTest">
    <skipped/>
  </testcase> <!-- reviseCampaignDraft -->
  <testcase name="revisecampaignApproved" time="0.0" classname="com.airtel.RestAssured.Adtech.Tests.sms.AdminTest">
    <skipped/>
  </testcase> <!-- revisecampaignApproved -->
  <testcase name="@AfterSuite afterSuite" time="0.0" classname="com.airtel.helper.report.ReportHelper">
    <ignored/>
  </testcase> <!-- @AfterSuite afterSuite -->
  <testcase name="@AfterSuite afterSuite" time="0.0" classname="com.airtel.helper.report.ReportHelper">
    <ignored/>
  </testcase> <!-- @AfterSuite afterSuite -->
  <testcase name="@AfterSuite afterSuite" time="0.0" classname="com.airtel.helper.report.ReportHelper">
    <ignored/>
  </testcase> <!-- @AfterSuite afterSuite -->
  <testcase name="@AfterSuite afterSuite" time="0.0" classname="com.airtel.helper.report.ReportHelper">
    <ignored/>
  </testcase> <!-- @AfterSuite afterSuite -->
  <testcase name="@AfterSuite afterSuite" time="0.0" classname="com.airtel.helper.report.ReportHelper">
    <ignored/>
  </testcase> <!-- @AfterSuite afterSuite -->
  <testcase name="@AfterSuite afterSuite" time="0.0" classname="com.airtel.helper.report.ReportHelper">
    <ignored/>
  </testcase> <!-- @AfterSuite afterSuite -->
  <testcase name="@AfterSuite afterSuite" time="0.0" classname="com.airtel.helper.report.ReportHelper">
    <ignored/>
  </testcase> <!-- @AfterSuite afterSuite -->
  <testcase name="@AfterSuite afterSuite" time="0.0" classname="com.airtel.helper.report.ReportHelper">
    <ignored/>
  </testcase> <!-- @AfterSuite afterSuite -->
  <testcase name="@AfterSuite afterSuite" time="0.0" classname="com.airtel.helper.report.ReportHelper">
    <ignored/>
  </testcase> <!-- @AfterSuite afterSuite -->
  <testcase name="@BeforeSuite beforeSuite" time="0.0" classname="com.airtel.helper.report.ReportHelper">
    <ignored/>
  </testcase> <!-- @BeforeSuite beforeSuite -->
  <testcase name="@BeforeSuite beforeSuite" time="0.0" classname="com.airtel.helper.report.ReportHelper">
    <ignored/>
  </testcase> <!-- @BeforeSuite beforeSuite -->
  <testcase name="@BeforeSuite beforeSuite" time="0.0" classname="com.airtel.helper.report.ReportHelper">
    <ignored/>
  </testcase> <!-- @BeforeSuite beforeSuite -->
  <testcase name="@BeforeSuite beforeSuite" time="0.0" classname="com.airtel.helper.report.ReportHelper">
    <ignored/>
  </testcase> <!-- @BeforeSuite beforeSuite -->
  <testcase name="@BeforeSuite beforeSuite" time="0.0" classname="com.airtel.helper.report.ReportHelper">
    <ignored/>
  </testcase> <!-- @BeforeSuite beforeSuite -->
  <testcase name="@BeforeSuite beforeSuite" time="0.0" classname="com.airtel.helper.report.ReportHelper">
    <ignored/>
  </testcase> <!-- @BeforeSuite beforeSuite -->
  <testcase name="@BeforeSuite beforeSuite" time="0.0" classname="com.airtel.helper.report.ReportHelper">
    <ignored/>
  </testcase> <!-- @BeforeSuite beforeSuite -->
  <testcase name="@BeforeSuite beforeSuite" time="0.0" classname="com.airtel.helper.report.ReportHelper">
    <ignored/>
  </testcase> <!-- @BeforeSuite beforeSuite -->
  <testcase name="@BeforeSuite beforeSuite" time="0.0" classname="com.airtel.helper.report.ReportHelper">
    <ignored/>
  </testcase> <!-- @BeforeSuite beforeSuite -->
</testsuite> <!-- Surefire test -->
