<?xml version="1.0" encoding="UTF-8"?>
<testsuite xmlns:xsi="http://www.w3.org/2001/XMLSchema-instance" xsi:noNamespaceSchemaLocation="https://maven.apache.org/surefire/maven-surefire-plugin/xsd/surefire-test-report.xsd" name="TestSuite" time="2,636.345" tests="277" errors="0" skipped="266" failures="10">
  <properties>
[...]
</properties>
  <testcase name="TestAuthenticationAPI" classname="com.Adtech.Authentication.Test.AuthenticationTest" time="2.169"/>
  <testcase name="createUserCompany" classname="com.airtel.RestAssured.Adtech.Tests.sms.AudienceTest" time="350.013">
    <failure type="java.lang.NullPointerException">java.lang.NullPointerException
	at com.airtel.RestAssured.Adtech.Tests.sms.AudienceTest.createUserCompany(AudienceTest.java:124)
</failure>
    <system-err><![CDATA[java.io.FileNotFoundException: /Users/b0216523/Documents/adtech/ADTECH-AUTOMATION/config/order/orderTestData.properties (No such file or directory)
	at java.io.FileInputStream.open0(Native Method)
	at java.io.FileInputStream.open(FileInputStream.java:195)
	at java.io.FileInputStream.<init>(FileInputStream.java:138)
	at java.io.FileInputStream.<init>(FileInputStream.java:93)
	at com.airtel.teams.common.CommonApi.getTestDataConfigPropertyObject(CommonApi.java:650)
	at com.airtel.RestAssured.Adtech.Tests.sms.AudienceTest.setEnvironment(AudienceTest.java:88)
	at sun.reflect.NativeMethodAccessorImpl.invoke0(Native Method)
	at sun.reflect.NativeMethodAccessorImpl.invoke(NativeMethodAccessorImpl.java:62)
	at sun.reflect.DelegatingMethodAccessorImpl.invoke(DelegatingMethodAccessorImpl.java:43)
	at java.lang.reflect.Method.invoke(Method.java:498)
	at org.testng.internal.MethodInvocationHelper.invokeMethod(MethodInvocationHelper.java:108)
	at org.testng.internal.Invoker.invokeConfigurationMethod(Invoker.java:523)
	at org.testng.internal.Invoker.invokeConfigurations(Invoker.java:224)
	at org.testng.internal.Invoker.invokeConfigurations(Invoker.java:146)
	at org.testng.internal.TestMethodWorker.invokeBeforeClassMethods(TestMethodWorker.java:166)
	at org.testng.internal.TestMethodWorker.run(TestMethodWorker.java:105)
	at org.testng.TestRunner.privateRun(TestRunner.java:744)
	at org.testng.TestRunner.run(TestRunner.java:602)
	at org.testng.SuiteRunner.runTest(SuiteRunner.java:380)
	at org.testng.SuiteRunner.runSequentially(SuiteRunner.java:375)
	at org.testng.SuiteRunner.privateRun(SuiteRunner.java:340)
	at org.testng.SuiteRunner.run(SuiteRunner.java:289)
	at org.testng.SuiteRunnerWorker.runSuite(SuiteRunnerWorker.java:52)
	at org.testng.SuiteRunnerWorker.run(SuiteRunnerWorker.java:86)
	at org.testng.TestNG.runSuitesSequentially(TestNG.java:1301)
	at org.testng.TestNG.runSuitesLocally(TestNG.java:1226)
	at org.testng.TestNG.runSuites(TestNG.java:1144)
	at org.testng.TestNG.run(TestNG.java:1115)
	at org.apache.maven.surefire.testng.TestNGExecutor.run(TestNGExecutor.java:135)
	at org.apache.maven.surefire.testng.TestNGDirectoryTestSuite.executeMulti(TestNGDirectoryTestSuite.java:193)
	at org.apache.maven.surefire.testng.TestNGDirectoryTestSuite.execute(TestNGDirectoryTestSuite.java:94)
	at org.apache.maven.surefire.testng.TestNGProvider.invoke(TestNGProvider.java:146)
	at org.apache.maven.surefire.booter.ForkedBooter.invokeProviderInSameClassLoader(ForkedBooter.java:386)
	at org.apache.maven.surefire.booter.ForkedBooter.runSuitesInProcess(ForkedBooter.java:323)
	at org.apache.maven.surefire.booter.ForkedBooter.main(ForkedBooter.java:143)
java.io.FileNotFoundException: /Users/b0216523/Documents/adtech/ADTECH-AUTOMATION/config/onboarding/onboardingTestData.properties (No such file or directory)
	at java.io.FileInputStream.open0(Native Method)
	at java.io.FileInputStream.open(FileInputStream.java:195)
	at java.io.FileInputStream.<init>(FileInputStream.java:138)
	at java.io.FileInputStream.<init>(FileInputStream.java:93)
	at com.airtel.teams.common.CommonApi.getTestDataConfigPropertyObject(CommonApi.java:650)
	at com.airtel.RestAssured.Adtech.Tests.sms.AudienceTest.setEnvironment(AudienceTest.java:89)
	at sun.reflect.NativeMethodAccessorImpl.invoke0(Native Method)
	at sun.reflect.NativeMethodAccessorImpl.invoke(NativeMethodAccessorImpl.java:62)
	at sun.reflect.DelegatingMethodAccessorImpl.invoke(DelegatingMethodAccessorImpl.java:43)
	at java.lang.reflect.Method.invoke(Method.java:498)
	at org.testng.internal.MethodInvocationHelper.invokeMethod(MethodInvocationHelper.java:108)
	at org.testng.internal.Invoker.invokeConfigurationMethod(Invoker.java:523)
	at org.testng.internal.Invoker.invokeConfigurations(Invoker.java:224)
	at org.testng.internal.Invoker.invokeConfigurations(Invoker.java:146)
	at org.testng.internal.TestMethodWorker.invokeBeforeClassMethods(TestMethodWorker.java:166)
	at org.testng.internal.TestMethodWorker.run(TestMethodWorker.java:105)
	at org.testng.TestRunner.privateRun(TestRunner.java:744)
	at org.testng.TestRunner.run(TestRunner.java:602)
	at org.testng.SuiteRunner.runTest(SuiteRunner.java:380)
	at org.testng.SuiteRunner.runSequentially(SuiteRunner.java:375)
	at org.testng.SuiteRunner.privateRun(SuiteRunner.java:340)
	at org.testng.SuiteRunner.run(SuiteRunner.java:289)
	at org.testng.SuiteRunnerWorker.runSuite(SuiteRunnerWorker.java:52)
	at org.testng.SuiteRunnerWorker.run(SuiteRunnerWorker.java:86)
	at org.testng.TestNG.runSuitesSequentially(TestNG.java:1301)
	at org.testng.TestNG.runSuitesLocally(TestNG.java:1226)
	at org.testng.TestNG.runSuites(TestNG.java:1144)
	at org.testng.TestNG.run(TestNG.java:1115)
	at org.apache.maven.surefire.testng.TestNGExecutor.run(TestNGExecutor.java:135)
	at org.apache.maven.surefire.testng.TestNGDirectoryTestSuite.executeMulti(TestNGDirectoryTestSuite.java:193)
	at org.apache.maven.surefire.testng.TestNGDirectoryTestSuite.execute(TestNGDirectoryTestSuite.java:94)
	at org.apache.maven.surefire.testng.TestNGProvider.invoke(TestNGProvider.java:146)
	at org.apache.maven.surefire.booter.ForkedBooter.invokeProviderInSameClassLoader(ForkedBooter.java:386)
	at org.apache.maven.surefire.booter.ForkedBooter.runSuitesInProcess(ForkedBooter.java:323)
	at org.apache.maven.surefire.booter.ForkedBooter.main(ForkedBooter.java:143)
java.io.FileNotFoundException: /Users/b0216523/Documents/adtech/ADTECH-AUTOMATION/config/payment/paymentTestData.properties (No such file or directory)
	at java.io.FileInputStream.open0(Native Method)
	at java.io.FileInputStream.open(FileInputStream.java:195)
	at java.io.FileInputStream.<init>(FileInputStream.java:138)
	at java.io.FileInputStream.<init>(FileInputStream.java:93)
	at com.airtel.teams.common.CommonApi.getTestDataConfigPropertyObject(CommonApi.java:650)
	at com.airtel.RestAssured.Adtech.Tests.sms.AudienceTest.setEnvironment(AudienceTest.java:90)
	at sun.reflect.NativeMethodAccessorImpl.invoke0(Native Method)
	at sun.reflect.NativeMethodAccessorImpl.invoke(NativeMethodAccessorImpl.java:62)
	at sun.reflect.DelegatingMethodAccessorImpl.invoke(DelegatingMethodAccessorImpl.java:43)
	at java.lang.reflect.Method.invoke(Method.java:498)
	at org.testng.internal.MethodInvocationHelper.invokeMethod(MethodInvocationHelper.java:108)
	at org.testng.internal.Invoker.invokeConfigurationMethod(Invoker.java:523)
	at org.testng.internal.Invoker.invokeConfigurations(Invoker.java:224)
	at org.testng.internal.Invoker.invokeConfigurations(Invoker.java:146)
	at org.testng.internal.TestMethodWorker.invokeBeforeClassMethods(TestMethodWorker.java:166)
	at org.testng.internal.TestMethodWorker.run(TestMethodWorker.java:105)
	at org.testng.TestRunner.privateRun(TestRunner.java:744)
	at org.testng.TestRunner.run(TestRunner.java:602)
	at org.testng.SuiteRunner.runTest(SuiteRunner.java:380)
	at org.testng.SuiteRunner.runSequentially(SuiteRunner.java:375)
	at org.testng.SuiteRunner.privateRun(SuiteRunner.java:340)
	at org.testng.SuiteRunner.run(SuiteRunner.java:289)
	at org.testng.SuiteRunnerWorker.runSuite(SuiteRunnerWorker.java:52)
	at org.testng.SuiteRunnerWorker.run(SuiteRunnerWorker.java:86)
	at org.testng.TestNG.runSuitesSequentially(TestNG.java:1301)
	at org.testng.TestNG.runSuitesLocally(TestNG.java:1226)
	at org.testng.TestNG.runSuites(TestNG.java:1144)
	at org.testng.TestNG.run(TestNG.java:1115)
	at org.apache.maven.surefire.testng.TestNGExecutor.run(TestNGExecutor.java:135)
	at org.apache.maven.surefire.testng.TestNGDirectoryTestSuite.executeMulti(TestNGDirectoryTestSuite.java:193)
	at org.apache.maven.surefire.testng.TestNGDirectoryTestSuite.execute(TestNGDirectoryTestSuite.java:94)
	at org.apache.maven.surefire.testng.TestNGProvider.invoke(TestNGProvider.java:146)
	at org.apache.maven.surefire.booter.ForkedBooter.invokeProviderInSameClassLoader(ForkedBooter.java:386)
	at org.apache.maven.surefire.booter.ForkedBooter.runSuitesInProcess(ForkedBooter.java:323)
	at org.apache.maven.surefire.booter.ForkedBooter.main(ForkedBooter.java:143)
Loading class `com.mysql.jdbc.Driver'. This is deprecated. The new driver class is `com.mysql.cj.jdbc.Driver'. The driver is automatically registered via the SPI and manual loading of the driver class is generally unnecessary.
]]></system-err>
  </testcase>
  <testcase name="createUserCompany" classname="com.airtel.RestAssured.Adtech.Tests.sms.AudienceTest" time="0">
    <skipped/>
  </testcase>
  <testcase name="createUserCompany" classname="com.airtel.RestAssured.Adtech.Tests.sms.AudienceTest" time="0">
    <skipped/>
  </testcase>
  <testcase name="createUserCompany" classname="com.airtel.RestAssured.Adtech.Tests.sms.AudienceTest" time="0">
    <skipped/>
  </testcase>
  <testcase name="createUserCompany" classname="com.airtel.RestAssured.Adtech.Tests.sms.AudienceTest" time="0">
    <skipped/>
  </testcase>
  <testcase name="createCamapignandVerifyAudienceinMongo" classname="com.airtel.RestAssured.Adtech.Tests.sms.AudienceTest" time="0">
    <skipped/>
  </testcase>
  <testcase name="fetchAudience" classname="com.airtel.RestAssured.Adtech.Tests.sms.AudienceTest" time="0">
    <skipped/>
  </testcase>
  <testcase name="getAudienceCount" classname="com.airtel.RestAssured.Adtech.Tests.sms.AudienceTest" time="0">
    <skipped/>
  </testcase>
  <testcase name="verifyApproveAudience" classname="com.airtel.RestAssured.Adtech.Tests.sms.AudienceTest" time="0">
    <skipped/>
  </testcase>
  <testcase name="verifyAudienceonUpdatedOrder" classname="com.airtel.RestAssured.Adtech.Tests.sms.AudienceTest" time="0">
    <skipped/>
  </testcase>
  <testcase name="demo" classname="com.airtel.RestAssured.Adtech.Tests.sms.DemoTest" time="0.397">
    <failure message="expected [true] but found [false]" type="java.lang.AssertionError">java.lang.AssertionError: expected [true] but found [false]
	at com.airtel.RestAssured.Adtech.Tests.sms.DemoTest.demo(DemoTest.java:14)
</failure>
  </testcase>
  <testcase name="demo" classname="com.airtel.RestAssured.Adtech.Tests.sms.adconfigTest" time="0.283">
    <failure message="expected [true] but found [false]" type="java.lang.AssertionError">java.lang.AssertionError: expected [true] but found [false]
	at com.airtel.RestAssured.Adtech.Tests.sms.adconfigTest.demo(adconfigTest.java:30)
</failure>
  </testcase>
  <testcase name="createUserCompany" classname="com.airtel.RestAssured.Adtech.Tests.sms.CampaignTest" time="482.779">
    <failure type="java.lang.NullPointerException">java.lang.NullPointerException
	at com.airtel.RestAssured.Adtech.Tests.sms.CampaignTest.createUserCompany(CampaignTest.java:142)
</failure>
    <system-err><![CDATA[java.io.FileNotFoundException: /Users/b0216523/Documents/adtech/ADTECH-AUTOMATION/config/order/orderTestData.properties (No such file or directory)
	at java.io.FileInputStream.open0(Native Method)
	at java.io.FileInputStream.open(FileInputStream.java:195)
	at java.io.FileInputStream.<init>(FileInputStream.java:138)
	at java.io.FileInputStream.<init>(FileInputStream.java:93)
	at com.airtel.teams.common.CommonApi.getTestDataConfigPropertyObject(CommonApi.java:650)
	at com.airtel.RestAssured.Adtech.Tests.sms.CampaignTest.setEnvironment(CampaignTest.java:102)
	at sun.reflect.NativeMethodAccessorImpl.invoke0(Native Method)
	at sun.reflect.NativeMethodAccessorImpl.invoke(NativeMethodAccessorImpl.java:62)
	at sun.reflect.DelegatingMethodAccessorImpl.invoke(DelegatingMethodAccessorImpl.java:43)
	at java.lang.reflect.Method.invoke(Method.java:498)
	at org.testng.internal.MethodInvocationHelper.invokeMethod(MethodInvocationHelper.java:108)
	at org.testng.internal.Invoker.invokeConfigurationMethod(Invoker.java:523)
	at org.testng.internal.Invoker.invokeConfigurations(Invoker.java:224)
	at org.testng.internal.Invoker.invokeConfigurations(Invoker.java:146)
	at org.testng.internal.TestMethodWorker.invokeBeforeClassMethods(TestMethodWorker.java:166)
	at org.testng.internal.TestMethodWorker.run(TestMethodWorker.java:105)
	at org.testng.TestRunner.privateRun(TestRunner.java:744)
	at org.testng.TestRunner.run(TestRunner.java:602)
	at org.testng.SuiteRunner.runTest(SuiteRunner.java:380)
	at org.testng.SuiteRunner.runSequentially(SuiteRunner.java:375)
	at org.testng.SuiteRunner.privateRun(SuiteRunner.java:340)
	at org.testng.SuiteRunner.run(SuiteRunner.java:289)
	at org.testng.SuiteRunnerWorker.runSuite(SuiteRunnerWorker.java:52)
	at org.testng.SuiteRunnerWorker.run(SuiteRunnerWorker.java:86)
	at org.testng.TestNG.runSuitesSequentially(TestNG.java:1301)
	at org.testng.TestNG.runSuitesLocally(TestNG.java:1226)
	at org.testng.TestNG.runSuites(TestNG.java:1144)
	at org.testng.TestNG.run(TestNG.java:1115)
	at org.apache.maven.surefire.testng.TestNGExecutor.run(TestNGExecutor.java:135)
	at org.apache.maven.surefire.testng.TestNGDirectoryTestSuite.executeMulti(TestNGDirectoryTestSuite.java:193)
	at org.apache.maven.surefire.testng.TestNGDirectoryTestSuite.execute(TestNGDirectoryTestSuite.java:94)
	at org.apache.maven.surefire.testng.TestNGProvider.invoke(TestNGProvider.java:146)
	at org.apache.maven.surefire.booter.ForkedBooter.invokeProviderInSameClassLoader(ForkedBooter.java:386)
	at org.apache.maven.surefire.booter.ForkedBooter.runSuitesInProcess(ForkedBooter.java:323)
	at org.apache.maven.surefire.booter.ForkedBooter.main(ForkedBooter.java:143)
java.io.FileNotFoundException: /Users/b0216523/Documents/adtech/ADTECH-AUTOMATION/config/onboarding/onboardingTestData.properties (No such file or directory)
	at java.io.FileInputStream.open0(Native Method)
	at java.io.FileInputStream.open(FileInputStream.java:195)
	at java.io.FileInputStream.<init>(FileInputStream.java:138)
	at java.io.FileInputStream.<init>(FileInputStream.java:93)
	at com.airtel.teams.common.CommonApi.getTestDataConfigPropertyObject(CommonApi.java:650)
	at com.airtel.RestAssured.Adtech.Tests.sms.CampaignTest.setEnvironment(CampaignTest.java:103)
	at sun.reflect.NativeMethodAccessorImpl.invoke0(Native Method)
	at sun.reflect.NativeMethodAccessorImpl.invoke(NativeMethodAccessorImpl.java:62)
	at sun.reflect.DelegatingMethodAccessorImpl.invoke(DelegatingMethodAccessorImpl.java:43)
	at java.lang.reflect.Method.invoke(Method.java:498)
	at org.testng.internal.MethodInvocationHelper.invokeMethod(MethodInvocationHelper.java:108)
	at org.testng.internal.Invoker.invokeConfigurationMethod(Invoker.java:523)
	at org.testng.internal.Invoker.invokeConfigurations(Invoker.java:224)
	at org.testng.internal.Invoker.invokeConfigurations(Invoker.java:146)
	at org.testng.internal.TestMethodWorker.invokeBeforeClassMethods(TestMethodWorker.java:166)
	at org.testng.internal.TestMethodWorker.run(TestMethodWorker.java:105)
	at org.testng.TestRunner.privateRun(TestRunner.java:744)
	at org.testng.TestRunner.run(TestRunner.java:602)
	at org.testng.SuiteRunner.runTest(SuiteRunner.java:380)
	at org.testng.SuiteRunner.runSequentially(SuiteRunner.java:375)
	at org.testng.SuiteRunner.privateRun(SuiteRunner.java:340)
	at org.testng.SuiteRunner.run(SuiteRunner.java:289)
	at org.testng.SuiteRunnerWorker.runSuite(SuiteRunnerWorker.java:52)
	at org.testng.SuiteRunnerWorker.run(SuiteRunnerWorker.java:86)
	at org.testng.TestNG.runSuitesSequentially(TestNG.java:1301)
	at org.testng.TestNG.runSuitesLocally(TestNG.java:1226)
	at org.testng.TestNG.runSuites(TestNG.java:1144)
	at org.testng.TestNG.run(TestNG.java:1115)
	at org.apache.maven.surefire.testng.TestNGExecutor.run(TestNGExecutor.java:135)
	at org.apache.maven.surefire.testng.TestNGDirectoryTestSuite.executeMulti(TestNGDirectoryTestSuite.java:193)
	at org.apache.maven.surefire.testng.TestNGDirectoryTestSuite.execute(TestNGDirectoryTestSuite.java:94)
	at org.apache.maven.surefire.testng.TestNGProvider.invoke(TestNGProvider.java:146)
	at org.apache.maven.surefire.booter.ForkedBooter.invokeProviderInSameClassLoader(ForkedBooter.java:386)
	at org.apache.maven.surefire.booter.ForkedBooter.runSuitesInProcess(ForkedBooter.java:323)
	at org.apache.maven.surefire.booter.ForkedBooter.main(ForkedBooter.java:143)
java.io.FileNotFoundException: /Users/b0216523/Documents/adtech/ADTECH-AUTOMATION/config/payment/paymentTestData.properties (No such file or directory)
	at java.io.FileInputStream.open0(Native Method)
	at java.io.FileInputStream.open(FileInputStream.java:195)
	at java.io.FileInputStream.<init>(FileInputStream.java:138)
	at java.io.FileInputStream.<init>(FileInputStream.java:93)
	at com.airtel.teams.common.CommonApi.getTestDataConfigPropertyObject(CommonApi.java:650)
	at com.airtel.RestAssured.Adtech.Tests.sms.CampaignTest.setEnvironment(CampaignTest.java:104)
	at sun.reflect.NativeMethodAccessorImpl.invoke0(Native Method)
	at sun.reflect.NativeMethodAccessorImpl.invoke(NativeMethodAccessorImpl.java:62)
	at sun.reflect.DelegatingMethodAccessorImpl.invoke(DelegatingMethodAccessorImpl.java:43)
	at java.lang.reflect.Method.invoke(Method.java:498)
	at org.testng.internal.MethodInvocationHelper.invokeMethod(MethodInvocationHelper.java:108)
	at org.testng.internal.Invoker.invokeConfigurationMethod(Invoker.java:523)
	at org.testng.internal.Invoker.invokeConfigurations(Invoker.java:224)
	at org.testng.internal.Invoker.invokeConfigurations(Invoker.java:146)
	at org.testng.internal.TestMethodWorker.invokeBeforeClassMethods(TestMethodWorker.java:166)
	at org.testng.internal.TestMethodWorker.run(TestMethodWorker.java:105)
	at org.testng.TestRunner.privateRun(TestRunner.java:744)
	at org.testng.TestRunner.run(TestRunner.java:602)
	at org.testng.SuiteRunner.runTest(SuiteRunner.java:380)
	at org.testng.SuiteRunner.runSequentially(SuiteRunner.java:375)
	at org.testng.SuiteRunner.privateRun(SuiteRunner.java:340)
	at org.testng.SuiteRunner.run(SuiteRunner.java:289)
	at org.testng.SuiteRunnerWorker.runSuite(SuiteRunnerWorker.java:52)
	at org.testng.SuiteRunnerWorker.run(SuiteRunnerWorker.java:86)
	at org.testng.TestNG.runSuitesSequentially(TestNG.java:1301)
	at org.testng.TestNG.runSuitesLocally(TestNG.java:1226)
	at org.testng.TestNG.runSuites(TestNG.java:1144)
	at org.testng.TestNG.run(TestNG.java:1115)
	at org.apache.maven.surefire.testng.TestNGExecutor.run(TestNGExecutor.java:135)
	at org.apache.maven.surefire.testng.TestNGDirectoryTestSuite.executeMulti(TestNGDirectoryTestSuite.java:193)
	at org.apache.maven.surefire.testng.TestNGDirectoryTestSuite.execute(TestNGDirectoryTestSuite.java:94)
	at org.apache.maven.surefire.testng.TestNGProvider.invoke(TestNGProvider.java:146)
	at org.apache.maven.surefire.booter.ForkedBooter.invokeProviderInSameClassLoader(ForkedBooter.java:386)
	at org.apache.maven.surefire.booter.ForkedBooter.runSuitesInProcess(ForkedBooter.java:323)
	at org.apache.maven.surefire.booter.ForkedBooter.main(ForkedBooter.java:143)
]]></system-err>
  </testcase>
  <testcase name="createUserCompany" classname="com.airtel.RestAssured.Adtech.Tests.sms.CampaignTest" time="0">
    <skipped/>
  </testcase>
  <testcase name="createUserCompany" classname="com.airtel.RestAssured.Adtech.Tests.sms.CampaignTest" time="0">
    <skipped/>
  </testcase>
  <testcase name="createUserCompany" classname="com.airtel.RestAssured.Adtech.Tests.sms.CampaignTest" time="0">
    <skipped/>
  </testcase>
  <testcase name="createUserCompany" classname="com.airtel.RestAssured.Adtech.Tests.sms.CampaignTest" time="0">
    <skipped/>
  </testcase>
  <testcase name="createUserCompany" classname="com.airtel.RestAssured.Adtech.Tests.sms.CampaignTest" time="0">
    <skipped/>
  </testcase>
  <testcase name="createUserCompany" classname="com.airtel.RestAssured.Adtech.Tests.sms.CampaignTest" time="0">
    <skipped/>
  </testcase>
  <testcase name="createUserCompany" classname="com.airtel.RestAssured.Adtech.Tests.sms.CampaignTest" time="0">
    <skipped/>
  </testcase>
  <testcase name="createUserCompany" classname="com.airtel.RestAssured.Adtech.Tests.sms.CampaignTest" time="0">
    <skipped/>
  </testcase>
  <testcase name="createUserCompany" classname="com.airtel.RestAssured.Adtech.Tests.sms.CampaignTest" time="0">
    <skipped/>
  </testcase>
  <testcase name="createUserCompany" classname="com.airtel.RestAssured.Adtech.Tests.sms.CampaignTest" time="0">
    <skipped/>
  </testcase>
  <testcase name="createUserCompany" classname="com.airtel.RestAssured.Adtech.Tests.sms.CampaignTest" time="0">
    <skipped/>
  </testcase>
  <testcase name="createUserCompany" classname="com.airtel.RestAssured.Adtech.Tests.sms.CampaignTest" time="0">
    <skipped/>
  </testcase>
  <testcase name="createUserCompany" classname="com.airtel.RestAssured.Adtech.Tests.sms.CampaignTest" time="0">
    <skipped/>
  </testcase>
  <testcase name="createUserCompany" classname="com.airtel.RestAssured.Adtech.Tests.sms.CampaignTest" time="0">
    <skipped/>
  </testcase>
  <testcase name="createUserCompany" classname="com.airtel.RestAssured.Adtech.Tests.sms.CampaignTest" time="0">
    <skipped/>
  </testcase>
  <testcase name="createUserCompany" classname="com.airtel.RestAssured.Adtech.Tests.sms.CampaignTest" time="0">
    <skipped/>
  </testcase>
  <testcase name="createUserCompany" classname="com.airtel.RestAssured.Adtech.Tests.sms.CampaignTest" time="0">
    <skipped/>
  </testcase>
  <testcase name="createUserCompany" classname="com.airtel.RestAssured.Adtech.Tests.sms.CampaignTest" time="0">
    <skipped/>
  </testcase>
  <testcase name="createUserCompany" classname="com.airtel.RestAssured.Adtech.Tests.sms.CampaignTest" time="0">
    <skipped/>
  </testcase>
  <testcase name="createUserCompany" classname="com.airtel.RestAssured.Adtech.Tests.sms.CampaignTest" time="0">
    <skipped/>
  </testcase>
  <testcase name="createUserCompany" classname="com.airtel.RestAssured.Adtech.Tests.sms.CampaignTest" time="0">
    <skipped/>
  </testcase>
  <testcase name="createUserCompany" classname="com.airtel.RestAssured.Adtech.Tests.sms.CampaignTest" time="0">
    <skipped/>
  </testcase>
  <testcase name="createUserCompany" classname="com.airtel.RestAssured.Adtech.Tests.sms.CampaignTest" time="0">
    <skipped/>
  </testcase>
  <testcase name="createUserCompany" classname="com.airtel.RestAssured.Adtech.Tests.sms.CampaignTest" time="0">
    <skipped/>
  </testcase>
  <testcase name="createUserCompany" classname="com.airtel.RestAssured.Adtech.Tests.sms.CampaignTest" time="0">
    <skipped/>
  </testcase>
  <testcase name="submitCampaignandValidatewithPeid" classname="com.airtel.RestAssured.Adtech.Tests.sms.CampaignTest" time="0">
    <skipped/>
  </testcase>
  <testcase name="createUserCompany" classname="com.airtel.RestAssured.Adtech.Tests.sms.SmsDLTTest" time="782.828">
    <failure type="java.lang.NullPointerException">java.lang.NullPointerException
	at com.airtel.RestAssured.Adtech.Tests.sms.SmsDLTTest.createUserCompany(SmsDLTTest.java:124)
</failure>
    <system-err><![CDATA[java.io.FileNotFoundException: /Users/b0216523/Documents/adtech/ADTECH-AUTOMATION/config/order/orderTestData.properties (No such file or directory)
	at java.io.FileInputStream.open0(Native Method)
	at java.io.FileInputStream.open(FileInputStream.java:195)
	at java.io.FileInputStream.<init>(FileInputStream.java:138)
	at java.io.FileInputStream.<init>(FileInputStream.java:93)
	at com.airtel.teams.common.CommonApi.getTestDataConfigPropertyObject(CommonApi.java:650)
	at com.airtel.RestAssured.Adtech.Tests.sms.SmsDLTTest.setEnvironment(SmsDLTTest.java:89)
	at sun.reflect.NativeMethodAccessorImpl.invoke0(Native Method)
	at sun.reflect.NativeMethodAccessorImpl.invoke(NativeMethodAccessorImpl.java:62)
	at sun.reflect.DelegatingMethodAccessorImpl.invoke(DelegatingMethodAccessorImpl.java:43)
	at java.lang.reflect.Method.invoke(Method.java:498)
	at org.testng.internal.MethodInvocationHelper.invokeMethod(MethodInvocationHelper.java:108)
	at org.testng.internal.Invoker.invokeConfigurationMethod(Invoker.java:523)
	at org.testng.internal.Invoker.invokeConfigurations(Invoker.java:224)
	at org.testng.internal.Invoker.invokeConfigurations(Invoker.java:146)
	at org.testng.internal.TestMethodWorker.invokeBeforeClassMethods(TestMethodWorker.java:166)
	at org.testng.internal.TestMethodWorker.run(TestMethodWorker.java:105)
	at org.testng.TestRunner.privateRun(TestRunner.java:744)
	at org.testng.TestRunner.run(TestRunner.java:602)
	at org.testng.SuiteRunner.runTest(SuiteRunner.java:380)
	at org.testng.SuiteRunner.runSequentially(SuiteRunner.java:375)
	at org.testng.SuiteRunner.privateRun(SuiteRunner.java:340)
	at org.testng.SuiteRunner.run(SuiteRunner.java:289)
	at org.testng.SuiteRunnerWorker.runSuite(SuiteRunnerWorker.java:52)
	at org.testng.SuiteRunnerWorker.run(SuiteRunnerWorker.java:86)
	at org.testng.TestNG.runSuitesSequentially(TestNG.java:1301)
	at org.testng.TestNG.runSuitesLocally(TestNG.java:1226)
	at org.testng.TestNG.runSuites(TestNG.java:1144)
	at org.testng.TestNG.run(TestNG.java:1115)
	at org.apache.maven.surefire.testng.TestNGExecutor.run(TestNGExecutor.java:135)
	at org.apache.maven.surefire.testng.TestNGDirectoryTestSuite.executeMulti(TestNGDirectoryTestSuite.java:193)
	at org.apache.maven.surefire.testng.TestNGDirectoryTestSuite.execute(TestNGDirectoryTestSuite.java:94)
	at org.apache.maven.surefire.testng.TestNGProvider.invoke(TestNGProvider.java:146)
	at org.apache.maven.surefire.booter.ForkedBooter.invokeProviderInSameClassLoader(ForkedBooter.java:386)
	at org.apache.maven.surefire.booter.ForkedBooter.runSuitesInProcess(ForkedBooter.java:323)
	at org.apache.maven.surefire.booter.ForkedBooter.main(ForkedBooter.java:143)
java.io.FileNotFoundException: /Users/b0216523/Documents/adtech/ADTECH-AUTOMATION/config/onboarding/onboardingTestData.properties (No such file or directory)
	at java.io.FileInputStream.open0(Native Method)
	at java.io.FileInputStream.open(FileInputStream.java:195)
	at java.io.FileInputStream.<init>(FileInputStream.java:138)
	at java.io.FileInputStream.<init>(FileInputStream.java:93)
	at com.airtel.teams.common.CommonApi.getTestDataConfigPropertyObject(CommonApi.java:650)
	at com.airtel.RestAssured.Adtech.Tests.sms.SmsDLTTest.setEnvironment(SmsDLTTest.java:90)
	at sun.reflect.NativeMethodAccessorImpl.invoke0(Native Method)
	at sun.reflect.NativeMethodAccessorImpl.invoke(NativeMethodAccessorImpl.java:62)
	at sun.reflect.DelegatingMethodAccessorImpl.invoke(DelegatingMethodAccessorImpl.java:43)
	at java.lang.reflect.Method.invoke(Method.java:498)
	at org.testng.internal.MethodInvocationHelper.invokeMethod(MethodInvocationHelper.java:108)
	at org.testng.internal.Invoker.invokeConfigurationMethod(Invoker.java:523)
	at org.testng.internal.Invoker.invokeConfigurations(Invoker.java:224)
	at org.testng.internal.Invoker.invokeConfigurations(Invoker.java:146)
	at org.testng.internal.TestMethodWorker.invokeBeforeClassMethods(TestMethodWorker.java:166)
	at org.testng.internal.TestMethodWorker.run(TestMethodWorker.java:105)
	at org.testng.TestRunner.privateRun(TestRunner.java:744)
	at org.testng.TestRunner.run(TestRunner.java:602)
	at org.testng.SuiteRunner.runTest(SuiteRunner.java:380)
	at org.testng.SuiteRunner.runSequentially(SuiteRunner.java:375)
	at org.testng.SuiteRunner.privateRun(SuiteRunner.java:340)
	at org.testng.SuiteRunner.run(SuiteRunner.java:289)
	at org.testng.SuiteRunnerWorker.runSuite(SuiteRunnerWorker.java:52)
	at org.testng.SuiteRunnerWorker.run(SuiteRunnerWorker.java:86)
	at org.testng.TestNG.runSuitesSequentially(TestNG.java:1301)
	at org.testng.TestNG.runSuitesLocally(TestNG.java:1226)
	at org.testng.TestNG.runSuites(TestNG.java:1144)
	at org.testng.TestNG.run(TestNG.java:1115)
	at org.apache.maven.surefire.testng.TestNGExecutor.run(TestNGExecutor.java:135)
	at org.apache.maven.surefire.testng.TestNGDirectoryTestSuite.executeMulti(TestNGDirectoryTestSuite.java:193)
	at org.apache.maven.surefire.testng.TestNGDirectoryTestSuite.execute(TestNGDirectoryTestSuite.java:94)
	at org.apache.maven.surefire.testng.TestNGProvider.invoke(TestNGProvider.java:146)
	at org.apache.maven.surefire.booter.ForkedBooter.invokeProviderInSameClassLoader(ForkedBooter.java:386)
	at org.apache.maven.surefire.booter.ForkedBooter.runSuitesInProcess(ForkedBooter.java:323)
	at org.apache.maven.surefire.booter.ForkedBooter.main(ForkedBooter.java:143)
java.io.FileNotFoundException: /Users/b0216523/Documents/adtech/ADTECH-AUTOMATION/config/payment/paymentTestData.properties (No such file or directory)
	at java.io.FileInputStream.open0(Native Method)
	at java.io.FileInputStream.open(FileInputStream.java:195)
	at java.io.FileInputStream.<init>(FileInputStream.java:138)
	at java.io.FileInputStream.<init>(FileInputStream.java:93)
	at com.airtel.teams.common.CommonApi.getTestDataConfigPropertyObject(CommonApi.java:650)
	at com.airtel.RestAssured.Adtech.Tests.sms.SmsDLTTest.setEnvironment(SmsDLTTest.java:91)
	at sun.reflect.NativeMethodAccessorImpl.invoke0(Native Method)
	at sun.reflect.NativeMethodAccessorImpl.invoke(NativeMethodAccessorImpl.java:62)
	at sun.reflect.DelegatingMethodAccessorImpl.invoke(DelegatingMethodAccessorImpl.java:43)
	at java.lang.reflect.Method.invoke(Method.java:498)
	at org.testng.internal.MethodInvocationHelper.invokeMethod(MethodInvocationHelper.java:108)
	at org.testng.internal.Invoker.invokeConfigurationMethod(Invoker.java:523)
	at org.testng.internal.Invoker.invokeConfigurations(Invoker.java:224)
	at org.testng.internal.Invoker.invokeConfigurations(Invoker.java:146)
	at org.testng.internal.TestMethodWorker.invokeBeforeClassMethods(TestMethodWorker.java:166)
	at org.testng.internal.TestMethodWorker.run(TestMethodWorker.java:105)
	at org.testng.TestRunner.privateRun(TestRunner.java:744)
	at org.testng.TestRunner.run(TestRunner.java:602)
	at org.testng.SuiteRunner.runTest(SuiteRunner.java:380)
	at org.testng.SuiteRunner.runSequentially(SuiteRunner.java:375)
	at org.testng.SuiteRunner.privateRun(SuiteRunner.java:340)
	at org.testng.SuiteRunner.run(SuiteRunner.java:289)
	at org.testng.SuiteRunnerWorker.runSuite(SuiteRunnerWorker.java:52)
	at org.testng.SuiteRunnerWorker.run(SuiteRunnerWorker.java:86)
	at org.testng.TestNG.runSuitesSequentially(TestNG.java:1301)
	at org.testng.TestNG.runSuitesLocally(TestNG.java:1226)
	at org.testng.TestNG.runSuites(TestNG.java:1144)
	at org.testng.TestNG.run(TestNG.java:1115)
	at org.apache.maven.surefire.testng.TestNGExecutor.run(TestNGExecutor.java:135)
	at org.apache.maven.surefire.testng.TestNGDirectoryTestSuite.executeMulti(TestNGDirectoryTestSuite.java:193)
	at org.apache.maven.surefire.testng.TestNGDirectoryTestSuite.execute(TestNGDirectoryTestSuite.java:94)
	at org.apache.maven.surefire.testng.TestNGProvider.invoke(TestNGProvider.java:146)
	at org.apache.maven.surefire.booter.ForkedBooter.invokeProviderInSameClassLoader(ForkedBooter.java:386)
	at org.apache.maven.surefire.booter.ForkedBooter.runSuitesInProcess(ForkedBooter.java:323)
	at org.apache.maven.surefire.booter.ForkedBooter.main(ForkedBooter.java:143)
]]></system-err>
  </testcase>
  <testcase name="createUserCompany" classname="com.airtel.RestAssured.Adtech.Tests.sms.SmsDLTTest" time="0">
    <skipped/>
  </testcase>
  <testcase name="createUserCompany" classname="com.airtel.RestAssured.Adtech.Tests.sms.SmsDLTTest" time="0">
    <skipped/>
  </testcase>
  <testcase name="createUserCompany" classname="com.airtel.RestAssured.Adtech.Tests.sms.SmsDLTTest" time="0">
    <skipped/>
  </testcase>
  <testcase name="createUserCompany" classname="com.airtel.RestAssured.Adtech.Tests.sms.SmsDLTTest" time="0">
    <skipped/>
  </testcase>
  <testcase name="createUserCompany" classname="com.airtel.RestAssured.Adtech.Tests.sms.SmsDLTTest" time="0">
    <skipped/>
  </testcase>
  <testcase name="createUserCompany" classname="com.airtel.RestAssured.Adtech.Tests.sms.SmsDLTTest" time="0">
    <skipped/>
  </testcase>
  <testcase name="createUserCompany" classname="com.airtel.RestAssured.Adtech.Tests.sms.SmsDLTTest" time="0">
    <skipped/>
  </testcase>
  <testcase name="createUserCompany" classname="com.airtel.RestAssured.Adtech.Tests.sms.SmsDLTTest" time="0">
    <skipped/>
  </testcase>
  <testcase name="createUserCompany" classname="com.airtel.RestAssured.Adtech.Tests.sms.SmsDLTTest" time="0">
    <skipped/>
  </testcase>
  <testcase name="createUserCompany" classname="com.airtel.RestAssured.Adtech.Tests.sms.SmsDLTTest" time="0">
    <skipped/>
  </testcase>
  <testcase name="createUserCompany" classname="com.airtel.RestAssured.Adtech.Tests.sms.SmsDLTTest" time="0">
    <skipped/>
  </testcase>
  <testcase name="createUserCompany" classname="com.airtel.RestAssured.Adtech.Tests.sms.SmsDLTTest" time="0">
    <skipped/>
  </testcase>
  <testcase name="registerandvalidateDlt" classname="com.airtel.RestAssured.Adtech.Tests.sms.SmsDLTTest" time="0">
    <skipped/>
  </testcase>
  <testcase name="createUserCompany" classname="com.airtel.RestAssured.Adtech.Tests.sms.AdminTest" time="1,082.901">
    <failure type="java.lang.NullPointerException">java.lang.NullPointerException
	at com.airtel.RestAssured.Adtech.Tests.sms.AdminTest.createUserCompany(AdminTest.java:156)
</failure>
  </testcase>
  <testcase name="createUserCompany" classname="com.airtel.RestAssured.Adtech.Tests.sms.AdminTest" time="0">
    <skipped/>
  </testcase>
  <testcase name="createUserCompany" classname="com.airtel.RestAssured.Adtech.Tests.sms.AdminTest" time="0">
    <skipped/>
  </testcase>
  <testcase name="createUserCompany" classname="com.airtel.RestAssured.Adtech.Tests.sms.AdminTest" time="0">
    <skipped/>
  </testcase>
  <testcase name="createUserCompany" classname="com.airtel.RestAssured.Adtech.Tests.sms.AdminTest" time="0">
    <skipped/>
  </testcase>
  <testcase name="createUserCompany" classname="com.airtel.RestAssured.Adtech.Tests.sms.AdminTest" time="0">
    <skipped/>
  </testcase>
  <testcase name="createUserCompany" classname="com.airtel.RestAssured.Adtech.Tests.sms.AdminTest" time="0">
    <skipped/>
  </testcase>
  <testcase name="createUserCompany" classname="com.airtel.RestAssured.Adtech.Tests.sms.AdminTest" time="0">
    <skipped/>
  </testcase>
  <testcase name="createUserCompany" classname="com.airtel.RestAssured.Adtech.Tests.sms.AdminTest" time="0">
    <skipped/>
  </testcase>
  <testcase name="createUserCompany" classname="com.airtel.RestAssured.Adtech.Tests.sms.AdminTest" time="0">
    <skipped/>
  </testcase>
  <testcase name="createUserCompany" classname="com.airtel.RestAssured.Adtech.Tests.sms.AdminTest" time="0">
    <skipped/>
  </testcase>
  <testcase name="createUserCompany" classname="com.airtel.RestAssured.Adtech.Tests.sms.AdminTest" time="0">
    <skipped/>
  </testcase>
  <testcase name="createUserCompany" classname="com.airtel.RestAssured.Adtech.Tests.sms.AdminTest" time="0">
    <skipped/>
  </testcase>
  <testcase name="createUserCompany" classname="com.airtel.RestAssured.Adtech.Tests.sms.AdminTest" time="0">
    <skipped/>
  </testcase>
  <testcase name="createUserCompany" classname="com.airtel.RestAssured.Adtech.Tests.sms.AdminTest" time="0">
    <skipped/>
  </testcase>
  <testcase name="createUserCompany" classname="com.airtel.RestAssured.Adtech.Tests.sms.AdminTest" time="0">
    <skipped/>
  </testcase>
  <testcase name="createUserCompany" classname="com.airtel.RestAssured.Adtech.Tests.sms.AdminTest" time="0">
    <skipped/>
  </testcase>
  <testcase name="createUserCompany" classname="com.airtel.RestAssured.Adtech.Tests.sms.AdminTest" time="0">
    <skipped/>
  </testcase>
  <testcase name="createUserCompany" classname="com.airtel.RestAssured.Adtech.Tests.sms.AdminTest" time="0">
    <skipped/>
  </testcase>
  <testcase name="createUserCompany" classname="com.airtel.RestAssured.Adtech.Tests.sms.AdminTest" time="0">
    <skipped/>
  </testcase>
  <testcase name="createUserCompany" classname="com.airtel.RestAssured.Adtech.Tests.sms.AdminTest" time="0">
    <skipped/>
  </testcase>
  <testcase name="createUserCompany" classname="com.airtel.RestAssured.Adtech.Tests.sms.AdminTest" time="0">
    <skipped/>
  </testcase>
  <testcase name="createUserCompany" classname="com.airtel.RestAssured.Adtech.Tests.sms.AdminTest" time="0">
    <skipped/>
  </testcase>
  <testcase name="createUserCompany" classname="com.airtel.RestAssured.Adtech.Tests.sms.AdminTest" time="0">
    <skipped/>
  </testcase>
  <testcase name="createUserCompany" classname="com.airtel.RestAssured.Adtech.Tests.sms.AdminTest" time="0">
    <skipped/>
  </testcase>
  <testcase name="createUserCompany" classname="com.airtel.RestAssured.Adtech.Tests.sms.AdminTest" time="0">
    <skipped/>
  </testcase>
  <testcase name="createUserCompany" classname="com.airtel.RestAssured.Adtech.Tests.sms.AdminTest" time="0">
    <skipped/>
  </testcase>
  <testcase name="createUserCompany" classname="com.airtel.RestAssured.Adtech.Tests.sms.AdminTest" time="0">
    <skipped/>
  </testcase>
  <testcase name="createUserCompany" classname="com.airtel.RestAssured.Adtech.Tests.sms.AdminTest" time="0">
    <skipped/>
  </testcase>
  <testcase name="createUserCompany" classname="com.airtel.RestAssured.Adtech.Tests.sms.AdminTest" time="0">
    <skipped/>
  </testcase>
  <testcase name="createUserCompany" classname="com.airtel.RestAssured.Adtech.Tests.sms.AdminTest" time="0">
    <skipped/>
  </testcase>
  <testcase name="createUserCompany" classname="com.airtel.RestAssured.Adtech.Tests.sms.AdminTest" time="0">
    <skipped/>
  </testcase>
  <testcase name="createUserCompany" classname="com.airtel.RestAssured.Adtech.Tests.sms.AdminTest" time="0">
    <skipped/>
  </testcase>
  <testcase name="createUserCompany" classname="com.airtel.RestAssured.Adtech.Tests.sms.AdminTest" time="0">
    <skipped/>
  </testcase>
  <testcase name="createUserCompany" classname="com.airtel.RestAssured.Adtech.Tests.sms.AdminTest" time="0">
    <skipped/>
  </testcase>
  <testcase name="createUserCompany" classname="com.airtel.RestAssured.Adtech.Tests.sms.AdminTest" time="0">
    <skipped/>
  </testcase>
  <testcase name="createUserCompany" classname="com.airtel.RestAssured.Adtech.Tests.sms.AdminTest" time="0">
    <skipped/>
  </testcase>
  <testcase name="campaignListByPageLimitAndSort" classname="com.airtel.RestAssured.Adtech.Tests.sms.AdminTest" time="0">
    <skipped/>
  </testcase>
  <testcase name="createUserCompany" classname="com.airtel.RestAssured.Adtech.Tests.sms.AnalyticsTimeSlotTest" time="1,382.959">
    <failure type="java.lang.NullPointerException">java.lang.NullPointerException
	at com.airtel.RestAssured.Adtech.Tests.sms.AnalyticsTimeSlotTest.createUserCompany(AnalyticsTimeSlotTest.java:145)
</failure>
    <system-err><![CDATA[java.io.FileNotFoundException: /Users/b0216523/Documents/adtech/ADTECH-AUTOMATION/config/order/orderTestData.properties (No such file or directory)
	at java.io.FileInputStream.open0(Native Method)
	at java.io.FileInputStream.open(FileInputStream.java:195)
	at java.io.FileInputStream.<init>(FileInputStream.java:138)
	at java.io.FileInputStream.<init>(FileInputStream.java:93)
	at com.airtel.teams.common.CommonApi.getTestDataConfigPropertyObject(CommonApi.java:650)
	at com.airtel.RestAssured.Adtech.Tests.sms.AnalyticsTimeSlotTest.setEnvironment(AnalyticsTimeSlotTest.java:109)
	at sun.reflect.NativeMethodAccessorImpl.invoke0(Native Method)
	at sun.reflect.NativeMethodAccessorImpl.invoke(NativeMethodAccessorImpl.java:62)
	at sun.reflect.DelegatingMethodAccessorImpl.invoke(DelegatingMethodAccessorImpl.java:43)
	at java.lang.reflect.Method.invoke(Method.java:498)
	at org.testng.internal.MethodInvocationHelper.invokeMethod(MethodInvocationHelper.java:108)
	at org.testng.internal.Invoker.invokeConfigurationMethod(Invoker.java:523)
	at org.testng.internal.Invoker.invokeConfigurations(Invoker.java:224)
	at org.testng.internal.Invoker.invokeConfigurations(Invoker.java:146)
	at org.testng.internal.TestMethodWorker.invokeBeforeClassMethods(TestMethodWorker.java:166)
	at org.testng.internal.TestMethodWorker.run(TestMethodWorker.java:105)
	at org.testng.TestRunner.privateRun(TestRunner.java:744)
	at org.testng.TestRunner.run(TestRunner.java:602)
	at org.testng.SuiteRunner.runTest(SuiteRunner.java:380)
	at org.testng.SuiteRunner.runSequentially(SuiteRunner.java:375)
	at org.testng.SuiteRunner.privateRun(SuiteRunner.java:340)
	at org.testng.SuiteRunner.run(SuiteRunner.java:289)
	at org.testng.SuiteRunnerWorker.runSuite(SuiteRunnerWorker.java:52)
	at org.testng.SuiteRunnerWorker.run(SuiteRunnerWorker.java:86)
	at org.testng.TestNG.runSuitesSequentially(TestNG.java:1301)
	at org.testng.TestNG.runSuitesLocally(TestNG.java:1226)
	at org.testng.TestNG.runSuites(TestNG.java:1144)
	at org.testng.TestNG.run(TestNG.java:1115)
	at org.apache.maven.surefire.testng.TestNGExecutor.run(TestNGExecutor.java:135)
	at org.apache.maven.surefire.testng.TestNGDirectoryTestSuite.executeMulti(TestNGDirectoryTestSuite.java:193)
	at org.apache.maven.surefire.testng.TestNGDirectoryTestSuite.execute(TestNGDirectoryTestSuite.java:94)
	at org.apache.maven.surefire.testng.TestNGProvider.invoke(TestNGProvider.java:146)
	at org.apache.maven.surefire.booter.ForkedBooter.invokeProviderInSameClassLoader(ForkedBooter.java:386)
	at org.apache.maven.surefire.booter.ForkedBooter.runSuitesInProcess(ForkedBooter.java:323)
	at org.apache.maven.surefire.booter.ForkedBooter.main(ForkedBooter.java:143)
java.io.FileNotFoundException: /Users/b0216523/Documents/adtech/ADTECH-AUTOMATION/config/onboarding/onboardingTestData.properties (No such file or directory)
	at java.io.FileInputStream.open0(Native Method)
	at java.io.FileInputStream.open(FileInputStream.java:195)
	at java.io.FileInputStream.<init>(FileInputStream.java:138)
	at java.io.FileInputStream.<init>(FileInputStream.java:93)
	at com.airtel.teams.common.CommonApi.getTestDataConfigPropertyObject(CommonApi.java:650)
	at com.airtel.RestAssured.Adtech.Tests.sms.AnalyticsTimeSlotTest.setEnvironment(AnalyticsTimeSlotTest.java:110)
	at sun.reflect.NativeMethodAccessorImpl.invoke0(Native Method)
	at sun.reflect.NativeMethodAccessorImpl.invoke(NativeMethodAccessorImpl.java:62)
	at sun.reflect.DelegatingMethodAccessorImpl.invoke(DelegatingMethodAccessorImpl.java:43)
	at java.lang.reflect.Method.invoke(Method.java:498)
	at org.testng.internal.MethodInvocationHelper.invokeMethod(MethodInvocationHelper.java:108)
	at org.testng.internal.Invoker.invokeConfigurationMethod(Invoker.java:523)
	at org.testng.internal.Invoker.invokeConfigurations(Invoker.java:224)
	at org.testng.internal.Invoker.invokeConfigurations(Invoker.java:146)
	at org.testng.internal.TestMethodWorker.invokeBeforeClassMethods(TestMethodWorker.java:166)
	at org.testng.internal.TestMethodWorker.run(TestMethodWorker.java:105)
	at org.testng.TestRunner.privateRun(TestRunner.java:744)
	at org.testng.TestRunner.run(TestRunner.java:602)
	at org.testng.SuiteRunner.runTest(SuiteRunner.java:380)
	at org.testng.SuiteRunner.runSequentially(SuiteRunner.java:375)
	at org.testng.SuiteRunner.privateRun(SuiteRunner.java:340)
	at org.testng.SuiteRunner.run(SuiteRunner.java:289)
	at org.testng.SuiteRunnerWorker.runSuite(SuiteRunnerWorker.java:52)
	at org.testng.SuiteRunnerWorker.run(SuiteRunnerWorker.java:86)
	at org.testng.TestNG.runSuitesSequentially(TestNG.java:1301)
	at org.testng.TestNG.runSuitesLocally(TestNG.java:1226)
	at org.testng.TestNG.runSuites(TestNG.java:1144)
	at org.testng.TestNG.run(TestNG.java:1115)
	at org.apache.maven.surefire.testng.TestNGExecutor.run(TestNGExecutor.java:135)
	at org.apache.maven.surefire.testng.TestNGDirectoryTestSuite.executeMulti(TestNGDirectoryTestSuite.java:193)
	at org.apache.maven.surefire.testng.TestNGDirectoryTestSuite.execute(TestNGDirectoryTestSuite.java:94)
	at org.apache.maven.surefire.testng.TestNGProvider.invoke(TestNGProvider.java:146)
	at org.apache.maven.surefire.booter.ForkedBooter.invokeProviderInSameClassLoader(ForkedBooter.java:386)
	at org.apache.maven.surefire.booter.ForkedBooter.runSuitesInProcess(ForkedBooter.java:323)
	at org.apache.maven.surefire.booter.ForkedBooter.main(ForkedBooter.java:143)
java.io.FileNotFoundException: /Users/b0216523/Documents/adtech/ADTECH-AUTOMATION/config/payment/paymentTestData.properties (No such file or directory)
	at java.io.FileInputStream.open0(Native Method)
	at java.io.FileInputStream.open(FileInputStream.java:195)
	at java.io.FileInputStream.<init>(FileInputStream.java:138)
	at java.io.FileInputStream.<init>(FileInputStream.java:93)
	at com.airtel.teams.common.CommonApi.getTestDataConfigPropertyObject(CommonApi.java:650)
	at com.airtel.RestAssured.Adtech.Tests.sms.AnalyticsTimeSlotTest.setEnvironment(AnalyticsTimeSlotTest.java:111)
	at sun.reflect.NativeMethodAccessorImpl.invoke0(Native Method)
	at sun.reflect.NativeMethodAccessorImpl.invoke(NativeMethodAccessorImpl.java:62)
	at sun.reflect.DelegatingMethodAccessorImpl.invoke(DelegatingMethodAccessorImpl.java:43)
	at java.lang.reflect.Method.invoke(Method.java:498)
	at org.testng.internal.MethodInvocationHelper.invokeMethod(MethodInvocationHelper.java:108)
	at org.testng.internal.Invoker.invokeConfigurationMethod(Invoker.java:523)
	at org.testng.internal.Invoker.invokeConfigurations(Invoker.java:224)
	at org.testng.internal.Invoker.invokeConfigurations(Invoker.java:146)
	at org.testng.internal.TestMethodWorker.invokeBeforeClassMethods(TestMethodWorker.java:166)
	at org.testng.internal.TestMethodWorker.run(TestMethodWorker.java:105)
	at org.testng.TestRunner.privateRun(TestRunner.java:744)
	at org.testng.TestRunner.run(TestRunner.java:602)
	at org.testng.SuiteRunner.runTest(SuiteRunner.java:380)
	at org.testng.SuiteRunner.runSequentially(SuiteRunner.java:375)
	at org.testng.SuiteRunner.privateRun(SuiteRunner.java:340)
	at org.testng.SuiteRunner.run(SuiteRunner.java:289)
	at org.testng.SuiteRunnerWorker.runSuite(SuiteRunnerWorker.java:52)
	at org.testng.SuiteRunnerWorker.run(SuiteRunnerWorker.java:86)
	at org.testng.TestNG.runSuitesSequentially(TestNG.java:1301)
	at org.testng.TestNG.runSuitesLocally(TestNG.java:1226)
	at org.testng.TestNG.runSuites(TestNG.java:1144)
	at org.testng.TestNG.run(TestNG.java:1115)
	at org.apache.maven.surefire.testng.TestNGExecutor.run(TestNGExecutor.java:135)
	at org.apache.maven.surefire.testng.TestNGDirectoryTestSuite.executeMulti(TestNGDirectoryTestSuite.java:193)
	at org.apache.maven.surefire.testng.TestNGDirectoryTestSuite.execute(TestNGDirectoryTestSuite.java:94)
	at org.apache.maven.surefire.testng.TestNGProvider.invoke(TestNGProvider.java:146)
	at org.apache.maven.surefire.booter.ForkedBooter.invokeProviderInSameClassLoader(ForkedBooter.java:386)
	at org.apache.maven.surefire.booter.ForkedBooter.runSuitesInProcess(ForkedBooter.java:323)
	at org.apache.maven.surefire.booter.ForkedBooter.main(ForkedBooter.java:143)
]]></system-err>
  </testcase>
  <testcase name="createUserCompany" classname="com.airtel.RestAssured.Adtech.Tests.sms.AnalyticsTimeSlotTest" time="0">
    <skipped/>
  </testcase>
  <testcase name="createUserCompany" classname="com.airtel.RestAssured.Adtech.Tests.sms.AnalyticsTimeSlotTest" time="0">
    <skipped/>
  </testcase>
  <testcase name="createUserCompany" classname="com.airtel.RestAssured.Adtech.Tests.sms.AnalyticsTimeSlotTest" time="0">
    <skipped/>
  </testcase>
  <testcase name="createUserCompany" classname="com.airtel.RestAssured.Adtech.Tests.sms.AnalyticsTimeSlotTest" time="0">
    <skipped/>
  </testcase>
  <testcase name="createUserCompany" classname="com.airtel.RestAssured.Adtech.Tests.sms.AnalyticsTimeSlotTest" time="0">
    <skipped/>
  </testcase>
  <testcase name="createUserCompany" classname="com.airtel.RestAssured.Adtech.Tests.sms.AnalyticsTimeSlotTest" time="0">
    <skipped/>
  </testcase>
  <testcase name="createUserCompany" classname="com.airtel.RestAssured.Adtech.Tests.sms.AnalyticsTimeSlotTest" time="0">
    <skipped/>
  </testcase>
  <testcase name="createUserCompany" classname="com.airtel.RestAssured.Adtech.Tests.sms.AnalyticsTimeSlotTest" time="0">
    <skipped/>
  </testcase>
  <testcase name="createUserCompany" classname="com.airtel.RestAssured.Adtech.Tests.sms.AnalyticsTimeSlotTest" time="0">
    <skipped/>
  </testcase>
  <testcase name="createUserCompany" classname="com.airtel.RestAssured.Adtech.Tests.sms.AnalyticsTimeSlotTest" time="0">
    <skipped/>
  </testcase>
  <testcase name="createUserCompany" classname="com.airtel.RestAssured.Adtech.Tests.sms.AnalyticsTimeSlotTest" time="0">
    <skipped/>
  </testcase>
  <testcase name="createUserCompany" classname="com.airtel.RestAssured.Adtech.Tests.sms.AnalyticsTimeSlotTest" time="0">
    <skipped/>
  </testcase>
  <testcase name="fetchAnalytics" classname="com.airtel.RestAssured.Adtech.Tests.sms.AnalyticsTimeSlotTest" time="0">
    <skipped/>
  </testcase>
  <testcase name="createUserCompany" classname="com.airtel.RestAssured.Adtech.Tests.billing.InvoiceTest" time="1,683.034">
    <failure type="java.lang.NullPointerException">java.lang.NullPointerException
	at com.airtel.RestAssured.Adtech.Tests.billing.InvoiceTest.createUserCompany(InvoiceTest.java:131)
</failure>
    <system-err><![CDATA[java.io.FileNotFoundException: /Users/b0216523/Documents/adtech/ADTECH-AUTOMATION/config/billing/billingTestData.properties (No such file or directory)
	at java.io.FileInputStream.open0(Native Method)
	at java.io.FileInputStream.open(FileInputStream.java:195)
	at java.io.FileInputStream.<init>(FileInputStream.java:138)
	at java.io.FileInputStream.<init>(FileInputStream.java:93)
	at com.airtel.teams.common.CommonApi.getTestDataConfigPropertyObject(CommonApi.java:650)
	at com.airtel.RestAssured.Adtech.Tests.billing.InvoiceTest.setEnvironment(InvoiceTest.java:89)
	at sun.reflect.NativeMethodAccessorImpl.invoke0(Native Method)
	at sun.reflect.NativeMethodAccessorImpl.invoke(NativeMethodAccessorImpl.java:62)
	at sun.reflect.DelegatingMethodAccessorImpl.invoke(DelegatingMethodAccessorImpl.java:43)
	at java.lang.reflect.Method.invoke(Method.java:498)
	at org.testng.internal.MethodInvocationHelper.invokeMethod(MethodInvocationHelper.java:108)
	at org.testng.internal.Invoker.invokeConfigurationMethod(Invoker.java:523)
	at org.testng.internal.Invoker.invokeConfigurations(Invoker.java:224)
	at org.testng.internal.Invoker.invokeConfigurations(Invoker.java:146)
	at org.testng.internal.TestMethodWorker.invokeBeforeClassMethods(TestMethodWorker.java:166)
	at org.testng.internal.TestMethodWorker.run(TestMethodWorker.java:105)
	at org.testng.TestRunner.privateRun(TestRunner.java:744)
	at org.testng.TestRunner.run(TestRunner.java:602)
	at org.testng.SuiteRunner.runTest(SuiteRunner.java:380)
	at org.testng.SuiteRunner.runSequentially(SuiteRunner.java:375)
	at org.testng.SuiteRunner.privateRun(SuiteRunner.java:340)
	at org.testng.SuiteRunner.run(SuiteRunner.java:289)
	at org.testng.SuiteRunnerWorker.runSuite(SuiteRunnerWorker.java:52)
	at org.testng.SuiteRunnerWorker.run(SuiteRunnerWorker.java:86)
	at org.testng.TestNG.runSuitesSequentially(TestNG.java:1301)
	at org.testng.TestNG.runSuitesLocally(TestNG.java:1226)
	at org.testng.TestNG.runSuites(TestNG.java:1144)
	at org.testng.TestNG.run(TestNG.java:1115)
	at org.apache.maven.surefire.testng.TestNGExecutor.run(TestNGExecutor.java:135)
	at org.apache.maven.surefire.testng.TestNGDirectoryTestSuite.executeMulti(TestNGDirectoryTestSuite.java:193)
	at org.apache.maven.surefire.testng.TestNGDirectoryTestSuite.execute(TestNGDirectoryTestSuite.java:94)
	at org.apache.maven.surefire.testng.TestNGProvider.invoke(TestNGProvider.java:146)
	at org.apache.maven.surefire.booter.ForkedBooter.invokeProviderInSameClassLoader(ForkedBooter.java:386)
	at org.apache.maven.surefire.booter.ForkedBooter.runSuitesInProcess(ForkedBooter.java:323)
	at org.apache.maven.surefire.booter.ForkedBooter.main(ForkedBooter.java:143)
java.io.FileNotFoundException: /Users/b0216523/Documents/adtech/ADTECH-AUTOMATION/config/order/orderTestData.properties (No such file or directory)
	at java.io.FileInputStream.open0(Native Method)
	at java.io.FileInputStream.open(FileInputStream.java:195)
	at java.io.FileInputStream.<init>(FileInputStream.java:138)
	at java.io.FileInputStream.<init>(FileInputStream.java:93)
	at com.airtel.teams.common.CommonApi.getTestDataConfigPropertyObject(CommonApi.java:650)
	at com.airtel.RestAssured.Adtech.Tests.billing.InvoiceTest.setEnvironment(InvoiceTest.java:92)
	at sun.reflect.NativeMethodAccessorImpl.invoke0(Native Method)
	at sun.reflect.NativeMethodAccessorImpl.invoke(NativeMethodAccessorImpl.java:62)
	at sun.reflect.DelegatingMethodAccessorImpl.invoke(DelegatingMethodAccessorImpl.java:43)
	at java.lang.reflect.Method.invoke(Method.java:498)
	at org.testng.internal.MethodInvocationHelper.invokeMethod(MethodInvocationHelper.java:108)
	at org.testng.internal.Invoker.invokeConfigurationMethod(Invoker.java:523)
	at org.testng.internal.Invoker.invokeConfigurations(Invoker.java:224)
	at org.testng.internal.Invoker.invokeConfigurations(Invoker.java:146)
	at org.testng.internal.TestMethodWorker.invokeBeforeClassMethods(TestMethodWorker.java:166)
	at org.testng.internal.TestMethodWorker.run(TestMethodWorker.java:105)
	at org.testng.TestRunner.privateRun(TestRunner.java:744)
	at org.testng.TestRunner.run(TestRunner.java:602)
	at org.testng.SuiteRunner.runTest(SuiteRunner.java:380)
	at org.testng.SuiteRunner.runSequentially(SuiteRunner.java:375)
	at org.testng.SuiteRunner.privateRun(SuiteRunner.java:340)
	at org.testng.SuiteRunner.run(SuiteRunner.java:289)
	at org.testng.SuiteRunnerWorker.runSuite(SuiteRunnerWorker.java:52)
	at org.testng.SuiteRunnerWorker.run(SuiteRunnerWorker.java:86)
	at org.testng.TestNG.runSuitesSequentially(TestNG.java:1301)
	at org.testng.TestNG.runSuitesLocally(TestNG.java:1226)
	at org.testng.TestNG.runSuites(TestNG.java:1144)
	at org.testng.TestNG.run(TestNG.java:1115)
	at org.apache.maven.surefire.testng.TestNGExecutor.run(TestNGExecutor.java:135)
	at org.apache.maven.surefire.testng.TestNGDirectoryTestSuite.executeMulti(TestNGDirectoryTestSuite.java:193)
	at org.apache.maven.surefire.testng.TestNGDirectoryTestSuite.execute(TestNGDirectoryTestSuite.java:94)
	at org.apache.maven.surefire.testng.TestNGProvider.invoke(TestNGProvider.java:146)
	at org.apache.maven.surefire.booter.ForkedBooter.invokeProviderInSameClassLoader(ForkedBooter.java:386)
	at org.apache.maven.surefire.booter.ForkedBooter.runSuitesInProcess(ForkedBooter.java:323)
	at org.apache.maven.surefire.booter.ForkedBooter.main(ForkedBooter.java:143)
java.io.FileNotFoundException: /Users/b0216523/Documents/adtech/ADTECH-AUTOMATION/config/onboarding/onboardingTestData.properties (No such file or directory)
	at java.io.FileInputStream.open0(Native Method)
	at java.io.FileInputStream.open(FileInputStream.java:195)
	at java.io.FileInputStream.<init>(FileInputStream.java:138)
	at java.io.FileInputStream.<init>(FileInputStream.java:93)
	at com.airtel.teams.common.CommonApi.getTestDataConfigPropertyObject(CommonApi.java:650)
	at com.airtel.RestAssured.Adtech.Tests.billing.InvoiceTest.setEnvironment(InvoiceTest.java:93)
	at sun.reflect.NativeMethodAccessorImpl.invoke0(Native Method)
	at sun.reflect.NativeMethodAccessorImpl.invoke(NativeMethodAccessorImpl.java:62)
	at sun.reflect.DelegatingMethodAccessorImpl.invoke(DelegatingMethodAccessorImpl.java:43)
	at java.lang.reflect.Method.invoke(Method.java:498)
	at org.testng.internal.MethodInvocationHelper.invokeMethod(MethodInvocationHelper.java:108)
	at org.testng.internal.Invoker.invokeConfigurationMethod(Invoker.java:523)
	at org.testng.internal.Invoker.invokeConfigurations(Invoker.java:224)
	at org.testng.internal.Invoker.invokeConfigurations(Invoker.java:146)
	at org.testng.internal.TestMethodWorker.invokeBeforeClassMethods(TestMethodWorker.java:166)
	at org.testng.internal.TestMethodWorker.run(TestMethodWorker.java:105)
	at org.testng.TestRunner.privateRun(TestRunner.java:744)
	at org.testng.TestRunner.run(TestRunner.java:602)
	at org.testng.SuiteRunner.runTest(SuiteRunner.java:380)
	at org.testng.SuiteRunner.runSequentially(SuiteRunner.java:375)
	at org.testng.SuiteRunner.privateRun(SuiteRunner.java:340)
	at org.testng.SuiteRunner.run(SuiteRunner.java:289)
	at org.testng.SuiteRunnerWorker.runSuite(SuiteRunnerWorker.java:52)
	at org.testng.SuiteRunnerWorker.run(SuiteRunnerWorker.java:86)
	at org.testng.TestNG.runSuitesSequentially(TestNG.java:1301)
	at org.testng.TestNG.runSuitesLocally(TestNG.java:1226)
	at org.testng.TestNG.runSuites(TestNG.java:1144)
	at org.testng.TestNG.run(TestNG.java:1115)
	at org.apache.maven.surefire.testng.TestNGExecutor.run(TestNGExecutor.java:135)
	at org.apache.maven.surefire.testng.TestNGDirectoryTestSuite.executeMulti(TestNGDirectoryTestSuite.java:193)
	at org.apache.maven.surefire.testng.TestNGDirectoryTestSuite.execute(TestNGDirectoryTestSuite.java:94)
	at org.apache.maven.surefire.testng.TestNGProvider.invoke(TestNGProvider.java:146)
	at org.apache.maven.surefire.booter.ForkedBooter.invokeProviderInSameClassLoader(ForkedBooter.java:386)
	at org.apache.maven.surefire.booter.ForkedBooter.runSuitesInProcess(ForkedBooter.java:323)
	at org.apache.maven.surefire.booter.ForkedBooter.main(ForkedBooter.java:143)
java.io.FileNotFoundException: /Users/b0216523/Documents/adtech/ADTECH-AUTOMATION/config/payment/paymentTestData.properties (No such file or directory)
	at java.io.FileInputStream.open0(Native Method)
	at java.io.FileInputStream.open(FileInputStream.java:195)
	at java.io.FileInputStream.<init>(FileInputStream.java:138)
	at java.io.FileInputStream.<init>(FileInputStream.java:93)
	at com.airtel.teams.common.CommonApi.getTestDataConfigPropertyObject(CommonApi.java:650)
	at com.airtel.RestAssured.Adtech.Tests.billing.InvoiceTest.setEnvironment(InvoiceTest.java:94)
	at sun.reflect.NativeMethodAccessorImpl.invoke0(Native Method)
	at sun.reflect.NativeMethodAccessorImpl.invoke(NativeMethodAccessorImpl.java:62)
	at sun.reflect.DelegatingMethodAccessorImpl.invoke(DelegatingMethodAccessorImpl.java:43)
	at java.lang.reflect.Method.invoke(Method.java:498)
	at org.testng.internal.MethodInvocationHelper.invokeMethod(MethodInvocationHelper.java:108)
	at org.testng.internal.Invoker.invokeConfigurationMethod(Invoker.java:523)
	at org.testng.internal.Invoker.invokeConfigurations(Invoker.java:224)
	at org.testng.internal.Invoker.invokeConfigurations(Invoker.java:146)
	at org.testng.internal.TestMethodWorker.invokeBeforeClassMethods(TestMethodWorker.java:166)
	at org.testng.internal.TestMethodWorker.run(TestMethodWorker.java:105)
	at org.testng.TestRunner.privateRun(TestRunner.java:744)
	at org.testng.TestRunner.run(TestRunner.java:602)
	at org.testng.SuiteRunner.runTest(SuiteRunner.java:380)
	at org.testng.SuiteRunner.runSequentially(SuiteRunner.java:375)
	at org.testng.SuiteRunner.privateRun(SuiteRunner.java:340)
	at org.testng.SuiteRunner.run(SuiteRunner.java:289)
	at org.testng.SuiteRunnerWorker.runSuite(SuiteRunnerWorker.java:52)
	at org.testng.SuiteRunnerWorker.run(SuiteRunnerWorker.java:86)
	at org.testng.TestNG.runSuitesSequentially(TestNG.java:1301)
	at org.testng.TestNG.runSuitesLocally(TestNG.java:1226)
	at org.testng.TestNG.runSuites(TestNG.java:1144)
	at org.testng.TestNG.run(TestNG.java:1115)
	at org.apache.maven.surefire.testng.TestNGExecutor.run(TestNGExecutor.java:135)
	at org.apache.maven.surefire.testng.TestNGDirectoryTestSuite.executeMulti(TestNGDirectoryTestSuite.java:193)
	at org.apache.maven.surefire.testng.TestNGDirectoryTestSuite.execute(TestNGDirectoryTestSuite.java:94)
	at org.apache.maven.surefire.testng.TestNGProvider.invoke(TestNGProvider.java:146)
	at org.apache.maven.surefire.booter.ForkedBooter.invokeProviderInSameClassLoader(ForkedBooter.java:386)
	at org.apache.maven.surefire.booter.ForkedBooter.runSuitesInProcess(ForkedBooter.java:323)
	at org.apache.maven.surefire.booter.ForkedBooter.main(ForkedBooter.java:143)
]]></system-err>
  </testcase>
  <testcase name="createUserCompany" classname="com.airtel.RestAssured.Adtech.Tests.billing.InvoiceTest" time="0">
    <skipped/>
  </testcase>
  <testcase name="createUserCompany" classname="com.airtel.RestAssured.Adtech.Tests.billing.InvoiceTest" time="0">
    <skipped/>
  </testcase>
  <testcase name="createUserCompany" classname="com.airtel.RestAssured.Adtech.Tests.billing.InvoiceTest" time="0">
    <skipped/>
  </testcase>
  <testcase name="createUserCompany" classname="com.airtel.RestAssured.Adtech.Tests.billing.InvoiceTest" time="0">
    <skipped/>
  </testcase>
  <testcase name="createUserCompany" classname="com.airtel.RestAssured.Adtech.Tests.billing.InvoiceTest" time="0">
    <skipped/>
  </testcase>
  <testcase name="createUserCompany" classname="com.airtel.RestAssured.Adtech.Tests.billing.InvoiceTest" time="0">
    <skipped/>
  </testcase>
  <testcase name="createUserCompany" classname="com.airtel.RestAssured.Adtech.Tests.billing.InvoiceTest" time="0">
    <skipped/>
  </testcase>
  <testcase name="createUserCompany" classname="com.airtel.RestAssured.Adtech.Tests.billing.InvoiceTest" time="0">
    <skipped/>
  </testcase>
  <testcase name="createUserCompany" classname="com.airtel.RestAssured.Adtech.Tests.billing.InvoiceTest" time="0">
    <skipped/>
  </testcase>
  <testcase name="createUserCompany" classname="com.airtel.RestAssured.Adtech.Tests.billing.InvoiceTest" time="0">
    <skipped/>
  </testcase>
  <testcase name="createUserCompany" classname="com.airtel.RestAssured.Adtech.Tests.billing.InvoiceTest" time="0">
    <skipped/>
  </testcase>
  <testcase name="createUserCompany" classname="com.airtel.RestAssured.Adtech.Tests.billing.InvoiceTest" time="0">
    <skipped/>
  </testcase>
  <testcase name="createUserCompany" classname="com.airtel.RestAssured.Adtech.Tests.billing.InvoiceTest" time="0">
    <skipped/>
  </testcase>
  <testcase name="createUserCompany" classname="com.airtel.RestAssured.Adtech.Tests.billing.InvoiceTest" time="0">
    <skipped/>
  </testcase>
  <testcase name="createUserCompany" classname="com.airtel.RestAssured.Adtech.Tests.billing.InvoiceTest" time="0">
    <skipped/>
  </testcase>
  <testcase name="createUserCompany" classname="com.airtel.RestAssured.Adtech.Tests.billing.InvoiceTest" time="0">
    <skipped/>
  </testcase>
  <testcase name="fetchInvoices" classname="com.airtel.RestAssured.Adtech.Tests.billing.InvoiceTest" time="0">
    <skipped/>
  </testcase>
  <testcase name="setEnvironment" classname="com.airtel.RestAssured.Adtech.Tests.billing.ReceiptTest" time="1,983.078">
    <failure type="java.lang.NullPointerException">java.lang.NullPointerException
	at com.airtel.RestAssured.Adtech.Tests.billing.ReceiptTest.setEnvironment(ReceiptTest.java:99)
</failure>
    <system-err><![CDATA[java.io.FileNotFoundException: /Users/b0216523/Documents/adtech/ADTECH-AUTOMATION/config/billing/billingTestData.properties (No such file or directory)
	at java.io.FileInputStream.open0(Native Method)
	at java.io.FileInputStream.open(FileInputStream.java:195)
	at java.io.FileInputStream.<init>(FileInputStream.java:138)
	at java.io.FileInputStream.<init>(FileInputStream.java:93)
	at com.airtel.teams.common.CommonApi.getTestDataConfigPropertyObject(CommonApi.java:650)
	at com.airtel.RestAssured.Adtech.Tests.billing.ReceiptTest.setEnvironment(ReceiptTest.java:84)
	at sun.reflect.NativeMethodAccessorImpl.invoke0(Native Method)
	at sun.reflect.NativeMethodAccessorImpl.invoke(NativeMethodAccessorImpl.java:62)
	at sun.reflect.DelegatingMethodAccessorImpl.invoke(DelegatingMethodAccessorImpl.java:43)
	at java.lang.reflect.Method.invoke(Method.java:498)
	at org.testng.internal.MethodInvocationHelper.invokeMethod(MethodInvocationHelper.java:108)
	at org.testng.internal.Invoker.invokeConfigurationMethod(Invoker.java:523)
	at org.testng.internal.Invoker.invokeConfigurations(Invoker.java:224)
	at org.testng.internal.Invoker.invokeConfigurations(Invoker.java:146)
	at org.testng.internal.TestMethodWorker.invokeBeforeClassMethods(TestMethodWorker.java:166)
	at org.testng.internal.TestMethodWorker.run(TestMethodWorker.java:105)
	at org.testng.TestRunner.privateRun(TestRunner.java:744)
	at org.testng.TestRunner.run(TestRunner.java:602)
	at org.testng.SuiteRunner.runTest(SuiteRunner.java:380)
	at org.testng.SuiteRunner.runSequentially(SuiteRunner.java:375)
	at org.testng.SuiteRunner.privateRun(SuiteRunner.java:340)
	at org.testng.SuiteRunner.run(SuiteRunner.java:289)
	at org.testng.SuiteRunnerWorker.runSuite(SuiteRunnerWorker.java:52)
	at org.testng.SuiteRunnerWorker.run(SuiteRunnerWorker.java:86)
	at org.testng.TestNG.runSuitesSequentially(TestNG.java:1301)
	at org.testng.TestNG.runSuitesLocally(TestNG.java:1226)
	at org.testng.TestNG.runSuites(TestNG.java:1144)
	at org.testng.TestNG.run(TestNG.java:1115)
	at org.apache.maven.surefire.testng.TestNGExecutor.run(TestNGExecutor.java:135)
	at org.apache.maven.surefire.testng.TestNGDirectoryTestSuite.executeMulti(TestNGDirectoryTestSuite.java:193)
	at org.apache.maven.surefire.testng.TestNGDirectoryTestSuite.execute(TestNGDirectoryTestSuite.java:94)
	at org.apache.maven.surefire.testng.TestNGProvider.invoke(TestNGProvider.java:146)
	at org.apache.maven.surefire.booter.ForkedBooter.invokeProviderInSameClassLoader(ForkedBooter.java:386)
	at org.apache.maven.surefire.booter.ForkedBooter.runSuitesInProcess(ForkedBooter.java:323)
	at org.apache.maven.surefire.booter.ForkedBooter.main(ForkedBooter.java:143)
java.io.FileNotFoundException: /Users/b0216523/Documents/adtech/ADTECH-AUTOMATION/config/order/orderTestData.properties (No such file or directory)
	at java.io.FileInputStream.open0(Native Method)
	at java.io.FileInputStream.open(FileInputStream.java:195)
	at java.io.FileInputStream.<init>(FileInputStream.java:138)
	at java.io.FileInputStream.<init>(FileInputStream.java:93)
	at com.airtel.teams.common.CommonApi.getTestDataConfigPropertyObject(CommonApi.java:650)
	at com.airtel.RestAssured.Adtech.Tests.billing.ReceiptTest.setEnvironment(ReceiptTest.java:87)
	at sun.reflect.NativeMethodAccessorImpl.invoke0(Native Method)
	at sun.reflect.NativeMethodAccessorImpl.invoke(NativeMethodAccessorImpl.java:62)
	at sun.reflect.DelegatingMethodAccessorImpl.invoke(DelegatingMethodAccessorImpl.java:43)
	at java.lang.reflect.Method.invoke(Method.java:498)
	at org.testng.internal.MethodInvocationHelper.invokeMethod(MethodInvocationHelper.java:108)
	at org.testng.internal.Invoker.invokeConfigurationMethod(Invoker.java:523)
	at org.testng.internal.Invoker.invokeConfigurations(Invoker.java:224)
	at org.testng.internal.Invoker.invokeConfigurations(Invoker.java:146)
	at org.testng.internal.TestMethodWorker.invokeBeforeClassMethods(TestMethodWorker.java:166)
	at org.testng.internal.TestMethodWorker.run(TestMethodWorker.java:105)
	at org.testng.TestRunner.privateRun(TestRunner.java:744)
	at org.testng.TestRunner.run(TestRunner.java:602)
	at org.testng.SuiteRunner.runTest(SuiteRunner.java:380)
	at org.testng.SuiteRunner.runSequentially(SuiteRunner.java:375)
	at org.testng.SuiteRunner.privateRun(SuiteRunner.java:340)
	at org.testng.SuiteRunner.run(SuiteRunner.java:289)
	at org.testng.SuiteRunnerWorker.runSuite(SuiteRunnerWorker.java:52)
	at org.testng.SuiteRunnerWorker.run(SuiteRunnerWorker.java:86)
	at org.testng.TestNG.runSuitesSequentially(TestNG.java:1301)
	at org.testng.TestNG.runSuitesLocally(TestNG.java:1226)
	at org.testng.TestNG.runSuites(TestNG.java:1144)
	at org.testng.TestNG.run(TestNG.java:1115)
	at org.apache.maven.surefire.testng.TestNGExecutor.run(TestNGExecutor.java:135)
	at org.apache.maven.surefire.testng.TestNGDirectoryTestSuite.executeMulti(TestNGDirectoryTestSuite.java:193)
	at org.apache.maven.surefire.testng.TestNGDirectoryTestSuite.execute(TestNGDirectoryTestSuite.java:94)
	at org.apache.maven.surefire.testng.TestNGProvider.invoke(TestNGProvider.java:146)
	at org.apache.maven.surefire.booter.ForkedBooter.invokeProviderInSameClassLoader(ForkedBooter.java:386)
	at org.apache.maven.surefire.booter.ForkedBooter.runSuitesInProcess(ForkedBooter.java:323)
	at org.apache.maven.surefire.booter.ForkedBooter.main(ForkedBooter.java:143)
java.io.FileNotFoundException: /Users/b0216523/Documents/adtech/ADTECH-AUTOMATION/config/onboarding/onboardingTestData.properties (No such file or directory)
	at java.io.FileInputStream.open0(Native Method)
	at java.io.FileInputStream.open(FileInputStream.java:195)
	at java.io.FileInputStream.<init>(FileInputStream.java:138)
	at java.io.FileInputStream.<init>(FileInputStream.java:93)
	at com.airtel.teams.common.CommonApi.getTestDataConfigPropertyObject(CommonApi.java:650)
	at com.airtel.RestAssured.Adtech.Tests.billing.ReceiptTest.setEnvironment(ReceiptTest.java:89)
	at sun.reflect.NativeMethodAccessorImpl.invoke0(Native Method)
	at sun.reflect.NativeMethodAccessorImpl.invoke(NativeMethodAccessorImpl.java:62)
	at sun.reflect.DelegatingMethodAccessorImpl.invoke(DelegatingMethodAccessorImpl.java:43)
	at java.lang.reflect.Method.invoke(Method.java:498)
	at org.testng.internal.MethodInvocationHelper.invokeMethod(MethodInvocationHelper.java:108)
	at org.testng.internal.Invoker.invokeConfigurationMethod(Invoker.java:523)
	at org.testng.internal.Invoker.invokeConfigurations(Invoker.java:224)
	at org.testng.internal.Invoker.invokeConfigurations(Invoker.java:146)
	at org.testng.internal.TestMethodWorker.invokeBeforeClassMethods(TestMethodWorker.java:166)
	at org.testng.internal.TestMethodWorker.run(TestMethodWorker.java:105)
	at org.testng.TestRunner.privateRun(TestRunner.java:744)
	at org.testng.TestRunner.run(TestRunner.java:602)
	at org.testng.SuiteRunner.runTest(SuiteRunner.java:380)
	at org.testng.SuiteRunner.runSequentially(SuiteRunner.java:375)
	at org.testng.SuiteRunner.privateRun(SuiteRunner.java:340)
	at org.testng.SuiteRunner.run(SuiteRunner.java:289)
	at org.testng.SuiteRunnerWorker.runSuite(SuiteRunnerWorker.java:52)
	at org.testng.SuiteRunnerWorker.run(SuiteRunnerWorker.java:86)
	at org.testng.TestNG.runSuitesSequentially(TestNG.java:1301)
	at org.testng.TestNG.runSuitesLocally(TestNG.java:1226)
	at org.testng.TestNG.runSuites(TestNG.java:1144)
	at org.testng.TestNG.run(TestNG.java:1115)
	at org.apache.maven.surefire.testng.TestNGExecutor.run(TestNGExecutor.java:135)
	at org.apache.maven.surefire.testng.TestNGDirectoryTestSuite.executeMulti(TestNGDirectoryTestSuite.java:193)
	at org.apache.maven.surefire.testng.TestNGDirectoryTestSuite.execute(TestNGDirectoryTestSuite.java:94)
	at org.apache.maven.surefire.testng.TestNGProvider.invoke(TestNGProvider.java:146)
	at org.apache.maven.surefire.booter.ForkedBooter.invokeProviderInSameClassLoader(ForkedBooter.java:386)
	at org.apache.maven.surefire.booter.ForkedBooter.runSuitesInProcess(ForkedBooter.java:323)
	at org.apache.maven.surefire.booter.ForkedBooter.main(ForkedBooter.java:143)
java.io.FileNotFoundException: /Users/b0216523/Documents/adtech/ADTECH-AUTOMATION/config/payment/paymentTestData.properties (No such file or directory)
	at java.io.FileInputStream.open0(Native Method)
	at java.io.FileInputStream.open(FileInputStream.java:195)
	at java.io.FileInputStream.<init>(FileInputStream.java:138)
	at java.io.FileInputStream.<init>(FileInputStream.java:93)
	at com.airtel.teams.common.CommonApi.getTestDataConfigPropertyObject(CommonApi.java:650)
	at com.airtel.RestAssured.Adtech.Tests.billing.ReceiptTest.setEnvironment(ReceiptTest.java:91)
	at sun.reflect.NativeMethodAccessorImpl.invoke0(Native Method)
	at sun.reflect.NativeMethodAccessorImpl.invoke(NativeMethodAccessorImpl.java:62)
	at sun.reflect.DelegatingMethodAccessorImpl.invoke(DelegatingMethodAccessorImpl.java:43)
	at java.lang.reflect.Method.invoke(Method.java:498)
	at org.testng.internal.MethodInvocationHelper.invokeMethod(MethodInvocationHelper.java:108)
	at org.testng.internal.Invoker.invokeConfigurationMethod(Invoker.java:523)
	at org.testng.internal.Invoker.invokeConfigurations(Invoker.java:224)
	at org.testng.internal.Invoker.invokeConfigurations(Invoker.java:146)
	at org.testng.internal.TestMethodWorker.invokeBeforeClassMethods(TestMethodWorker.java:166)
	at org.testng.internal.TestMethodWorker.run(TestMethodWorker.java:105)
	at org.testng.TestRunner.privateRun(TestRunner.java:744)
	at org.testng.TestRunner.run(TestRunner.java:602)
	at org.testng.SuiteRunner.runTest(SuiteRunner.java:380)
	at org.testng.SuiteRunner.runSequentially(SuiteRunner.java:375)
	at org.testng.SuiteRunner.privateRun(SuiteRunner.java:340)
	at org.testng.SuiteRunner.run(SuiteRunner.java:289)
	at org.testng.SuiteRunnerWorker.runSuite(SuiteRunnerWorker.java:52)
	at org.testng.SuiteRunnerWorker.run(SuiteRunnerWorker.java:86)
	at org.testng.TestNG.runSuitesSequentially(TestNG.java:1301)
	at org.testng.TestNG.runSuitesLocally(TestNG.java:1226)
	at org.testng.TestNG.runSuites(TestNG.java:1144)
	at org.testng.TestNG.run(TestNG.java:1115)
	at org.apache.maven.surefire.testng.TestNGExecutor.run(TestNGExecutor.java:135)
	at org.apache.maven.surefire.testng.TestNGDirectoryTestSuite.executeMulti(TestNGDirectoryTestSuite.java:193)
	at org.apache.maven.surefire.testng.TestNGDirectoryTestSuite.execute(TestNGDirectoryTestSuite.java:94)
	at org.apache.maven.surefire.testng.TestNGProvider.invoke(TestNGProvider.java:146)
	at org.apache.maven.surefire.booter.ForkedBooter.invokeProviderInSameClassLoader(ForkedBooter.java:386)
	at org.apache.maven.surefire.booter.ForkedBooter.runSuitesInProcess(ForkedBooter.java:323)
	at org.apache.maven.surefire.booter.ForkedBooter.main(ForkedBooter.java:143)
]]></system-err>
  </testcase>
  <testcase name="createUserCompany" classname="com.airtel.RestAssured.Adtech.Tests.billing.ReceiptTest" time="0">
    <skipped/>
  </testcase>
  <testcase name="createUserCompany" classname="com.airtel.RestAssured.Adtech.Tests.billing.ReceiptTest" time="0">
    <skipped/>
  </testcase>
  <testcase name="createUserCompany" classname="com.airtel.RestAssured.Adtech.Tests.billing.ReceiptTest" time="0">
    <skipped/>
  </testcase>
  <testcase name="createUserCompany" classname="com.airtel.RestAssured.Adtech.Tests.billing.ReceiptTest" time="0">
    <skipped/>
  </testcase>
  <testcase name="createUserCompany" classname="com.airtel.RestAssured.Adtech.Tests.billing.ReceiptTest" time="0">
    <skipped/>
  </testcase>
  <testcase name="createUserCompany" classname="com.airtel.RestAssured.Adtech.Tests.billing.ReceiptTest" time="0">
    <skipped/>
  </testcase>
  <testcase name="createUserCompany" classname="com.airtel.RestAssured.Adtech.Tests.billing.ReceiptTest" time="0">
    <skipped/>
  </testcase>
  <testcase name="createUserCompany" classname="com.airtel.RestAssured.Adtech.Tests.billing.ReceiptTest" time="0">
    <skipped/>
  </testcase>
  <testcase name="createUserCompany" classname="com.airtel.RestAssured.Adtech.Tests.billing.ReceiptTest" time="0">
    <skipped/>
  </testcase>
  <testcase name="createUserCompany" classname="com.airtel.RestAssured.Adtech.Tests.billing.ReceiptTest" time="0">
    <skipped/>
  </testcase>
  <testcase name="createUserCompany" classname="com.airtel.RestAssured.Adtech.Tests.billing.ReceiptTest" time="0">
    <skipped/>
  </testcase>
  <testcase name="createUserCompany" classname="com.airtel.RestAssured.Adtech.Tests.billing.ReceiptTest" time="0">
    <skipped/>
  </testcase>
  <testcase name="createUserCompany" classname="com.airtel.RestAssured.Adtech.Tests.billing.ReceiptTest" time="0">
    <skipped/>
  </testcase>
  <testcase name="createUserCompany" classname="com.airtel.RestAssured.Adtech.Tests.billing.ReceiptTest" time="0">
    <skipped/>
  </testcase>
  <testcase name="validateInitiatePaymentSuccess" classname="com.airtel.RestAssured.Adtech.Tests.billing.ReceiptTest" time="0">
    <skipped/>
  </testcase>
  <testcase name="createUserCompany" classname="com.airtel.RestAssured.Adtech.Tests.sms.TestSMSApiTest" time="2,283.128">
    <failure type="java.lang.NullPointerException">java.lang.NullPointerException
	at com.airtel.RestAssured.Adtech.Tests.sms.TestSMSApiTest.createUserCompany(TestSMSApiTest.java:91)
</failure>
    <system-err><![CDATA[java.io.FileNotFoundException: /Users/b0216523/Documents/adtech/ADTECH-AUTOMATION/config/onboarding/onboardingTestData.properties (No such file or directory)
	at java.io.FileInputStream.open0(Native Method)
	at java.io.FileInputStream.open(FileInputStream.java:195)
	at java.io.FileInputStream.<init>(FileInputStream.java:138)
	at java.io.FileInputStream.<init>(FileInputStream.java:93)
	at com.airtel.teams.common.CommonApi.getTestDataConfigPropertyObject(CommonApi.java:650)
	at com.airtel.RestAssured.Adtech.Tests.sms.TestSMSApiTest.setEnvironment(TestSMSApiTest.java:64)
	at sun.reflect.NativeMethodAccessorImpl.invoke0(Native Method)
	at sun.reflect.NativeMethodAccessorImpl.invoke(NativeMethodAccessorImpl.java:62)
	at sun.reflect.DelegatingMethodAccessorImpl.invoke(DelegatingMethodAccessorImpl.java:43)
	at java.lang.reflect.Method.invoke(Method.java:498)
	at org.testng.internal.MethodInvocationHelper.invokeMethod(MethodInvocationHelper.java:108)
	at org.testng.internal.Invoker.invokeConfigurationMethod(Invoker.java:523)
	at org.testng.internal.Invoker.invokeConfigurations(Invoker.java:224)
	at org.testng.internal.Invoker.invokeConfigurations(Invoker.java:146)
	at org.testng.internal.TestMethodWorker.invokeBeforeClassMethods(TestMethodWorker.java:166)
	at org.testng.internal.TestMethodWorker.run(TestMethodWorker.java:105)
	at org.testng.TestRunner.privateRun(TestRunner.java:744)
	at org.testng.TestRunner.run(TestRunner.java:602)
	at org.testng.SuiteRunner.runTest(SuiteRunner.java:380)
	at org.testng.SuiteRunner.runSequentially(SuiteRunner.java:375)
	at org.testng.SuiteRunner.privateRun(SuiteRunner.java:340)
	at org.testng.SuiteRunner.run(SuiteRunner.java:289)
	at org.testng.SuiteRunnerWorker.runSuite(SuiteRunnerWorker.java:52)
	at org.testng.SuiteRunnerWorker.run(SuiteRunnerWorker.java:86)
	at org.testng.TestNG.runSuitesSequentially(TestNG.java:1301)
	at org.testng.TestNG.runSuitesLocally(TestNG.java:1226)
	at org.testng.TestNG.runSuites(TestNG.java:1144)
	at org.testng.TestNG.run(TestNG.java:1115)
	at org.apache.maven.surefire.testng.TestNGExecutor.run(TestNGExecutor.java:135)
	at org.apache.maven.surefire.testng.TestNGDirectoryTestSuite.executeMulti(TestNGDirectoryTestSuite.java:193)
	at org.apache.maven.surefire.testng.TestNGDirectoryTestSuite.execute(TestNGDirectoryTestSuite.java:94)
	at org.apache.maven.surefire.testng.TestNGProvider.invoke(TestNGProvider.java:146)
	at org.apache.maven.surefire.booter.ForkedBooter.invokeProviderInSameClassLoader(ForkedBooter.java:386)
	at org.apache.maven.surefire.booter.ForkedBooter.runSuitesInProcess(ForkedBooter.java:323)
	at org.apache.maven.surefire.booter.ForkedBooter.main(ForkedBooter.java:143)
]]></system-err>
  </testcase>
  <testcase name="createUserCompany" classname="com.airtel.RestAssured.Adtech.Tests.sms.TestSMSApiTest" time="0">
    <skipped/>
  </testcase>
  <testcase name="createUserCompany" classname="com.airtel.RestAssured.Adtech.Tests.sms.TestSMSApiTest" time="0">
    <skipped/>
  </testcase>
  <testcase name="createUserCompany" classname="com.airtel.RestAssured.Adtech.Tests.sms.TestSMSApiTest" time="0">
    <skipped/>
  </testcase>
  <testcase name="createUserCompany" classname="com.airtel.RestAssured.Adtech.Tests.sms.TestSMSApiTest" time="0">
    <skipped/>
  </testcase>
  <testcase name="createUserCompany" classname="com.airtel.RestAssured.Adtech.Tests.sms.TestSMSApiTest" time="0">
    <skipped/>
  </testcase>
  <testcase name="createUserCompany" classname="com.airtel.RestAssured.Adtech.Tests.sms.TestSMSApiTest" time="0">
    <skipped/>
  </testcase>
  <testcase name="createUserCompany" classname="com.airtel.RestAssured.Adtech.Tests.sms.TestSMSApiTest" time="0">
    <skipped/>
  </testcase>
  <testcase name="createUserCompany" classname="com.airtel.RestAssured.Adtech.Tests.sms.TestSMSApiTest" time="0">
    <skipped/>
  </testcase>
  <testcase name="createUserCompany" classname="com.airtel.RestAssured.Adtech.Tests.sms.TestSMSApiTest" time="0">
    <skipped/>
  </testcase>
  <testcase name="createUserCompany" classname="com.airtel.RestAssured.Adtech.Tests.sms.TestSMSApiTest" time="0">
    <skipped/>
  </testcase>
  <testcase name="testSMSSend" classname="com.airtel.RestAssured.Adtech.Tests.sms.TestSMSApiTest" time="0">
    <skipped/>
  </testcase>
  <testcase name="submitCampaignandValidatewithPan" classname="com.airtel.RestAssured.Adtech.Tests.sms.CampaignTest" time="0">
    <skipped/>
  </testcase>
  <testcase name="registerDLTwithPeid" classname="com.airtel.RestAssured.Adtech.Tests.sms.SmsDLTTest" time="0">
    <skipped/>
  </testcase>
  <testcase name="dltListByPageLimitAndSort" classname="com.airtel.RestAssured.Adtech.Tests.sms.AdminTest" time="0">
    <skipped/>
  </testcase>
  <testcase name="fetchAnalyticsAdmin" classname="com.airtel.RestAssured.Adtech.Tests.sms.AnalyticsTimeSlotTest" time="0">
    <skipped message="Method AnalyticsTimeSlotTest.fetchAnalyticsAdmin()[pri:2, instance:com.airtel.RestAssured.Adtech.Tests.sms.AnalyticsTimeSlotTest@5aebe890] depends on not successfully finished methods"/>
  </testcase>
  <testcase name="fetchInvoiceAfterValidatePayment" classname="com.airtel.RestAssured.Adtech.Tests.billing.InvoiceTest" time="0">
    <skipped/>
  </testcase>
  <testcase name="validateInitiatePaymentFailure" classname="com.airtel.RestAssured.Adtech.Tests.billing.ReceiptTest" time="0">
    <skipped/>
  </testcase>
  <testcase name="testSMSWithDraftStatus" classname="com.airtel.RestAssured.Adtech.Tests.sms.TestSMSApiTest" time="0">
    <skipped/>
  </testcase>
  <testcase name="registerNewTemplatewithDLT" classname="com.airtel.RestAssured.Adtech.Tests.sms.CampaignTest" time="0">
    <skipped/>
  </testcase>
  <testcase name="registerDltwithDraftStatus" classname="com.airtel.RestAssured.Adtech.Tests.sms.SmsDLTTest" time="0">
    <skipped/>
  </testcase>
  <testcase name="campaignListWithZeroPageNo" classname="com.airtel.RestAssured.Adtech.Tests.sms.AdminTest" time="0">
    <skipped/>
  </testcase>
  <testcase name="fetchInvoiceForInvalidPayment" classname="com.airtel.RestAssured.Adtech.Tests.billing.InvoiceTest" time="0">
    <skipped/>
  </testcase>
  <testcase name="initiatePaymentwithInvalidAmount" classname="com.airtel.RestAssured.Adtech.Tests.billing.ReceiptTest" time="0">
    <skipped/>
  </testcase>
  <testcase name="testSMSWithSubmittedStatus" classname="com.airtel.RestAssured.Adtech.Tests.sms.TestSMSApiTest" time="0">
    <skipped/>
  </testcase>
  <testcase name="verifyTimeSlotPositiveCase" classname="com.airtel.RestAssured.Adtech.Tests.sms.AnalyticsTimeSlotTest" time="0">
    <skipped/>
  </testcase>
  <testcase name="fetchandSubmitCampaign" classname="com.airtel.RestAssured.Adtech.Tests.sms.CampaignTest" time="0">
    <skipped/>
  </testcase>
  <testcase name="registerDltandCampaignwithDraftStatus" classname="com.airtel.RestAssured.Adtech.Tests.sms.SmsDLTTest" time="0">
    <skipped/>
  </testcase>
  <testcase name="dltListWithMaxPageNo" classname="com.airtel.RestAssured.Adtech.Tests.sms.AdminTest" time="0">
    <skipped/>
  </testcase>
  <testcase name="invalidTimeSlot" classname="com.airtel.RestAssured.Adtech.Tests.sms.AnalyticsTimeSlotTest" time="0">
    <skipped/>
  </testcase>
  <testcase name="fetchInvoiceWithoutCloseFlag" classname="com.airtel.RestAssured.Adtech.Tests.billing.InvoiceTest" time="0">
    <skipped/>
  </testcase>
  <testcase name="initiatePaymentOnPartialPaidInvoice" classname="com.airtel.RestAssured.Adtech.Tests.billing.ReceiptTest" time="0">
    <skipped/>
  </testcase>
  <testcase name="testSMSwithMultipleTemplates" classname="com.airtel.RestAssured.Adtech.Tests.sms.TestSMSApiTest" time="0">
    <skipped/>
  </testcase>
  <testcase name="updateExistingCampaign" classname="com.airtel.RestAssured.Adtech.Tests.sms.CampaignTest" time="0">
    <skipped/>
  </testcase>
  <testcase name="validateCampaignandDLTWithSubmittedStatus" classname="com.airtel.RestAssured.Adtech.Tests.sms.SmsDLTTest" time="0">
    <skipped/>
  </testcase>
  <testcase name="campaignListWithZeroLimit" classname="com.airtel.RestAssured.Adtech.Tests.sms.AdminTest" time="0">
    <skipped/>
  </testcase>
  <testcase name="initiatePaymentWithInvalidEvent" classname="com.airtel.RestAssured.Adtech.Tests.billing.ReceiptTest" time="0">
    <skipped/>
  </testcase>
  <testcase name="testSMSTrackCount" classname="com.airtel.RestAssured.Adtech.Tests.sms.TestSMSApiTest" time="0">
    <skipped/>
  </testcase>
  <testcase name="invalidTimeSlotFormat" classname="com.airtel.RestAssured.Adtech.Tests.sms.AnalyticsTimeSlotTest" time="0">
    <skipped/>
  </testcase>
  <testcase name="multipleCampaignWithDLTapproved" classname="com.airtel.RestAssured.Adtech.Tests.sms.CampaignTest" time="0">
    <skipped/>
  </testcase>
  <testcase name="approveandverifyCampignandDLTwithPeid" classname="com.airtel.RestAssured.Adtech.Tests.sms.SmsDLTTest" time="0">
    <skipped/>
  </testcase>
  <testcase name="campaignListWithNullLimit" classname="com.airtel.RestAssured.Adtech.Tests.sms.AdminTest" time="0">
    <skipped/>
  </testcase>
  <testcase name="fetchInvoiceAfterFailurePayment" classname="com.airtel.RestAssured.Adtech.Tests.billing.InvoiceTest" time="0">
    <skipped/>
  </testcase>
  <testcase name="initiatePaymentWithMultipleInvoices" classname="com.airtel.RestAssured.Adtech.Tests.billing.ReceiptTest" time="0">
    <skipped/>
  </testcase>
  <testcase name="testSMSExpiryDate" classname="com.airtel.RestAssured.Adtech.Tests.sms.TestSMSApiTest" time="0">
    <skipped/>
  </testcase>
  <testcase name="timeSlotAfterNine" classname="com.airtel.RestAssured.Adtech.Tests.sms.AnalyticsTimeSlotTest" time="0">
    <skipped/>
  </testcase>
  <testcase name="multiCampaignswithSubmittedStatus" classname="com.airtel.RestAssured.Adtech.Tests.sms.CampaignTest" time="0">
    <skipped/>
  </testcase>
  <testcase name="approveandverifyCampignandDLTwithPan" classname="com.airtel.RestAssured.Adtech.Tests.sms.SmsDLTTest" time="0">
    <skipped/>
  </testcase>
  <testcase name="campaignListWithNullOffset" classname="com.airtel.RestAssured.Adtech.Tests.sms.AdminTest" time="0">
    <skipped/>
  </testcase>
  <testcase name="fetchReceipts" classname="com.airtel.RestAssured.Adtech.Tests.billing.InvoiceTest" time="0">
    <skipped/>
  </testcase>
  <testcase name="testSMSIncorrectTemplateId" classname="com.airtel.RestAssured.Adtech.Tests.sms.TestSMSApiTest" time="0">
    <skipped/>
  </testcase>
  <testcase name="timeSlotWithTweleveHourWindow" classname="com.airtel.RestAssured.Adtech.Tests.sms.AnalyticsTimeSlotTest" time="0">
    <skipped/>
  </testcase>
  <testcase name="createOrderWithoutDLT" classname="com.airtel.RestAssured.Adtech.Tests.sms.CampaignTest" time="0">
    <skipped/>
  </testcase>
  <testcase name="verifyPeidWithInvalidData" classname="com.airtel.RestAssured.Adtech.Tests.sms.SmsDLTTest" time="0">
    <skipped/>
  </testcase>
  <testcase name="campaignListByPageLimitAndSortDesc" classname="com.airtel.RestAssured.Adtech.Tests.sms.AdminTest" time="0">
    <skipped/>
  </testcase>
  <testcase name="fetchTransaction" classname="com.airtel.RestAssured.Adtech.Tests.billing.InvoiceTest" time="0">
    <skipped/>
  </testcase>
  <testcase name="verifyValidateAPITwice" classname="com.airtel.RestAssured.Adtech.Tests.billing.ReceiptTest" time="0">
    <skipped/>
  </testcase>
  <testcase name="testSMSIncorrectHeaderId" classname="com.airtel.RestAssured.Adtech.Tests.sms.TestSMSApiTest" time="0">
    <skipped/>
  </testcase>
  <testcase name="outdatedCampaignDuration" classname="com.airtel.RestAssured.Adtech.Tests.sms.AnalyticsTimeSlotTest" time="0">
    <skipped/>
  </testcase>
  <testcase name="orderwithInvalidIndustry" classname="com.airtel.RestAssured.Adtech.Tests.sms.CampaignTest" time="0">
    <skipped/>
  </testcase>
  <testcase name="registerDltMultipleTimeswithSingleUser" classname="com.airtel.RestAssured.Adtech.Tests.sms.SmsDLTTest" time="0">
    <skipped/>
  </testcase>
  <testcase name="getCampaignSearchWithTitle" classname="com.airtel.RestAssured.Adtech.Tests.sms.AdminTest" time="0">
    <skipped/>
  </testcase>
  <testcase name="verifyTdsNegValue" classname="com.airtel.RestAssured.Adtech.Tests.billing.InvoiceTest" time="0">
    <skipped/>
  </testcase>
  <testcase name="initiatePaymentOnProceesedStatus" classname="com.airtel.RestAssured.Adtech.Tests.billing.ReceiptTest" time="0">
    <skipped/>
  </testcase>
  <testcase name="testSMSIncorrectTemplateContent" classname="com.airtel.RestAssured.Adtech.Tests.sms.TestSMSApiTest" time="0">
    <skipped/>
  </testcase>
  <testcase name="futureDatedCampaignDuration" classname="com.airtel.RestAssured.Adtech.Tests.sms.AnalyticsTimeSlotTest" time="0">
    <skipped/>
  </testcase>
  <testcase name="createCamapignwithCurrentDate" classname="com.airtel.RestAssured.Adtech.Tests.sms.CampaignTest" time="0">
    <skipped/>
  </testcase>
  <testcase name="headerIdwithMultipleTemplates" classname="com.airtel.RestAssured.Adtech.Tests.sms.SmsDLTTest" time="0">
    <skipped/>
  </testcase>
  <testcase name="getDLTSearchWithCompany" classname="com.airtel.RestAssured.Adtech.Tests.sms.AdminTest" time="0">
    <skipped/>
  </testcase>
  <testcase name="verifyTdsuptoThreeDecimcalValue" classname="com.airtel.RestAssured.Adtech.Tests.billing.InvoiceTest" time="0">
    <skipped/>
  </testcase>
  <testcase name="validateInvoiceAndReceipt" classname="com.airtel.RestAssured.Adtech.Tests.billing.ReceiptTest" time="0">
    <skipped/>
  </testcase>
  <testcase name="testSMSBlankBody" classname="com.airtel.RestAssured.Adtech.Tests.sms.TestSMSApiTest" time="0">
    <skipped/>
  </testcase>
  <testcase name="validateLinkTracking" classname="com.airtel.RestAssured.Adtech.Tests.sms.AnalyticsTimeSlotTest" time="0">
    <skipped/>
  </testcase>
  <testcase name="createCamapignwithIncorrectTemplateId" classname="com.airtel.RestAssured.Adtech.Tests.sms.CampaignTest" time="0">
    <skipped/>
  </testcase>
  <testcase name="sendOtp" classname="com.airtel.RestAssured.Adtech.Tests.sms.SmsDLTTest" time="0">
    <skipped/>
  </testcase>
  <testcase name="getCampaignByPartialTemplateSearch" classname="com.airtel.RestAssured.Adtech.Tests.sms.AdminTest" time="0">
    <skipped/>
  </testcase>
  <testcase name="verifylinkScehdulerforApprovedOrders" classname="com.airtel.RestAssured.Adtech.Tests.sms.AnalyticsTimeSlotTest" time="0">
    <skipped/>
  </testcase>
  <testcase name="verifyTdsGreaterThanTenValue" classname="com.airtel.RestAssured.Adtech.Tests.billing.InvoiceTest" time="0">
    <skipped/>
  </testcase>
  <testcase name="validateInvoiceReceiptWithLessInvoiceAmount" classname="com.airtel.RestAssured.Adtech.Tests.billing.ReceiptTest" time="0">
    <skipped/>
  </testcase>
  <testcase name="testSMSInvalidPhoneNumber" classname="com.airtel.RestAssured.Adtech.Tests.sms.TestSMSApiTest" time="0">
    <skipped/>
  </testcase>
  <testcase name="calculateBudgetandcreateOrder" classname="com.airtel.RestAssured.Adtech.Tests.sms.CampaignTest" time="0">
    <skipped/>
  </testcase>
  <testcase name="verifyTdsuptoTwoDecimcalValue" classname="com.airtel.RestAssured.Adtech.Tests.billing.InvoiceTest" time="0">
    <skipped/>
  </testcase>
  <testcase name="validateOtp" classname="com.airtel.RestAssured.Adtech.Tests.sms.SmsDLTTest" time="0">
    <skipped/>
  </testcase>
  <testcase name="getDLTBySearchWithEmail" classname="com.airtel.RestAssured.Adtech.Tests.sms.AdminTest" time="0">
    <skipped/>
  </testcase>
  <testcase name="verifyReceiptsforMultipleInvoices" classname="com.airtel.RestAssured.Adtech.Tests.billing.ReceiptTest" time="0">
    <skipped/>
  </testcase>
  <testcase name="verifylinkSchedulerforValidityExpired" classname="com.airtel.RestAssured.Adtech.Tests.sms.AnalyticsTimeSlotTest" time="0">
    <skipped/>
  </testcase>
  <testcase name="orderWithInvalidIndustryinBudgetApi" classname="com.airtel.RestAssured.Adtech.Tests.sms.CampaignTest" time="0">
    <skipped/>
  </testcase>
  <testcase name="verifyTdsasNullValue" classname="com.airtel.RestAssured.Adtech.Tests.billing.InvoiceTest" time="0">
    <skipped/>
  </testcase>
  <testcase name="incorrectPanExtension" classname="com.airtel.RestAssured.Adtech.Tests.sms.SmsDLTTest" time="0">
    <skipped/>
  </testcase>
  <testcase name="getDLTByPartialSearchWithName" classname="com.airtel.RestAssured.Adtech.Tests.sms.AdminTest" time="0">
    <skipped/>
  </testcase>
  <testcase name="verifyReceiptsforMultipleInvoiceswithPendingReceipts" classname="com.airtel.RestAssured.Adtech.Tests.billing.ReceiptTest" time="0">
    <skipped/>
  </testcase>
  <testcase name="verifyIncorrectURlinSubmitCampaign" classname="com.airtel.RestAssured.Adtech.Tests.sms.AnalyticsTimeSlotTest" time="0">
    <skipped/>
  </testcase>
  <testcase name="verifySchedulerwithCompletedStatus" classname="com.airtel.RestAssured.Adtech.Tests.sms.CampaignTest" time="0">
    <skipped/>
  </testcase>
  <testcase name="verifyValidateAdtechBillingApi" classname="com.airtel.RestAssured.Adtech.Tests.billing.InvoiceTest" time="0">
    <skipped/>
  </testcase>
  <testcase name="getDLTByIncorrectSearch" classname="com.airtel.RestAssured.Adtech.Tests.sms.AdminTest" time="0">
    <skipped/>
  </testcase>
  <testcase name="verifyReceiptswithGreaterAmountThanInvoice" classname="com.airtel.RestAssured.Adtech.Tests.billing.ReceiptTest" time="0">
    <skipped/>
  </testcase>
  <testcase name="verifyValidityinDays" classname="com.airtel.RestAssured.Adtech.Tests.sms.AnalyticsTimeSlotTest" time="0">
    <skipped/>
  </testcase>
  <testcase name="verifySchedulerwithFailedStatus" classname="com.airtel.RestAssured.Adtech.Tests.sms.CampaignTest" time="0">
    <skipped/>
  </testcase>
  <testcase name="verifyTransactionStatus" classname="com.airtel.RestAssured.Adtech.Tests.billing.InvoiceTest" time="0">
    <skipped/>
  </testcase>
  <testcase name="verifyTagPeid" classname="com.airtel.RestAssured.Adtech.Tests.sms.AdminTest" time="0">
    <skipped/>
  </testcase>
  <testcase name="duplicateEvent" classname="com.airtel.RestAssured.Adtech.Tests.billing.ReceiptTest" time="0">
    <skipped/>
  </testcase>
  <testcase name="verifySchedulerwithDummyEvent" classname="com.airtel.RestAssured.Adtech.Tests.sms.CampaignTest" time="0">
    <skipped/>
  </testcase>
  <testcase name="verifyInitiatewithIncorrectCompany" classname="com.airtel.RestAssured.Adtech.Tests.billing.InvoiceTest" time="0">
    <skipped/>
  </testcase>
  <testcase name="verifyTagPeidInCampaign" classname="com.airtel.RestAssured.Adtech.Tests.sms.AdminTest" time="0">
    <skipped/>
  </testcase>
  <testcase name="verifySchedulerwithFileCreationEvent" classname="com.airtel.RestAssured.Adtech.Tests.sms.CampaignTest" time="0">
    <skipped/>
  </testcase>
  <testcase name="verifyInitiatewithIncorrectUserId" classname="com.airtel.RestAssured.Adtech.Tests.billing.InvoiceTest" time="0">
    <skipped/>
  </testcase>
  <testcase name="verifyTagPeidWithDraftDLT" classname="com.airtel.RestAssured.Adtech.Tests.sms.AdminTest" time="0">
    <skipped/>
  </testcase>
  <testcase name="fetchOrderListandValidate" classname="com.airtel.RestAssured.Adtech.Tests.sms.CampaignTest" time="0">
    <skipped/>
  </testcase>
  <testcase name="verifyInitiatewithoutUser" classname="com.airtel.RestAssured.Adtech.Tests.billing.InvoiceTest" time="0">
    <skipped/>
  </testcase>
  <testcase name="verifyTagPeidForDLTVerifiedStatus" classname="com.airtel.RestAssured.Adtech.Tests.sms.AdminTest" time="0">
    <skipped/>
  </testcase>
  <testcase name="createOrderWithMultipleHeaders" classname="com.airtel.RestAssured.Adtech.Tests.sms.CampaignTest" time="0">
    <skipped/>
  </testcase>
  <testcase name="verifyFetchDLTDetailswithPan" classname="com.airtel.RestAssured.Adtech.Tests.sms.AdminTest" time="0">
    <skipped/>
  </testcase>
  <testcase name="createOrderWithNewTemplate" classname="com.airtel.RestAssured.Adtech.Tests.sms.CampaignTest" time="0">
    <skipped/>
  </testcase>
  <testcase name="validateFetchDLTWithPeidCampaign" classname="com.airtel.RestAssured.Adtech.Tests.sms.AdminTest" time="0">
    <skipped/>
  </testcase>
  <testcase name="createOrderWithmultipleTemplatewithSingleHeader" classname="com.airtel.RestAssured.Adtech.Tests.sms.CampaignTest" time="0">
    <skipped/>
  </testcase>
  <testcase name="verifyNotifyUser" classname="com.airtel.RestAssured.Adtech.Tests.sms.AdminTest" time="0">
    <skipped/>
  </testcase>
  <testcase name="panOrderWithMultipleHeaders" classname="com.airtel.RestAssured.Adtech.Tests.sms.CampaignTest" time="0">
    <skipped/>
  </testcase>
  <testcase name="verifyNotifyUserWithoutPeid" classname="com.airtel.RestAssured.Adtech.Tests.sms.AdminTest" time="0">
    <skipped/>
  </testcase>
  <testcase name="panOrderWithNewTemplate" classname="com.airtel.RestAssured.Adtech.Tests.sms.CampaignTest" time="0">
    <skipped/>
  </testcase>
  <testcase name="verifyNotifyUserWithCampaign" classname="com.airtel.RestAssured.Adtech.Tests.sms.AdminTest" time="0">
    <skipped/>
  </testcase>
  <testcase name="registerHeaderWithoutDLT" classname="com.airtel.RestAssured.Adtech.Tests.sms.CampaignTest" time="0">
    <skipped/>
  </testcase>
  <testcase name="verifyAdminApproveDLTwithPan" classname="com.airtel.RestAssured.Adtech.Tests.sms.AdminTest" time="0">
    <skipped/>
  </testcase>
  <testcase name="cretaOrderWithUnregisteredHeader" classname="com.airtel.RestAssured.Adtech.Tests.sms.CampaignTest" time="0">
    <skipped/>
  </testcase>
  <testcase name="verifyAdminApproveDLTwithPeid" classname="com.airtel.RestAssured.Adtech.Tests.sms.AdminTest" time="0">
    <skipped/>
  </testcase>
  <testcase name="verifyRandomTemplatewithHeader" classname="com.airtel.RestAssured.Adtech.Tests.sms.CampaignTest" time="0">
    <skipped/>
  </testcase>
  <testcase name="verifyAdminApproveNewTemplate" classname="com.airtel.RestAssured.Adtech.Tests.sms.AdminTest" time="0">
    <skipped/>
  </testcase>
  <testcase name="verifyAdminApprovePanOrderWithNewTemplate" classname="com.airtel.RestAssured.Adtech.Tests.sms.AdminTest" time="0">
    <skipped/>
  </testcase>
  <testcase name="verifyAdminApproveDuplicateHeader" classname="com.airtel.RestAssured.Adtech.Tests.sms.AdminTest" time="0">
    <skipped/>
  </testcase>
  <testcase name="verifyDownloadFile" classname="com.airtel.RestAssured.Adtech.Tests.sms.AdminTest" time="0">
    <skipped/>
  </testcase>
  <testcase name="verifyDownloadFileNegative" classname="com.airtel.RestAssured.Adtech.Tests.sms.AdminTest" time="0">
    <skipped/>
  </testcase>
  <testcase name="verifySubmissionNullDateinFetchDLT" classname="com.airtel.RestAssured.Adtech.Tests.sms.AdminTest" time="0">
    <skipped/>
  </testcase>
  <testcase name="reviseDLTandUpdateDoc" classname="com.airtel.RestAssured.Adtech.Tests.sms.AdminTest" time="0">
    <skipped/>
  </testcase>
  <testcase name="reviseandUpdateCampaign" classname="com.airtel.RestAssured.Adtech.Tests.sms.AdminTest" time="0">
    <skipped/>
  </testcase>
  <testcase name="reviseDLTVerified" classname="com.airtel.RestAssured.Adtech.Tests.sms.AdminTest" time="0">
    <skipped/>
  </testcase>
  <testcase name="reviseDLTDraft" classname="com.airtel.RestAssured.Adtech.Tests.sms.AdminTest" time="0">
    <skipped/>
  </testcase>
  <testcase name="reviseCampaignDraft" classname="com.airtel.RestAssured.Adtech.Tests.sms.AdminTest" time="0">
    <skipped/>
  </testcase>
  <testcase name="revisecampaignApproved" classname="com.airtel.RestAssured.Adtech.Tests.sms.AdminTest" time="0">
    <skipped/>
  </testcase>
</testsuite>