-------------------------------------------------------------------------------
Test set: TestSuite
-------------------------------------------------------------------------------
Tests run: 277, Failures: 10, Errors: 0, Skipped: 266, Time elapsed: 2,636.345 s <<< FAILURE! - in TestSuite
createUserCompany(com.airtel.RestAssured.Adtech.Tests.sms.AudienceTest)  Time elapsed: 350.013 s  <<< FAILURE!
java.lang.NullPointerException
	at com.airtel.RestAssured.Adtech.Tests.sms.AudienceTest.createUserCompany(AudienceTest.java:124)

demo(com.airtel.RestAssured.Adtech.Tests.sms.DemoTest)  Time elapsed: 0.397 s  <<< FAILURE!
java.lang.AssertionError: expected [true] but found [false]
	at com.airtel.RestAssured.Adtech.Tests.sms.DemoTest.demo(DemoTest.java:14)

demo(com.airtel.RestAssured.Adtech.Tests.sms.adconfigTest)  Time elapsed: 0.283 s  <<< FAILURE!
java.lang.AssertionError: expected [true] but found [false]
	at com.airtel.RestAssured.Adtech.Tests.sms.adconfigTest.demo(adconfigTest.java:30)

createUserCompany(com.airtel.RestAssured.Adtech.Tests.sms.CampaignTest)  Time elapsed: 482.779 s  <<< FAILURE!
java.lang.NullPointerException
	at com.airtel.RestAssured.Adtech.Tests.sms.CampaignTest.createUserCompany(CampaignTest.java:142)

createUserCompany(com.airtel.RestAssured.Adtech.Tests.sms.SmsDLTTest)  Time elapsed: 782.828 s  <<< FAILURE!
java.lang.NullPointerException
	at com.airtel.RestAssured.Adtech.Tests.sms.SmsDLTTest.createUserCompany(SmsDLTTest.java:124)

createUserCompany(com.airtel.RestAssured.Adtech.Tests.sms.AdminTest)  Time elapsed: 1,082.901 s  <<< FAILURE!
java.lang.NullPointerException
	at com.airtel.RestAssured.Adtech.Tests.sms.AdminTest.createUserCompany(AdminTest.java:156)

createUserCompany(com.airtel.RestAssured.Adtech.Tests.sms.AnalyticsTimeSlotTest)  Time elapsed: 1,382.959 s  <<< FAILURE!
java.lang.NullPointerException
	at com.airtel.RestAssured.Adtech.Tests.sms.AnalyticsTimeSlotTest.createUserCompany(AnalyticsTimeSlotTest.java:145)

createUserCompany(com.airtel.RestAssured.Adtech.Tests.billing.InvoiceTest)  Time elapsed: 1,683.034 s  <<< FAILURE!
java.lang.NullPointerException
	at com.airtel.RestAssured.Adtech.Tests.billing.InvoiceTest.createUserCompany(InvoiceTest.java:131)

setEnvironment(com.airtel.RestAssured.Adtech.Tests.billing.ReceiptTest)  Time elapsed: 1,983.078 s  <<< FAILURE!
java.lang.NullPointerException
	at com.airtel.RestAssured.Adtech.Tests.billing.ReceiptTest.setEnvironment(ReceiptTest.java:99)

createUserCompany(com.airtel.RestAssured.Adtech.Tests.sms.TestSMSApiTest)  Time elapsed: 2,283.128 s  <<< FAILURE!
java.lang.NullPointerException
	at com.airtel.RestAssured.Adtech.Tests.sms.TestSMSApiTest.createUserCompany(TestSMSApiTest.java:91)

